Flow report for adc
Thu Jan 17 15:01:14 2019
Quartus II 64-Bit Version 13.0.0 Build 156 04/24/2013 SJ Web Edition


---------------------
; Table of Contents ;
---------------------
  1. Legal Notice
  2. Flow Summary
  3. Flow Settings
  4. Flow Non-Default Global Settings
  5. Flow Elapsed Time
  6. Flow OS Summary
  7. Flow Log
  8. Flow Messages
  9. Flow Suppressed Messages



----------------
; Legal Notice ;
----------------
Copyright (C) 1991-2013 Altera Corporation
Your use of Altera Corporation's design tools, logic functions 
and other software and tools, and its AMPP partner logic 
functions, and any output files from any of the foregoing 
(including device programming or simulation files), and any 
associated documentation or information are expressly subject 
to the terms and conditions of the Altera Program License 
Subscription Agreement, Altera MegaCore Function License 
Agreement, or other applicable license agreement, including, 
without limitation, that your use is for the sole purpose of 
programming logic devices manufactured by Altera and sold by 
Altera or its authorized distributors.  Please refer to the 
applicable agreement for further details.



+---------------------------------------------------------------------------------+
; Flow Summary                                                                    ;
+------------------------------------+--------------------------------------------+
; Flow Status                        ; Successful - Thu Jan 17 15:01:14 2019      ;
; Quartus II 64-Bit Version          ; 13.0.0 Build 156 04/24/2013 SJ Web Edition ;
; Revision Name                      ; adc                                        ;
; Top-level Entity Name              ; ADC_dis                                    ;
; Family                             ; Cyclone IV E                               ;
; Device                             ; EP4CE22F17C8                               ;
; Timing Models                      ; Final                                      ;
; Total logic elements               ; 391 / 22,320 ( 2 % )                       ;
;     Total combinational functions  ; 388 / 22,320 ( 2 % )                       ;
;     Dedicated logic registers      ; 64 / 22,320 ( < 1 % )                      ;
; Total registers                    ; 64                                         ;
; Total pins                         ; 17 / 154 ( 11 % )                          ;
; Total virtual pins                 ; 0                                          ;
; Total memory bits                  ; 0 / 608,256 ( 0 % )                        ;
; Embedded Multiplier 9-bit elements ; 0 / 132 ( 0 % )                            ;
; Total PLLs                         ; 0 / 4 ( 0 % )                              ;
+------------------------------------+--------------------------------------------+


+-----------------------------------------+
; Flow Settings                           ;
+-------------------+---------------------+
; Option            ; Setting             ;
+-------------------+---------------------+
; Start date & time ; 01/17/2019 15:00:58 ;
; Main task         ; Compilation         ;
; Revision Name     ; adc                 ;
+-------------------+---------------------+


+-----------------------------------------------------------------------------------------------------------------------+
; Flow Non-Default Global Settings                                                                                      ;
+--------------------------------------+---------------------------------+---------------+-------------+----------------+
; Assignment Name                      ; Value                           ; Default Value ; Entity Name ; Section Id     ;
+--------------------------------------+---------------------------------+---------------+-------------+----------------+
; COMPILER_SIGNATURE_ID                ; 141812762490997.154770845815804 ; --            ; --          ; --             ;
; EDA_DESIGN_INSTANCE_NAME             ; i1                              ; --            ; --          ; ADC_dis        ;
; EDA_NATIVELINK_SIMULATION_TEST_BENCH ; ADC_dis                         ; --            ; --          ; eda_simulation ;
; EDA_OUTPUT_DATA_FORMAT               ; Verilog Hdl                     ; --            ; --          ; eda_simulation ;
; EDA_RUN_TOOL_AUTOMATICALLY           ; Off                             ; --            ; --          ; eda_simulation ;
; EDA_SIMULATION_TOOL                  ; ModelSim (Verilog)              ; <None>        ; --          ; --             ;
; EDA_TEST_BENCH_ENABLE_STATUS         ; TEST_BENCH_MODE                 ; --            ; --          ; eda_simulation ;
; EDA_TEST_BENCH_FILE                  ; simulation/modelsim/ADC_dis.vt  ; --            ; --          ; ADC_dis        ;
; EDA_TEST_BENCH_MODULE_NAME           ; ADC_dis_vlg_tst                 ; --            ; --          ; ADC_dis        ;
; EDA_TEST_BENCH_NAME                  ; ADC_dis                         ; --            ; --          ; eda_simulation ;
; EDA_TIME_SCALE                       ; 1 ns                            ; --            ; --          ; eda_simulation ;
; ENABLE_SIGNALTAP                     ; Off                             ; --            ; --          ; --             ;
; MAX_CORE_JUNCTION_TEMP               ; 85                              ; --            ; --          ; --             ;
; MIN_CORE_JUNCTION_TEMP               ; 0                               ; --            ; --          ; --             ;
; NOMINAL_CORE_SUPPLY_VOLTAGE          ; 1.2V                            ; --            ; --          ; --             ;
; PARTITION_COLOR                      ; 16764057                        ; --            ; ADC_dis     ; Top            ;
; PARTITION_FITTER_PRESERVATION_LEVEL  ; PLACEMENT_AND_ROUTING           ; --            ; ADC_dis     ; Top            ;
; PARTITION_NETLIST_TYPE               ; SOURCE                          ; --            ; ADC_dis     ; Top            ;
; TOP_LEVEL_ENTITY                     ; ADC_dis                         ; adc           ; --          ; --             ;
; USE_SIGNALTAP_FILE                   ; ADC.stp                         ; --            ; --          ; --             ;
+--------------------------------------+---------------------------------+---------------+-------------+----------------+


+-------------------------------------------------------------------------------------------------------------------------------+
; Flow Elapsed Time                                                                                                             ;
+---------------------------+--------------+-------------------------+---------------------+------------------------------------+
; Module Name               ; Elapsed Time ; Average Processors Used ; Peak Virtual Memory ; Total CPU Time (on all processors) ;
+---------------------------+--------------+-------------------------+---------------------+------------------------------------+
; Analysis & Synthesis      ; 00:00:02     ; 1.0                     ; 563 MB              ; 00:00:02                           ;
; Fitter                    ; 00:00:06     ; 4.3                     ; 1417 MB             ; 00:00:08                           ;
; Assembler                 ; 00:00:01     ; 1.0                     ; 479 MB              ; 00:00:01                           ;
; TimeQuest Timing Analyzer ; 00:00:02     ; 1.0                     ; 588 MB              ; 00:00:02                           ;
; EDA Netlist Writer        ; 00:00:01     ; 1.0                     ; 449 MB              ; 00:00:01                           ;
; Total                     ; 00:00:12     ; --                      ; --                  ; 00:00:14                           ;
+---------------------------+--------------+-------------------------+---------------------+------------------------------------+


+----------------------------------------------------------------------------------------+
; Flow OS Summary                                                                        ;
+---------------------------+------------------+-----------+------------+----------------+
; Module Name               ; Machine Hostname ; OS Name   ; OS Version ; Processor type ;
+---------------------------+------------------+-----------+------------+----------------+
; Analysis & Synthesis      ; glj              ; Windows 7 ; 6.2        ; x86_64         ;
; Fitter                    ; glj              ; Windows 7 ; 6.2        ; x86_64         ;
; Assembler                 ; glj              ; Windows 7 ; 6.2        ; x86_64         ;
; TimeQuest Timing Analyzer ; glj              ; Windows 7 ; 6.2        ; x86_64         ;
; EDA Netlist Writer        ; glj              ; Windows 7 ; 6.2        ; x86_64         ;
+---------------------------+------------------+-----------+------------+----------------+


------------
; Flow Log ;
------------
quartus_map --read_settings_files=on --write_settings_files=off adc -c adc
quartus_fit --read_settings_files=off --write_settings_files=off adc -c adc
quartus_asm --read_settings_files=off --write_settings_files=off adc -c adc
quartus_sta adc -c adc
quartus_eda --read_settings_files=off --write_settings_files=off adc -c adc



