Analysis & Synthesis report for lcd1602
Mon Mar 04 13:51:00 2019
Quartus II 64-Bit Version 13.0.0 Build 156 04/24/2013 SJ Web Edition


---------------------
; Table of Contents ;
---------------------
  1. Legal Notice
  2. Analysis & Synthesis Summary
  3. Analysis & Synthesis Settings
  4. Parallel Compilation
  5. Analysis & Synthesis Source Files Read
  6. Analysis & Synthesis Resource Usage Summary
  7. Analysis & Synthesis Resource Utilization by Entity
  8. Registers Removed During Synthesis
  9. Removed Registers Triggering Further Register Optimizations
 10. General Register Statistics
 11. Inverted Register Statistics
 12. Multiplexer Restructuring Statistics (Restructuring Performed)
 13. Parameter Settings for User Entity Instance: Top-level Entity: |top
 14. Parameter Settings for User Entity Instance: lcd1602:U5
 15. Port Connectivity Checks: "lcd1602:U5"
 16. Port Connectivity Checks: "ReceiveMessage_control:UU"
 17. Port Connectivity Checks: "clk_set:CLK_UART"
 18. Elapsed Time Per Partition
 19. Analysis & Synthesis Messages
 20. Analysis & Synthesis Suppressed Messages



----------------
; Legal Notice ;
----------------
Copyright (C) 1991-2013 Altera Corporation
Your use of Altera Corporation's design tools, logic functions 
and other software and tools, and its AMPP partner logic 
functions, and any output files from any of the foregoing 
(including device programming or simulation files), and any 
associated documentation or information are expressly subject 
to the terms and conditions of the Altera Program License 
Subscription Agreement, Altera MegaCore Function License 
Agreement, or other applicable license agreement, including, 
without limitation, that your use is for the sole purpose of 
programming logic devices manufactured by Altera and sold by 
Altera or its authorized distributors.  Please refer to the 
applicable agreement for further details.



+---------------------------------------------------------------------------------+
; Analysis & Synthesis Summary                                                    ;
+------------------------------------+--------------------------------------------+
; Analysis & Synthesis Status        ; Successful - Mon Mar 04 13:51:00 2019      ;
; Quartus II 64-Bit Version          ; 13.0.0 Build 156 04/24/2013 SJ Web Edition ;
; Revision Name                      ; lcd1602                                    ;
; Top-level Entity Name              ; top                                        ;
; Family                             ; Cyclone IV E                               ;
; Total logic elements               ; 832                                        ;
;     Total combinational functions  ; 830                                        ;
;     Dedicated logic registers      ; 522                                        ;
; Total registers                    ; 522                                        ;
; Total pins                         ; 17                                         ;
; Total virtual pins                 ; 0                                          ;
; Total memory bits                  ; 0                                          ;
; Embedded Multiplier 9-bit elements ; 0                                          ;
; Total PLLs                         ; 0                                          ;
+------------------------------------+--------------------------------------------+


+----------------------------------------------------------------------------------------------------------------------+
; Analysis & Synthesis Settings                                                                                        ;
+----------------------------------------------------------------------------+--------------------+--------------------+
; Option                                                                     ; Setting            ; Default Value      ;
+----------------------------------------------------------------------------+--------------------+--------------------+
; Device                                                                     ; EP4CE6E22C8        ;                    ;
; Top-level entity name                                                      ; top                ; lcd1602            ;
; Family name                                                                ; Cyclone IV E       ; Cyclone V          ;
; Maximum processors allowed for parallel compilation                        ; All                ;                    ;
; Use smart compilation                                                      ; Off                ; Off                ;
; Enable parallel Assembler and TimeQuest Timing Analyzer during compilation ; On                 ; On                 ;
; Enable compact report table                                                ; Off                ; Off                ;
; Restructure Multiplexers                                                   ; Auto               ; Auto               ;
; Create Debugging Nodes for IP Cores                                        ; Off                ; Off                ;
; Preserve fewer node names                                                  ; On                 ; On                 ;
; Disable OpenCore Plus hardware evaluation                                  ; Off                ; Off                ;
; Verilog Version                                                            ; Verilog_2001       ; Verilog_2001       ;
; VHDL Version                                                               ; VHDL_1993          ; VHDL_1993          ;
; State Machine Processing                                                   ; Auto               ; Auto               ;
; Safe State Machine                                                         ; Off                ; Off                ;
; Extract Verilog State Machines                                             ; On                 ; On                 ;
; Extract VHDL State Machines                                                ; On                 ; On                 ;
; Ignore Verilog initial constructs                                          ; Off                ; Off                ;
; Iteration limit for constant Verilog loops                                 ; 5000               ; 5000               ;
; Iteration limit for non-constant Verilog loops                             ; 250                ; 250                ;
; Add Pass-Through Logic to Inferred RAMs                                    ; On                 ; On                 ;
; Infer RAMs from Raw Logic                                                  ; On                 ; On                 ;
; Parallel Synthesis                                                         ; On                 ; On                 ;
; DSP Block Balancing                                                        ; Auto               ; Auto               ;
; NOT Gate Push-Back                                                         ; On                 ; On                 ;
; Power-Up Don't Care                                                        ; On                 ; On                 ;
; Remove Redundant Logic Cells                                               ; Off                ; Off                ;
; Remove Duplicate Registers                                                 ; On                 ; On                 ;
; Ignore CARRY Buffers                                                       ; Off                ; Off                ;
; Ignore CASCADE Buffers                                                     ; Off                ; Off                ;
; Ignore GLOBAL Buffers                                                      ; Off                ; Off                ;
; Ignore ROW GLOBAL Buffers                                                  ; Off                ; Off                ;
; Ignore LCELL Buffers                                                       ; Off                ; Off                ;
; Ignore SOFT Buffers                                                        ; On                 ; On                 ;
; Limit AHDL Integers to 32 Bits                                             ; Off                ; Off                ;
; Optimization Technique                                                     ; Balanced           ; Balanced           ;
; Carry Chain Length                                                         ; 70                 ; 70                 ;
; Auto Carry Chains                                                          ; On                 ; On                 ;
; Auto Open-Drain Pins                                                       ; On                 ; On                 ;
; Perform WYSIWYG Primitive Resynthesis                                      ; Off                ; Off                ;
; Auto ROM Replacement                                                       ; On                 ; On                 ;
; Auto RAM Replacement                                                       ; On                 ; On                 ;
; Auto DSP Block Replacement                                                 ; On                 ; On                 ;
; Auto Shift Register Replacement                                            ; Auto               ; Auto               ;
; Allow Shift Register Merging across Hierarchies                            ; Auto               ; Auto               ;
; Auto Clock Enable Replacement                                              ; On                 ; On                 ;
; Strict RAM Replacement                                                     ; Off                ; Off                ;
; Allow Synchronous Control Signals                                          ; On                 ; On                 ;
; Force Use of Synchronous Clear Signals                                     ; Off                ; Off                ;
; Auto RAM Block Balancing                                                   ; On                 ; On                 ;
; Auto RAM to Logic Cell Conversion                                          ; Off                ; Off                ;
; Auto Resource Sharing                                                      ; Off                ; Off                ;
; Allow Any RAM Size For Recognition                                         ; Off                ; Off                ;
; Allow Any ROM Size For Recognition                                         ; Off                ; Off                ;
; Allow Any Shift Register Size For Recognition                              ; Off                ; Off                ;
; Use LogicLock Constraints during Resource Balancing                        ; On                 ; On                 ;
; Ignore translate_off and synthesis_off directives                          ; Off                ; Off                ;
; Timing-Driven Synthesis                                                    ; On                 ; On                 ;
; Report Parameter Settings                                                  ; On                 ; On                 ;
; Report Source Assignments                                                  ; On                 ; On                 ;
; Report Connectivity Checks                                                 ; On                 ; On                 ;
; Ignore Maximum Fan-Out Assignments                                         ; Off                ; Off                ;
; Synchronization Register Chain Length                                      ; 2                  ; 2                  ;
; PowerPlay Power Optimization                                               ; Normal compilation ; Normal compilation ;
; HDL message level                                                          ; Level2             ; Level2             ;
; Suppress Register Optimization Related Messages                            ; Off                ; Off                ;
; Number of Removed Registers Reported in Synthesis Report                   ; 5000               ; 5000               ;
; Number of Swept Nodes Reported in Synthesis Report                         ; 5000               ; 5000               ;
; Number of Inverted Registers Reported in Synthesis Report                  ; 100                ; 100                ;
; Clock MUX Protection                                                       ; On                 ; On                 ;
; Auto Gated Clock Conversion                                                ; Off                ; Off                ;
; Block Design Naming                                                        ; Auto               ; Auto               ;
; SDC constraint protection                                                  ; Off                ; Off                ;
; Synthesis Effort                                                           ; Auto               ; Auto               ;
; Shift Register Replacement - Allow Asynchronous Clear Signal               ; On                 ; On                 ;
; Pre-Mapping Resynthesis Optimization                                       ; Off                ; Off                ;
; Analysis & Synthesis Message Level                                         ; Medium             ; Medium             ;
; Disable Register Merging Across Hierarchies                                ; Auto               ; Auto               ;
; Resource Aware Inference For Block RAM                                     ; On                 ; On                 ;
; Synthesis Seed                                                             ; 1                  ; 1                  ;
+----------------------------------------------------------------------------+--------------------+--------------------+


+------------------------------------------+
; Parallel Compilation                     ;
+----------------------------+-------------+
; Processors                 ; Number      ;
+----------------------------+-------------+
; Number detected on machine ; 6           ;
; Maximum allowed            ; 6           ;
;                            ;             ;
; Average used               ; 1.00        ;
; Maximum used               ; 6           ;
;                            ;             ;
; Usage by Processor         ; % Time Used ;
;     Processor 1            ; 100.0%      ;
;     Processors 2-6         ; < 0.1%      ;
+----------------------------+-------------+


+----------------------------------------------------------------------------------------------------------------------------------------------------------------------------------+
; Analysis & Synthesis Source Files Read                                                                                                                                           ;
+----------------------------------+-----------------+------------------------+------------------------------------------------------------------------------------------+---------+
; File Name with User-Entered Path ; Used in Netlist ; File Type              ; File Name with Absolute Path                                                             ; Library ;
+----------------------------------+-----------------+------------------------+------------------------------------------------------------------------------------------+---------+
; source/esp8266_encode.v          ; yes             ; User Verilog HDL File  ; D:/Data/git/Graduation project/Client/FPGA/Complete code/source/esp8266_encode.v         ;         ;
; source/esp8266_decode.v          ; yes             ; User Verilog HDL File  ; D:/Data/git/Graduation project/Client/FPGA/Complete code/source/esp8266_decode.v         ;         ;
; source/clk_set.v                 ; yes             ; User Verilog HDL File  ; D:/Data/git/Graduation project/Client/FPGA/Complete code/source/clk_set.v                ;         ;
; source/lcd1602.v                 ; yes             ; User Verilog HDL File  ; D:/Data/git/Graduation project/Client/FPGA/Complete code/source/lcd1602.v                ;         ;
; source/uart_tx.v                 ; yes             ; User Verilog HDL File  ; D:/Data/git/Graduation project/Client/FPGA/Complete code/source/uart_tx.v                ;         ;
; source/uart_rx.v                 ; yes             ; User Verilog HDL File  ; D:/Data/git/Graduation project/Client/FPGA/Complete code/source/uart_rx.v                ;         ;
; source/top.v                     ; yes             ; User Verilog HDL File  ; D:/Data/git/Graduation project/Client/FPGA/Complete code/source/top.v                    ;         ;
; source/ReceiveMessage_control.v  ; yes             ; User Verilog HDL File  ; D:/Data/git/Graduation project/Client/FPGA/Complete code/source/ReceiveMessage_control.v ;         ;
+----------------------------------+-----------------+------------------------+------------------------------------------------------------------------------------------+---------+


+-----------------------------------------------------------+
; Analysis & Synthesis Resource Usage Summary               ;
+---------------------------------------------+-------------+
; Resource                                    ; Usage       ;
+---------------------------------------------+-------------+
; Estimated Total logic elements              ; 832         ;
;                                             ;             ;
; Total combinational functions               ; 830         ;
; Logic element usage by number of LUT inputs ;             ;
;     -- 4 input functions                    ; 370         ;
;     -- 3 input functions                    ; 229         ;
;     -- <=2 input functions                  ; 231         ;
;                                             ;             ;
; Logic elements by mode                      ;             ;
;     -- normal mode                          ; 739         ;
;     -- arithmetic mode                      ; 91          ;
;                                             ;             ;
; Total registers                             ; 522         ;
;     -- Dedicated logic registers            ; 522         ;
;     -- I/O registers                        ; 0           ;
;                                             ;             ;
; I/O pins                                    ; 17          ;
; Embedded Multiplier 9-bit elements          ; 0           ;
; Maximum fan-out node                        ; rst_n~input ;
; Maximum fan-out                             ; 514         ;
; Total fan-out                               ; 4503        ;
; Average fan-out                             ; 3.25        ;
+---------------------------------------------+-------------+


+--------------------------------------------------------------------------------------------------------------------------------------------------------------------------------------------+
; Analysis & Synthesis Resource Utilization by Entity                                                                                                                                        ;
+--------------------------------+-------------------+--------------+-------------+--------------+---------+-----------+------+--------------+--------------------------------+--------------+
; Compilation Hierarchy Node     ; LC Combinationals ; LC Registers ; Memory Bits ; DSP Elements ; DSP 9x9 ; DSP 18x18 ; Pins ; Virtual Pins ; Full Hierarchy Name            ; Library Name ;
+--------------------------------+-------------------+--------------+-------------+--------------+---------+-----------+------+--------------+--------------------------------+--------------+
; |top                           ; 830 (0)           ; 522 (0)      ; 0           ; 0            ; 0       ; 0         ; 17   ; 0            ; |top                           ;              ;
;    |clk_set:CLK_UART|          ; 27 (27)           ; 17 (17)      ; 0           ; 0            ; 0       ; 0         ; 0    ; 0            ; |top|clk_set:CLK_UART          ;              ;
;    |esp8266_encode:encode|     ; 659 (659)         ; 442 (442)    ; 0           ; 0            ; 0       ; 0         ; 0    ; 0            ; |top|esp8266_encode:encode     ;              ;
;    |lcd1602:U5|                ; 98 (98)           ; 50 (50)      ; 0           ; 0            ; 0       ; 0         ; 0    ; 0            ; |top|lcd1602:U5                ;              ;
;    |uart_tx:module_tx_esp8266| ; 46 (46)           ; 13 (13)      ; 0           ; 0            ; 0       ; 0         ; 0    ; 0            ; |top|uart_tx:module_tx_esp8266 ;              ;
+--------------------------------+-------------------+--------------+-------------+--------------+---------+-----------+------+--------------+--------------------------------+--------------+
Note: For table entries with two numbers listed, the numbers in parentheses indicate the number of resources of the given type used by the specific entity alone. The numbers listed outside of parentheses indicate the total resources of the given type used by the specific entity and all of its sub-entities in the hierarchy.


+----------------------------------------------------------------------------------------------------------------------------------------------------------------------------------------------------------+
; Registers Removed During Synthesis                                                                                                                                                                       ;
+-------------------------------------------------------------------------------------------------------------------------------------------------------------+--------------------------------------------+
; Register name                                                                                                                                               ; Reason for Removal                         ;
+-------------------------------------------------------------------------------------------------------------------------------------------------------------+--------------------------------------------+
; lcd1602:U5|state1[7..11]                                                                                                                                    ; Stuck at GND due to stuck port data_in     ;
; esp8266_encode:encode|str1[1,3,5..8]                                                                                                                        ; Stuck at GND due to stuck port data_in     ;
; esp8266_encode:encode|str2[1,3,5..8]                                                                                                                        ; Stuck at GND due to stuck port data_in     ;
; esp8266_encode:encode|str1[24]                                                                                                                              ; Merged with esp8266_encode:encode|str1[23] ;
; esp8266_encode:encode|str1[14..16]                                                                                                                          ; Merged with esp8266_encode:encode|str1[13] ;
; esp8266_encode:encode|str1[9]                                                                                                                               ; Merged with esp8266_encode:encode|str1[11] ;
; esp8266_encode:encode|str1[4]                                                                                                                               ; Merged with esp8266_encode:encode|str1[2]  ;
; esp8266_encode:encode|str2[38]                                                                                                                              ; Merged with esp8266_encode:encode|str2[37] ;
; esp8266_encode:encode|str2[30]                                                                                                                              ; Merged with esp8266_encode:encode|str2[29] ;
; esp8266_encode:encode|str2[22]                                                                                                                              ; Merged with esp8266_encode:encode|str2[21] ;
; esp8266_encode:encode|str2[14..16]                                                                                                                          ; Merged with esp8266_encode:encode|str2[13] ;
; esp8266_encode:encode|str2[9]                                                                                                                               ; Merged with esp8266_encode:encode|str2[11] ;
; esp8266_encode:encode|str2[4]                                                                                                                               ; Merged with esp8266_encode:encode|str2[2]  ;
; esp8266_encode:encode|str1[13]                                                                                                                              ; Stuck at GND due to stuck port data_in     ;
; esp8266_encode:encode|str2[13]                                                                                                                              ; Stuck at GND due to stuck port data_in     ;
; esp8266_encode:encode|str1[23]                                                                                                                              ; Stuck at GND due to stuck port data_in     ;
; esp8266_encode:encode|str2[24]                                                                                                                              ; Stuck at GND due to stuck port data_in     ;
; esp8266_encode:encode|str1[32]                                                                                                                              ; Stuck at GND due to stuck port data_in     ;
; esp8266_encode:encode|str2[32]                                                                                                                              ; Stuck at GND due to stuck port data_in     ;
; esp8266_encode:encode|str1[40]                                                                                                                              ; Stuck at GND due to stuck port data_in     ;
; esp8266_encode:encode|str2[40]                                                                                                                              ; Stuck at GND due to stuck port data_in     ;
; esp8266_encode:encode|str1[48]                                                                                                                              ; Stuck at GND due to stuck port data_in     ;
; esp8266_encode:encode|str2[48]                                                                                                                              ; Stuck at GND due to stuck port data_in     ;
; esp8266_encode:encode|str1[56]                                                                                                                              ; Stuck at GND due to stuck port data_in     ;
; esp8266_encode:encode|str2[56]                                                                                                                              ; Stuck at GND due to stuck port data_in     ;
; esp8266_encode:encode|str1[64]                                                                                                                              ; Stuck at GND due to stuck port data_in     ;
; esp8266_encode:encode|str2[64]                                                                                                                              ; Stuck at GND due to stuck port data_in     ;
; esp8266_encode:encode|str1[72]                                                                                                                              ; Stuck at GND due to stuck port data_in     ;
; esp8266_encode:encode|str2[72]                                                                                                                              ; Stuck at GND due to stuck port data_in     ;
; esp8266_encode:encode|str1[80]                                                                                                                              ; Stuck at GND due to stuck port data_in     ;
; esp8266_encode:encode|str2[80]                                                                                                                              ; Stuck at GND due to stuck port data_in     ;
; esp8266_encode:encode|str1[88]                                                                                                                              ; Stuck at GND due to stuck port data_in     ;
; esp8266_encode:encode|str2[88]                                                                                                                              ; Stuck at GND due to stuck port data_in     ;
; esp8266_encode:encode|str1[96]                                                                                                                              ; Stuck at GND due to stuck port data_in     ;
; esp8266_encode:encode|str2[96]                                                                                                                              ; Stuck at GND due to stuck port data_in     ;
; esp8266_encode:encode|str1[104]                                                                                                                             ; Stuck at GND due to stuck port data_in     ;
; esp8266_encode:encode|str2[104]                                                                                                                             ; Stuck at GND due to stuck port data_in     ;
; esp8266_encode:encode|str1[112]                                                                                                                             ; Stuck at GND due to stuck port data_in     ;
; esp8266_encode:encode|str2[112]                                                                                                                             ; Stuck at GND due to stuck port data_in     ;
; esp8266_encode:encode|str1[120,128,136,144,152,160,168,176,184,192,200,208,216,224,232,240,248,256,264,272,280,288,296,304,312,320,328,336,344,352,360,368] ; Stuck at GND due to stuck port data_in     ;
; esp8266_encode:encode|data_send[7]                                                                                                                          ; Stuck at GND due to stuck port data_in     ;
; esp8266_encode:encode|str1[11]                                                                                                                              ; Merged with esp8266_encode:encode|str1[22] ;
; esp8266_encode:encode|str2[2]                                                                                                                               ; Merged with esp8266_encode:encode|str2[11] ;
; Total Number of Removed Registers = 92                                                                                                                      ;                                            ;
+-------------------------------------------------------------------------------------------------------------------------------------------------------------+--------------------------------------------+


+---------------------------------------------------------------------------------------------------------------------------------+
; Removed Registers Triggering Further Register Optimizations                                                                     ;
+-------------------------------+---------------------------+---------------------------------------------------------------------+
; Register name                 ; Reason for Removal        ; Registers Removed due to This Register                              ;
+-------------------------------+---------------------------+---------------------------------------------------------------------+
; esp8266_encode:encode|str1[5] ; Stuck at GND              ; esp8266_encode:encode|str1[13], esp8266_encode:encode|str1[23],     ;
;                               ; due to stuck port data_in ; esp8266_encode:encode|str1[32], esp8266_encode:encode|str1[40],     ;
;                               ;                           ; esp8266_encode:encode|str1[48], esp8266_encode:encode|str1[56],     ;
;                               ;                           ; esp8266_encode:encode|str1[64], esp8266_encode:encode|str1[72],     ;
;                               ;                           ; esp8266_encode:encode|str1[80], esp8266_encode:encode|str1[88],     ;
;                               ;                           ; esp8266_encode:encode|str1[96], esp8266_encode:encode|str1[104],    ;
;                               ;                           ; esp8266_encode:encode|str1[112], esp8266_encode:encode|str1[120],   ;
;                               ;                           ; esp8266_encode:encode|str1[128], esp8266_encode:encode|str1[136],   ;
;                               ;                           ; esp8266_encode:encode|str1[144], esp8266_encode:encode|str1[152],   ;
;                               ;                           ; esp8266_encode:encode|str1[160], esp8266_encode:encode|str1[168],   ;
;                               ;                           ; esp8266_encode:encode|str1[176], esp8266_encode:encode|str1[184],   ;
;                               ;                           ; esp8266_encode:encode|str1[192], esp8266_encode:encode|str1[200],   ;
;                               ;                           ; esp8266_encode:encode|str1[208], esp8266_encode:encode|str1[216],   ;
;                               ;                           ; esp8266_encode:encode|str1[224], esp8266_encode:encode|str1[232],   ;
;                               ;                           ; esp8266_encode:encode|str1[240], esp8266_encode:encode|str1[248],   ;
;                               ;                           ; esp8266_encode:encode|str1[256], esp8266_encode:encode|str1[264],   ;
;                               ;                           ; esp8266_encode:encode|str1[272], esp8266_encode:encode|str1[280],   ;
;                               ;                           ; esp8266_encode:encode|str1[288], esp8266_encode:encode|str1[296],   ;
;                               ;                           ; esp8266_encode:encode|str1[304], esp8266_encode:encode|str1[312],   ;
;                               ;                           ; esp8266_encode:encode|str1[320], esp8266_encode:encode|str1[328],   ;
;                               ;                           ; esp8266_encode:encode|str1[336], esp8266_encode:encode|str1[344],   ;
;                               ;                           ; esp8266_encode:encode|str1[352], esp8266_encode:encode|str1[360],   ;
;                               ;                           ; esp8266_encode:encode|str1[368]                                     ;
; esp8266_encode:encode|str2[5] ; Stuck at GND              ; esp8266_encode:encode|str2[13], esp8266_encode:encode|str2[24],     ;
;                               ; due to stuck port data_in ; esp8266_encode:encode|str2[32], esp8266_encode:encode|str2[40],     ;
;                               ;                           ; esp8266_encode:encode|str2[48], esp8266_encode:encode|str2[56],     ;
;                               ;                           ; esp8266_encode:encode|str2[64], esp8266_encode:encode|str2[72],     ;
;                               ;                           ; esp8266_encode:encode|str2[80], esp8266_encode:encode|str2[88],     ;
;                               ;                           ; esp8266_encode:encode|str2[96], esp8266_encode:encode|str2[104],    ;
;                               ;                           ; esp8266_encode:encode|str2[112], esp8266_encode:encode|data_send[7] ;
+-------------------------------+---------------------------+---------------------------------------------------------------------+


+------------------------------------------------------+
; General Register Statistics                          ;
+----------------------------------------------+-------+
; Statistic                                    ; Value ;
+----------------------------------------------+-------+
; Total registers                              ; 522   ;
; Number of registers using Synchronous Clear  ; 7     ;
; Number of registers using Synchronous Load   ; 1     ;
; Number of registers using Asynchronous Clear ; 513   ;
; Number of registers using Asynchronous Load  ; 0     ;
; Number of registers using Clock Enable       ; 291   ;
; Number of registers using Preset             ; 0     ;
+----------------------------------------------+-------+


+-----------------------------------------------------+
; Inverted Register Statistics                        ;
+-------------------------------------------+---------+
; Inverted Register                         ; Fan out ;
+-------------------------------------------+---------+
; esp8266_encode:encode|state[2]            ; 32      ;
; esp8266_encode:encode|state[6]            ; 18      ;
; esp8266_encode:encode|state[1]            ; 31      ;
; esp8266_encode:encode|str2[111]           ; 2       ;
; esp8266_encode:encode|str1[367]           ; 1       ;
; esp8266_encode:encode|str2[105]           ; 1       ;
; esp8266_encode:encode|str1[361]           ; 1       ;
; esp8266_encode:encode|str1[357]           ; 2       ;
; esp8266_encode:encode|str2[101]           ; 2       ;
; esp8266_encode:encode|str2[103]           ; 2       ;
; esp8266_encode:encode|str1[359]           ; 2       ;
; esp8266_encode:encode|str1[355]           ; 2       ;
; esp8266_encode:encode|str2[99]            ; 2       ;
; esp8266_encode:encode|str1[350]           ; 2       ;
; esp8266_encode:encode|str2[94]            ; 2       ;
; esp8266_encode:encode|str1[348]           ; 1       ;
; esp8266_encode:encode|str2[92]            ; 2       ;
; esp8266_encode:encode|str2[89]            ; 1       ;
; esp8266_encode:encode|str1[345]           ; 1       ;
; esp8266_encode:encode|str1[346]           ; 2       ;
; esp8266_encode:encode|str2[90]            ; 2       ;
; esp8266_encode:encode|str2[87]            ; 1       ;
; esp8266_encode:encode|str1[343]           ; 2       ;
; esp8266_encode:encode|str2[81]            ; 2       ;
; esp8266_encode:encode|str1[337]           ; 2       ;
; esp8266_encode:encode|str1[338]           ; 1       ;
; esp8266_encode:encode|str2[82]            ; 2       ;
; esp8266_encode:encode|str1[333]           ; 1       ;
; esp8266_encode:encode|str2[76]            ; 1       ;
; esp8266_encode:encode|str2[79]            ; 2       ;
; esp8266_encode:encode|str1[335]           ; 2       ;
; esp8266_encode:encode|str2[73]            ; 1       ;
; esp8266_encode:encode|str1[329]           ; 2       ;
; esp8266_encode:encode|str1[330]           ; 1       ;
; esp8266_encode:encode|str1[331]           ; 2       ;
; esp8266_encode:encode|str2[69]            ; 2       ;
; esp8266_encode:encode|str1[324]           ; 2       ;
; esp8266_encode:encode|str2[71]            ; 1       ;
; esp8266_encode:encode|str1[327]           ; 1       ;
; esp8266_encode:encode|str1[322]           ; 1       ;
; esp8266_encode:encode|str2[60]            ; 1       ;
; esp8266_encode:encode|str2[63]            ; 1       ;
; esp8266_encode:encode|str1[319]           ; 1       ;
; esp8266_encode:encode|str2[57]            ; 1       ;
; esp8266_encode:encode|str1[313]           ; 1       ;
; esp8266_encode:encode|str2[59]            ; 2       ;
; esp8266_encode:encode|str1[309]           ; 2       ;
; esp8266_encode:encode|str2[52]            ; 2       ;
; esp8266_encode:encode|str2[55]            ; 1       ;
; esp8266_encode:encode|str1[311]           ; 1       ;
; esp8266_encode:encode|str2[49]            ; 2       ;
; esp8266_encode:encode|str2[50]            ; 2       ;
; esp8266_encode:encode|str2[51]            ; 2       ;
; esp8266_encode:encode|str1[301]           ; 2       ;
; esp8266_encode:encode|str1[302]           ; 1       ;
; esp8266_encode:encode|str1[300]           ; 2       ;
; esp8266_encode:encode|str2[47]            ; 1       ;
; esp8266_encode:encode|str1[297]           ; 1       ;
; esp8266_encode:encode|str1[299]           ; 1       ;
; esp8266_encode:encode|str2[43]            ; 2       ;
; esp8266_encode:encode|str1[294]           ; 1       ;
; esp8266_encode:encode|str2[39]            ; 1       ;
; esp8266_encode:encode|str2[33]            ; 1       ;
; esp8266_encode:encode|str1[290]           ; 1       ;
; esp8266_encode:encode|str2[35]            ; 1       ;
; esp8266_encode:encode|str1[285]           ; 1       ;
; esp8266_encode:encode|str2[29]            ; 2       ;
; esp8266_encode:encode|str2[28]            ; 1       ;
; esp8266_encode:encode|str1[287]           ; 1       ;
; esp8266_encode:encode|str2[25]            ; 2       ;
; esp8266_encode:encode|str2[27]            ; 1       ;
; esp8266_encode:encode|str2[21]            ; 1       ;
; esp8266_encode:encode|str1[278]           ; 1       ;
; esp8266_encode:encode|str1[276]           ; 1       ;
; esp8266_encode:encode|str1[279]           ; 1       ;
; esp8266_encode:encode|str2[17]            ; 1       ;
; esp8266_encode:encode|str1[273]           ; 1       ;
; esp8266_encode:encode|str1[274]           ; 1       ;
; esp8266_encode:encode|str1[275]           ; 2       ;
; esp8266_encode:encode|str1[269]           ; 1       ;
; esp8266_encode:encode|str1[270]           ; 1       ;
; esp8266_encode:encode|str2[12]            ; 1       ;
; esp8266_encode:encode|str1[271]           ; 1       ;
; esp8266_encode:encode|str2[11]            ; 2       ;
; esp8266_encode:encode|str1[265]           ; 2       ;
; esp8266_encode:encode|str1[266]           ; 1       ;
; esp8266_encode:encode|str1[267]           ; 1       ;
; esp8266_encode:encode|str1[262]           ; 1       ;
; esp8266_encode:encode|str1[263]           ; 1       ;
; esp8266_encode:encode|str1[257]           ; 1       ;
; esp8266_encode:encode|str1[259]           ; 2       ;
; esp8266_encode:encode|str1[253]           ; 1       ;
; esp8266_encode:encode|str1[254]           ; 1       ;
; esp8266_encode:encode|str1[255]           ; 1       ;
; esp8266_encode:encode|str1[250]           ; 1       ;
; esp8266_encode:encode|str1[246]           ; 1       ;
; esp8266_encode:encode|str1[236]           ; 1       ;
; esp8266_encode:encode|str1[239]           ; 1       ;
; esp8266_encode:encode|str1[235]           ; 1       ;
; esp8266_encode:encode|str1[230]           ; 1       ;
; Total number of inverted registers = 189* ;         ;
+-------------------------------------------+---------+
* Table truncated at 100 items. To change the number of inverted registers reported, set the "Number of Inverted Registers Reported" option under Assignments->Settings->Analysis and Synthesis Settings->More Settings


+-----------------------------------------------------------------------------------------------------------------------------------------------------------+
; Multiplexer Restructuring Statistics (Restructuring Performed)                                                                                            ;
+--------------------+-----------+---------------+----------------------+------------------------+------------+---------------------------------------------+
; Multiplexer Inputs ; Bus Width ; Baseline Area ; Area if Restructured ; Saving if Restructured ; Registered ; Example Multiplexer Output                  ;
+--------------------+-----------+---------------+----------------------+------------------------+------------+---------------------------------------------+
; 3:1                ; 16 bits   ; 32 LEs        ; 16 LEs               ; 16 LEs                 ; Yes        ; |top|clk_set:CLK_UART|cnt[14]               ;
; 3:1                ; 24 bits   ; 48 LEs        ; 24 LEs               ; 24 LEs                 ; Yes        ; |top|esp8266_encode:encode|cnt[17]          ;
; 3:1                ; 3 bits    ; 6 LEs         ; 6 LEs                ; 0 LEs                  ; Yes        ; |top|uart_tx:module_tx_esp8266|clk_count[1] ;
; 3:1                ; 18 bits   ; 36 LEs        ; 18 LEs               ; 18 LEs                 ; Yes        ; |top|esp8266_encode:encode|str2[42]         ;
; 3:1                ; 22 bits   ; 44 LEs        ; 22 LEs               ; 22 LEs                 ; Yes        ; |top|esp8266_encode:encode|str1[146]        ;
; 4:1                ; 90 bits   ; 180 LEs       ; 180 LEs              ; 0 LEs                  ; Yes        ; |top|esp8266_encode:encode|str1[58]         ;
; 4:1                ; 4 bits    ; 8 LEs         ; 8 LEs                ; 0 LEs                  ; Yes        ; |top|esp8266_encode:encode|data_send[6]     ;
; 5:1                ; 3 bits    ; 9 LEs         ; 6 LEs                ; 3 LEs                  ; Yes        ; |top|esp8266_encode:encode|data_send[3]     ;
; 65:1               ; 6 bits    ; 258 LEs       ; 96 LEs               ; 162 LEs                ; Yes        ; |top|lcd1602:U5|lcd_data[1]                 ;
; 257:1              ; 5 bits    ; 855 LEs       ; 40 LEs               ; 815 LEs                ; Yes        ; |top|uart_tx:module_tx_esp8266|clk_count[3] ;
; 3:1                ; 17 bits   ; 34 LEs        ; 17 LEs               ; 17 LEs                 ; Yes        ; |top|esp8266_encode:encode|str2[28]         ;
; 3:1                ; 38 bits   ; 76 LEs        ; 38 LEs               ; 38 LEs                 ; Yes        ; |top|esp8266_encode:encode|str1[319]        ;
; 4:1                ; 73 bits   ; 146 LEs       ; 146 LEs              ; 0 LEs                  ; Yes        ; |top|esp8266_encode:encode|str1[250]        ;
+--------------------+-----------+---------------+----------------------+------------------------+------------+---------------------------------------------+


+---------------------------------------------------------------------+
; Parameter Settings for User Entity Instance: Top-level Entity: |top ;
+----------------+------------------+---------------------------------+
; Parameter Name ; Value            ; Type                            ;
+----------------+------------------+---------------------------------+
; BPS_9600       ; 0000000101000101 ; Unsigned Binary                 ;
; BPS_115200     ; 0000000000011011 ; Unsigned Binary                 ;
+----------------+------------------+---------------------------------+
Note: In order to hide this table in the UI and the text report file, please set the "Show Parameter Settings in Synthesis Report" option in "Analysis and Synthesis Settings -> More Settings" to "Off".


+---------------------------------------------------------+
; Parameter Settings for User Entity Instance: lcd1602:U5 ;
+----------------+----------+-----------------------------+
; Parameter Name ; Value    ; Type                        ;
+----------------+----------+-----------------------------+
; Mode_Set       ; 00111000 ; Unsigned Binary             ;
; Cursor_Set     ; 00001100 ; Unsigned Binary             ;
; Address_Set    ; 00000110 ; Unsigned Binary             ;
; Clear_Set      ; 00000001 ; Unsigned Binary             ;
+----------------+----------+-----------------------------+
Note: In order to hide this table in the UI and the text report file, please set the "Show Parameter Settings in Synthesis Report" option in "Analysis and Synthesis Settings -> More Settings" to "Off".


+------------------------------------------------+
; Port Connectivity Checks: "lcd1602:U5"         ;
+--------------+-------+----------+--------------+
; Port         ; Type  ; Severity ; Details      ;
+--------------+-------+----------+--------------+
; data0[1..0]  ; Input ; Info     ; Stuck at VCC ;
; data0[5..2]  ; Input ; Info     ; Stuck at GND ;
; data0[7]     ; Input ; Info     ; Stuck at GND ;
; data0[6]     ; Input ; Info     ; Stuck at VCC ;
; data1[5..1]  ; Input ; Info     ; Stuck at GND ;
; data1[7]     ; Input ; Info     ; Stuck at GND ;
; data1[6]     ; Input ; Info     ; Stuck at VCC ;
; data1[0]     ; Input ; Info     ; Stuck at VCC ;
; data2[5..3]  ; Input ; Info     ; Stuck at VCC ;
; data2[7..6]  ; Input ; Info     ; Stuck at GND ;
; data2[2]     ; Input ; Info     ; Stuck at GND ;
; data2[1]     ; Input ; Info     ; Stuck at VCC ;
; data2[0]     ; Input ; Info     ; Stuck at GND ;
; data3[7..6]  ; Input ; Info     ; Stuck at GND ;
; data3[4..0]  ; Input ; Info     ; Stuck at GND ;
; data3[5]     ; Input ; Info     ; Stuck at VCC ;
; data4[7..6]  ; Input ; Info     ; Stuck at GND ;
; data4[4..0]  ; Input ; Info     ; Stuck at GND ;
; data4[5]     ; Input ; Info     ; Stuck at VCC ;
; data5[7..6]  ; Input ; Info     ; Stuck at GND ;
; data5[4..0]  ; Input ; Info     ; Stuck at GND ;
; data5[5]     ; Input ; Info     ; Stuck at VCC ;
; data6[7..6]  ; Input ; Info     ; Stuck at GND ;
; data6[4..0]  ; Input ; Info     ; Stuck at GND ;
; data6[5]     ; Input ; Info     ; Stuck at VCC ;
; data7[1..0]  ; Input ; Info     ; Stuck at VCC ;
; data7[3..2]  ; Input ; Info     ; Stuck at GND ;
; data7[7]     ; Input ; Info     ; Stuck at GND ;
; data7[6]     ; Input ; Info     ; Stuck at VCC ;
; data7[5]     ; Input ; Info     ; Stuck at GND ;
; data7[4]     ; Input ; Info     ; Stuck at VCC ;
; data8[5..1]  ; Input ; Info     ; Stuck at GND ;
; data8[7]     ; Input ; Info     ; Stuck at GND ;
; data8[6]     ; Input ; Info     ; Stuck at VCC ;
; data8[0]     ; Input ; Info     ; Stuck at VCC ;
; data9[5..3]  ; Input ; Info     ; Stuck at VCC ;
; data9[7..6]  ; Input ; Info     ; Stuck at GND ;
; data9[2]     ; Input ; Info     ; Stuck at GND ;
; data9[1]     ; Input ; Info     ; Stuck at VCC ;
; data9[0]     ; Input ; Info     ; Stuck at GND ;
; data10[7..6] ; Input ; Info     ; Stuck at GND ;
; data10[4..0] ; Input ; Info     ; Stuck at GND ;
; data10[5]    ; Input ; Info     ; Stuck at VCC ;
; data11[7..6] ; Input ; Info     ; Stuck at GND ;
; data11[4..0] ; Input ; Info     ; Stuck at GND ;
; data11[5]    ; Input ; Info     ; Stuck at VCC ;
; data12[7..6] ; Input ; Info     ; Stuck at GND ;
; data12[4..0] ; Input ; Info     ; Stuck at GND ;
; data12[5]    ; Input ; Info     ; Stuck at VCC ;
; data13[7..6] ; Input ; Info     ; Stuck at GND ;
; data13[4..0] ; Input ; Info     ; Stuck at GND ;
; data13[5]    ; Input ; Info     ; Stuck at VCC ;
; data14[7..6] ; Input ; Info     ; Stuck at GND ;
; data14[4..0] ; Input ; Info     ; Stuck at GND ;
; data14[5]    ; Input ; Info     ; Stuck at VCC ;
; data15[7..6] ; Input ; Info     ; Stuck at GND ;
; data15[4..0] ; Input ; Info     ; Stuck at GND ;
; data15[5]    ; Input ; Info     ; Stuck at VCC ;
; data16[3..2] ; Input ; Info     ; Stuck at GND ;
; data16[7]    ; Input ; Info     ; Stuck at GND ;
; data16[6]    ; Input ; Info     ; Stuck at VCC ;
; data16[5]    ; Input ; Info     ; Stuck at GND ;
; data16[4]    ; Input ; Info     ; Stuck at VCC ;
; data16[1]    ; Input ; Info     ; Stuck at VCC ;
; data16[0]    ; Input ; Info     ; Stuck at GND ;
; data17[5..3] ; Input ; Info     ; Stuck at VCC ;
; data17[7..6] ; Input ; Info     ; Stuck at GND ;
; data17[2]    ; Input ; Info     ; Stuck at GND ;
; data17[1]    ; Input ; Info     ; Stuck at VCC ;
; data17[0]    ; Input ; Info     ; Stuck at GND ;
; data18[7..6] ; Input ; Info     ; Stuck at GND ;
; data18[4..0] ; Input ; Info     ; Stuck at GND ;
; data18[5]    ; Input ; Info     ; Stuck at VCC ;
; data19[7..6] ; Input ; Info     ; Stuck at GND ;
; data19[4..0] ; Input ; Info     ; Stuck at GND ;
; data19[5]    ; Input ; Info     ; Stuck at VCC ;
; data20[7..6] ; Input ; Info     ; Stuck at GND ;
; data20[4..0] ; Input ; Info     ; Stuck at GND ;
; data20[5]    ; Input ; Info     ; Stuck at VCC ;
; data21[7..6] ; Input ; Info     ; Stuck at GND ;
; data21[4..0] ; Input ; Info     ; Stuck at GND ;
; data21[5]    ; Input ; Info     ; Stuck at VCC ;
; data22[5..1] ; Input ; Info     ; Stuck at GND ;
; data22[7]    ; Input ; Info     ; Stuck at GND ;
; data22[6]    ; Input ; Info     ; Stuck at VCC ;
; data22[0]    ; Input ; Info     ; Stuck at VCC ;
; data23[5..3] ; Input ; Info     ; Stuck at VCC ;
; data23[7..6] ; Input ; Info     ; Stuck at GND ;
; data23[2]    ; Input ; Info     ; Stuck at GND ;
; data23[1]    ; Input ; Info     ; Stuck at VCC ;
; data23[0]    ; Input ; Info     ; Stuck at GND ;
; data24[7..6] ; Input ; Info     ; Stuck at GND ;
; data24[4..0] ; Input ; Info     ; Stuck at GND ;
; data24[5]    ; Input ; Info     ; Stuck at VCC ;
; data25[7..6] ; Input ; Info     ; Stuck at GND ;
; data25[4..0] ; Input ; Info     ; Stuck at GND ;
; data25[5]    ; Input ; Info     ; Stuck at VCC ;
; data26[7..6] ; Input ; Info     ; Stuck at GND ;
; data26[4..0] ; Input ; Info     ; Stuck at GND ;
; data26[5]    ; Input ; Info     ; Stuck at VCC ;
; data27[7..6] ; Input ; Info     ; Stuck at GND ;
; data27[4..0] ; Input ; Info     ; Stuck at GND ;
; data27[5]    ; Input ; Info     ; Stuck at VCC ;
; data28[7..6] ; Input ; Info     ; Stuck at GND ;
; data28[4..0] ; Input ; Info     ; Stuck at GND ;
; data28[5]    ; Input ; Info     ; Stuck at VCC ;
; data29[7..6] ; Input ; Info     ; Stuck at GND ;
; data29[4..0] ; Input ; Info     ; Stuck at GND ;
; data29[5]    ; Input ; Info     ; Stuck at VCC ;
; data30[7..6] ; Input ; Info     ; Stuck at GND ;
; data30[4..0] ; Input ; Info     ; Stuck at GND ;
; data30[5]    ; Input ; Info     ; Stuck at VCC ;
; data31[7..6] ; Input ; Info     ; Stuck at GND ;
; data31[4..0] ; Input ; Info     ; Stuck at GND ;
; data31[5]    ; Input ; Info     ; Stuck at VCC ;
+--------------+-------+----------+--------------+


+-----------------------------------------------------------------------------------------------------------------------+
; Port Connectivity Checks: "ReceiveMessage_control:UU"                                                                 ;
+-------------+--------+----------+-------------------------------------------------------------------------------------+
; Port        ; Type   ; Severity ; Details                                                                             ;
+-------------+--------+----------+-------------------------------------------------------------------------------------+
; SetAngleOut ; Output ; Info     ; Connected to dangling logic. Logic that only feeds a dangling port will be removed. ;
+-------------+--------+----------+-------------------------------------------------------------------------------------+


+-----------------------------------------------+
; Port Connectivity Checks: "clk_set:CLK_UART"  ;
+-------------+-------+----------+--------------+
; Port        ; Type  ; Severity ; Details      ;
+-------------+-------+----------+--------------+
; baud[4..3]  ; Input ; Info     ; Stuck at VCC ;
; baud[1..0]  ; Input ; Info     ; Stuck at VCC ;
; baud[15..5] ; Input ; Info     ; Stuck at GND ;
; baud[2]     ; Input ; Info     ; Stuck at GND ;
+-------------+-------+----------+--------------+


+-------------------------------+
; Elapsed Time Per Partition    ;
+----------------+--------------+
; Partition Name ; Elapsed Time ;
+----------------+--------------+
; Top            ; 00:00:03     ;
+----------------+--------------+


+-------------------------------+
; Analysis & Synthesis Messages ;
+-------------------------------+
Info: *******************************************************************
Info: Running Quartus II 64-Bit Analysis & Synthesis
    Info: Version 13.0.0 Build 156 04/24/2013 SJ Web Edition
    Info: Processing started: Mon Mar 04 13:50:54 2019
Info: Command: quartus_map --read_settings_files=on --write_settings_files=off lcd1602 -c lcd1602
Info (20030): Parallel compilation is enabled and will use 6 of the 6 processors detected
Info (12021): Found 1 design units, including 1 entities, in source file source/esp8266_encode.v
    Info (12023): Found entity 1: esp8266_encode
Info (12021): Found 1 design units, including 1 entities, in source file source/esp8266_decode.v
    Info (12023): Found entity 1: esp8266_decode
Info (12021): Found 1 design units, including 1 entities, in source file source/clk_set.v
    Info (12023): Found entity 1: clk_set
Info (12021): Found 1 design units, including 1 entities, in source file source/lcd1602.v
    Info (12023): Found entity 1: lcd1602
Info (12021): Found 1 design units, including 1 entities, in source file source/uart_tx.v
    Info (12023): Found entity 1: uart_tx
Info (12021): Found 1 design units, including 1 entities, in source file source/uart_rx.v
    Info (12023): Found entity 1: uart_rx
Warning (10238): Verilog Module Declaration warning at top.v(6): ignored anonymous port(s) indicated by duplicate or dangling comma(s) in the port list for module "top"
Info (12021): Found 1 design units, including 1 entities, in source file source/top.v
    Info (12023): Found entity 1: top
Info (12021): Found 1 design units, including 1 entities, in source file source/receivemessage_control.v
    Info (12023): Found entity 1: ReceiveMessage_control
Info (12127): Elaborating entity "top" for the top level hierarchy
Info (12128): Elaborating entity "clk_set" for hierarchy "clk_set:CLK_UART"
Info (12128): Elaborating entity "esp8266_encode" for hierarchy "esp8266_encode:encode"
Warning (10036): Verilog HDL or VHDL warning at esp8266_encode.v(32): object "str" assigned a value but never read
Warning (10230): Verilog HDL assignment warning at esp8266_encode.v(52): truncated value with size 32 to match size of target (16)
Warning (10230): Verilog HDL assignment warning at esp8266_encode.v(62): truncated value with size 32 to match size of target (16)
Warning (10230): Verilog HDL assignment warning at esp8266_encode.v(65): truncated value with size 32 to match size of target (16)
Warning (10240): Verilog HDL Always Construct warning at esp8266_encode.v(35): inferring latch(es) for variable "send_done", which holds its previous value in one or more paths through the always construct
Info (10041): Inferred latch for "send_done" at esp8266_encode.v(35)
Info (12128): Elaborating entity "uart_tx" for hierarchy "uart_tx:module_tx_esp8266"
Info (12128): Elaborating entity "uart_rx" for hierarchy "uart_rx:module_rx_esp8266"
Info (12128): Elaborating entity "esp8266_decode" for hierarchy "esp8266_decode:decode"
Warning (10230): Verilog HDL assignment warning at esp8266_decode.v(41): truncated value with size 32 to match size of target (4)
Info (12128): Elaborating entity "ReceiveMessage_control" for hierarchy "ReceiveMessage_control:UU"
Warning (10230): Verilog HDL assignment warning at ReceiveMessage_control.v(14): truncated value with size 32 to match size of target (13)
Info (12128): Elaborating entity "lcd1602" for hierarchy "lcd1602:U5"
Info (13000): Registers with preset signals will power-up high
Info (13003): DEV_CLRn pin will set, and not reset, register with preset signal due to NOT Gate Push-Back
Warning (13024): Output pins are stuck at VCC or GND
    Warning (13410): Pin "lcd_rw" is stuck at GND
Info (286030): Timing-Driven Synthesis is running
Info (144001): Generated suppressed messages file D:/Data/git/Graduation project/Client/FPGA/Complete code/output_files/lcd1602.map.smsg
Info (16010): Generating hard_block partition "hard_block:auto_generated_inst"
    Info (16011): Adding 0 node(s), including 0 DDIO, 0 PLL, 0 transceiver and 0 LCELL
Warning (21074): Design contains 2 input pin(s) that do not drive logic
    Warning (15610): No output dependent on input pin "rx_esp8266"
    Warning (15610): No output dependent on input pin "rx_PC"
Info (21057): Implemented 855 device resources after synthesis - the final resource count might be different
    Info (21058): Implemented 4 input pins
    Info (21059): Implemented 13 output pins
    Info (21061): Implemented 838 logic cells
Info: Quartus II 64-Bit Analysis & Synthesis was successful. 0 errors, 13 warnings
    Info: Peak virtual memory: 4649 megabytes
    Info: Processing ended: Mon Mar 04 13:51:00 2019
    Info: Elapsed time: 00:00:06
    Info: Total CPU time (on all processors): 00:00:05


+------------------------------------------+
; Analysis & Synthesis Suppressed Messages ;
+------------------------------------------+
The suppressed messages can be found in D:/Data/git/Graduation project/Client/FPGA/Complete code/output_files/lcd1602.map.smsg.


