Analysis & Synthesis report for lcd1602
Mon Mar 25 17:41:18 2019
Quartus II 64-Bit Version 13.0.0 Build 156 04/24/2013 SJ Web Edition


---------------------
; Table of Contents ;
---------------------
  1. Legal Notice
  2. Analysis & Synthesis Summary
  3. Analysis & Synthesis Settings
  4. Parallel Compilation
  5. Analysis & Synthesis Source Files Read
  6. Analysis & Synthesis Resource Usage Summary
  7. Analysis & Synthesis Resource Utilization by Entity
  8. State Machine - |top|ad:pcf8591|ack
  9. Registers Removed During Synthesis
 10. General Register Statistics
 11. Multiplexer Restructuring Statistics (Restructuring Performed)
 12. Parameter Settings for User Entity Instance: Top-level Entity: |top
 13. Parameter Settings for User Entity Instance: ad:pcf8591
 14. Parameter Settings for User Entity Instance: lcd1602:U5
 15. Parameter Settings for Inferred Entity Instance: lpm_divide:Mod0
 16. Parameter Settings for Inferred Entity Instance: lpm_divide:Div1
 17. Parameter Settings for Inferred Entity Instance: lpm_divide:Div0
 18. Parameter Settings for Inferred Entity Instance: lpm_divide:Mod1
 19. Port Connectivity Checks: "lcd1602:U5"
 20. Port Connectivity Checks: "ad:pcf8591"
 21. Elapsed Time Per Partition
 22. Analysis & Synthesis Messages
 23. Analysis & Synthesis Suppressed Messages



----------------
; Legal Notice ;
----------------
Copyright (C) 1991-2013 Altera Corporation
Your use of Altera Corporation's design tools, logic functions 
and other software and tools, and its AMPP partner logic 
functions, and any output files from any of the foregoing 
(including device programming or simulation files), and any 
associated documentation or information are expressly subject 
to the terms and conditions of the Altera Program License 
Subscription Agreement, Altera MegaCore Function License 
Agreement, or other applicable license agreement, including, 
without limitation, that your use is for the sole purpose of 
programming logic devices manufactured by Altera and sold by 
Altera or its authorized distributors.  Please refer to the 
applicable agreement for further details.



+---------------------------------------------------------------------------------+
; Analysis & Synthesis Summary                                                    ;
+------------------------------------+--------------------------------------------+
; Analysis & Synthesis Status        ; Successful - Mon Mar 25 17:41:17 2019      ;
; Quartus II 64-Bit Version          ; 13.0.0 Build 156 04/24/2013 SJ Web Edition ;
; Revision Name                      ; lcd1602                                    ;
; Top-level Entity Name              ; top                                        ;
; Family                             ; Cyclone IV E                               ;
; Total logic elements               ; 477                                        ;
;     Total combinational functions  ; 466                                        ;
;     Dedicated logic registers      ; 95                                         ;
; Total registers                    ; 95                                         ;
; Total pins                         ; 15                                         ;
; Total virtual pins                 ; 0                                          ;
; Total memory bits                  ; 0                                          ;
; Embedded Multiplier 9-bit elements ; 0                                          ;
; Total PLLs                         ; 0                                          ;
+------------------------------------+--------------------------------------------+


+----------------------------------------------------------------------------------------------------------------------+
; Analysis & Synthesis Settings                                                                                        ;
+----------------------------------------------------------------------------+--------------------+--------------------+
; Option                                                                     ; Setting            ; Default Value      ;
+----------------------------------------------------------------------------+--------------------+--------------------+
; Device                                                                     ; EP4CE6E22C8        ;                    ;
; Top-level entity name                                                      ; top                ; lcd1602            ;
; Family name                                                                ; Cyclone IV E       ; Cyclone V          ;
; Maximum processors allowed for parallel compilation                        ; All                ;                    ;
; Use smart compilation                                                      ; Off                ; Off                ;
; Enable parallel Assembler and TimeQuest Timing Analyzer during compilation ; On                 ; On                 ;
; Enable compact report table                                                ; Off                ; Off                ;
; Restructure Multiplexers                                                   ; Auto               ; Auto               ;
; Create Debugging Nodes for IP Cores                                        ; Off                ; Off                ;
; Preserve fewer node names                                                  ; On                 ; On                 ;
; Disable OpenCore Plus hardware evaluation                                  ; Off                ; Off                ;
; Verilog Version                                                            ; Verilog_2001       ; Verilog_2001       ;
; VHDL Version                                                               ; VHDL_1993          ; VHDL_1993          ;
; State Machine Processing                                                   ; Auto               ; Auto               ;
; Safe State Machine                                                         ; Off                ; Off                ;
; Extract Verilog State Machines                                             ; On                 ; On                 ;
; Extract VHDL State Machines                                                ; On                 ; On                 ;
; Ignore Verilog initial constructs                                          ; Off                ; Off                ;
; Iteration limit for constant Verilog loops                                 ; 5000               ; 5000               ;
; Iteration limit for non-constant Verilog loops                             ; 250                ; 250                ;
; Add Pass-Through Logic to Inferred RAMs                                    ; On                 ; On                 ;
; Infer RAMs from Raw Logic                                                  ; On                 ; On                 ;
; Parallel Synthesis                                                         ; On                 ; On                 ;
; DSP Block Balancing                                                        ; Auto               ; Auto               ;
; NOT Gate Push-Back                                                         ; On                 ; On                 ;
; Power-Up Don't Care                                                        ; On                 ; On                 ;
; Remove Redundant Logic Cells                                               ; Off                ; Off                ;
; Remove Duplicate Registers                                                 ; On                 ; On                 ;
; Ignore CARRY Buffers                                                       ; Off                ; Off                ;
; Ignore CASCADE Buffers                                                     ; Off                ; Off                ;
; Ignore GLOBAL Buffers                                                      ; Off                ; Off                ;
; Ignore ROW GLOBAL Buffers                                                  ; Off                ; Off                ;
; Ignore LCELL Buffers                                                       ; Off                ; Off                ;
; Ignore SOFT Buffers                                                        ; On                 ; On                 ;
; Limit AHDL Integers to 32 Bits                                             ; Off                ; Off                ;
; Optimization Technique                                                     ; Balanced           ; Balanced           ;
; Carry Chain Length                                                         ; 70                 ; 70                 ;
; Auto Carry Chains                                                          ; On                 ; On                 ;
; Auto Open-Drain Pins                                                       ; On                 ; On                 ;
; Perform WYSIWYG Primitive Resynthesis                                      ; Off                ; Off                ;
; Auto ROM Replacement                                                       ; On                 ; On                 ;
; Auto RAM Replacement                                                       ; On                 ; On                 ;
; Auto DSP Block Replacement                                                 ; On                 ; On                 ;
; Auto Shift Register Replacement                                            ; Auto               ; Auto               ;
; Allow Shift Register Merging across Hierarchies                            ; Auto               ; Auto               ;
; Auto Clock Enable Replacement                                              ; On                 ; On                 ;
; Strict RAM Replacement                                                     ; Off                ; Off                ;
; Allow Synchronous Control Signals                                          ; On                 ; On                 ;
; Force Use of Synchronous Clear Signals                                     ; Off                ; Off                ;
; Auto RAM Block Balancing                                                   ; On                 ; On                 ;
; Auto RAM to Logic Cell Conversion                                          ; Off                ; Off                ;
; Auto Resource Sharing                                                      ; Off                ; Off                ;
; Allow Any RAM Size For Recognition                                         ; Off                ; Off                ;
; Allow Any ROM Size For Recognition                                         ; Off                ; Off                ;
; Allow Any Shift Register Size For Recognition                              ; Off                ; Off                ;
; Use LogicLock Constraints during Resource Balancing                        ; On                 ; On                 ;
; Ignore translate_off and synthesis_off directives                          ; Off                ; Off                ;
; Timing-Driven Synthesis                                                    ; On                 ; On                 ;
; Report Parameter Settings                                                  ; On                 ; On                 ;
; Report Source Assignments                                                  ; On                 ; On                 ;
; Report Connectivity Checks                                                 ; On                 ; On                 ;
; Ignore Maximum Fan-Out Assignments                                         ; Off                ; Off                ;
; Synchronization Register Chain Length                                      ; 2                  ; 2                  ;
; PowerPlay Power Optimization                                               ; Normal compilation ; Normal compilation ;
; HDL message level                                                          ; Level2             ; Level2             ;
; Suppress Register Optimization Related Messages                            ; Off                ; Off                ;
; Number of Removed Registers Reported in Synthesis Report                   ; 5000               ; 5000               ;
; Number of Swept Nodes Reported in Synthesis Report                         ; 5000               ; 5000               ;
; Number of Inverted Registers Reported in Synthesis Report                  ; 100                ; 100                ;
; Clock MUX Protection                                                       ; On                 ; On                 ;
; Auto Gated Clock Conversion                                                ; Off                ; Off                ;
; Block Design Naming                                                        ; Auto               ; Auto               ;
; SDC constraint protection                                                  ; Off                ; Off                ;
; Synthesis Effort                                                           ; Auto               ; Auto               ;
; Shift Register Replacement - Allow Asynchronous Clear Signal               ; On                 ; On                 ;
; Pre-Mapping Resynthesis Optimization                                       ; Off                ; Off                ;
; Analysis & Synthesis Message Level                                         ; Medium             ; Medium             ;
; Disable Register Merging Across Hierarchies                                ; Auto               ; Auto               ;
; Resource Aware Inference For Block RAM                                     ; On                 ; On                 ;
; Synthesis Seed                                                             ; 1                  ; 1                  ;
+----------------------------------------------------------------------------+--------------------+--------------------+


Parallel compilation was disabled, but you have multiple processors available. Enable parallel compilation to reduce compilation time.
+-------------------------------------+
; Parallel Compilation                ;
+----------------------------+--------+
; Processors                 ; Number ;
+----------------------------+--------+
; Number detected on machine ; 6      ;
; Maximum allowed            ; 1      ;
+----------------------------+--------+


+-------------------------------------------------------------------------------------------------------------------------------------------------------------------------------------+
; Analysis & Synthesis Source Files Read                                                                                                                                              ;
+----------------------------------+-----------------+------------------------------+---------------------------------------------------------------------------------------+---------+
; File Name with User-Entered Path ; Used in Netlist ; File Type                    ; File Name with Absolute Path                                                          ; Library ;
+----------------------------------+-----------------+------------------------------+---------------------------------------------------------------------------------------+---------+
; source/ad.v                      ; yes             ; User Verilog HDL File        ; C:/Users/Gonglja/Desktop/jingjian/Connect to my own server/source/ad.v                ;         ;
; source/lcd1602.v                 ; yes             ; User Verilog HDL File        ; C:/Users/Gonglja/Desktop/jingjian/Connect to my own server/source/lcd1602.v           ;         ;
; source/top.v                     ; yes             ; User Verilog HDL File        ; C:/Users/Gonglja/Desktop/jingjian/Connect to my own server/source/top.v               ;         ;
; lpm_divide.tdf                   ; yes             ; Megafunction                 ; d:/1/altera/13.0/quartus/libraries/megafunctions/lpm_divide.tdf                       ;         ;
; abs_divider.inc                  ; yes             ; Megafunction                 ; d:/1/altera/13.0/quartus/libraries/megafunctions/abs_divider.inc                      ;         ;
; sign_div_unsign.inc              ; yes             ; Megafunction                 ; d:/1/altera/13.0/quartus/libraries/megafunctions/sign_div_unsign.inc                  ;         ;
; aglobal130.inc                   ; yes             ; Megafunction                 ; d:/1/altera/13.0/quartus/libraries/megafunctions/aglobal130.inc                       ;         ;
; db/lpm_divide_p9m.tdf            ; yes             ; Auto-Generated Megafunction  ; C:/Users/Gonglja/Desktop/jingjian/Connect to my own server/db/lpm_divide_p9m.tdf      ;         ;
; db/sign_div_unsign_ekh.tdf       ; yes             ; Auto-Generated Megafunction  ; C:/Users/Gonglja/Desktop/jingjian/Connect to my own server/db/sign_div_unsign_ekh.tdf ;         ;
; db/alt_u_div_g4f.tdf             ; yes             ; Auto-Generated Megafunction  ; C:/Users/Gonglja/Desktop/jingjian/Connect to my own server/db/alt_u_div_g4f.tdf       ;         ;
; db/add_sub_7pc.tdf               ; yes             ; Auto-Generated Megafunction  ; C:/Users/Gonglja/Desktop/jingjian/Connect to my own server/db/add_sub_7pc.tdf         ;         ;
; db/add_sub_8pc.tdf               ; yes             ; Auto-Generated Megafunction  ; C:/Users/Gonglja/Desktop/jingjian/Connect to my own server/db/add_sub_8pc.tdf         ;         ;
; db/lpm_divide_ihm.tdf            ; yes             ; Auto-Generated Megafunction  ; C:/Users/Gonglja/Desktop/jingjian/Connect to my own server/db/lpm_divide_ihm.tdf      ;         ;
; db/sign_div_unsign_akh.tdf       ; yes             ; Auto-Generated Megafunction  ; C:/Users/Gonglja/Desktop/jingjian/Connect to my own server/db/sign_div_unsign_akh.tdf ;         ;
; db/alt_u_div_84f.tdf             ; yes             ; Auto-Generated Megafunction  ; C:/Users/Gonglja/Desktop/jingjian/Connect to my own server/db/alt_u_div_84f.tdf       ;         ;
; db/lpm_divide_mhm.tdf            ; yes             ; Auto-Generated Megafunction  ; C:/Users/Gonglja/Desktop/jingjian/Connect to my own server/db/lpm_divide_mhm.tdf      ;         ;
; db/lpm_divide_m9m.tdf            ; yes             ; Auto-Generated Megafunction  ; C:/Users/Gonglja/Desktop/jingjian/Connect to my own server/db/lpm_divide_m9m.tdf      ;         ;
; db/sign_div_unsign_bkh.tdf       ; yes             ; Auto-Generated Megafunction  ; C:/Users/Gonglja/Desktop/jingjian/Connect to my own server/db/sign_div_unsign_bkh.tdf ;         ;
; db/alt_u_div_a4f.tdf             ; yes             ; Auto-Generated Megafunction  ; C:/Users/Gonglja/Desktop/jingjian/Connect to my own server/db/alt_u_div_a4f.tdf       ;         ;
+----------------------------------+-----------------+------------------------------+---------------------------------------------------------------------------------------+---------+


+-----------------------------------------------------------+
; Analysis & Synthesis Resource Usage Summary               ;
+---------------------------------------------+-------------+
; Resource                                    ; Usage       ;
+---------------------------------------------+-------------+
; Estimated Total logic elements              ; 477         ;
;                                             ;             ;
; Total combinational functions               ; 466         ;
; Logic element usage by number of LUT inputs ;             ;
;     -- 4 input functions                    ; 217         ;
;     -- 3 input functions                    ; 87          ;
;     -- <=2 input functions                  ; 162         ;
;                                             ;             ;
; Logic elements by mode                      ;             ;
;     -- normal mode                          ; 365         ;
;     -- arithmetic mode                      ; 101         ;
;                                             ;             ;
; Total registers                             ; 95          ;
;     -- Dedicated logic registers            ; 95          ;
;     -- I/O registers                        ; 0           ;
;                                             ;             ;
; I/O pins                                    ; 15          ;
; Embedded Multiplier 9-bit elements          ; 0           ;
; Maximum fan-out node                        ; rst_n~input ;
; Maximum fan-out                             ; 68          ;
; Total fan-out                               ; 1761        ;
; Average fan-out                             ; 2.97        ;
+---------------------------------------------+-------------+


+--------------------------------------------------------------------------------------------------------------------------------------------------------------------------------------------------------------------------------------------------------------------------+
; Analysis & Synthesis Resource Utilization by Entity                                                                                                                                                                                                                      ;
+----------------------------------------+-------------------+--------------+-------------+--------------+---------+-----------+------+--------------+------------------------------------------------------------------------------------------------------+--------------+
; Compilation Hierarchy Node             ; LC Combinationals ; LC Registers ; Memory Bits ; DSP Elements ; DSP 9x9 ; DSP 18x18 ; Pins ; Virtual Pins ; Full Hierarchy Name                                                                                  ; Library Name ;
+----------------------------------------+-------------------+--------------+-------------+--------------+---------+-----------+------+--------------+------------------------------------------------------------------------------------------------------+--------------+
; |top                                   ; 466 (1)           ; 95 (0)       ; 0           ; 0            ; 0       ; 0         ; 15   ; 0            ; |top                                                                                                 ;              ;
;    |ad:pcf8591|                        ; 185 (185)         ; 45 (45)      ; 0           ; 0            ; 0       ; 0         ; 0    ; 0            ; |top|ad:pcf8591                                                                                      ;              ;
;    |lcd1602:U5|                        ; 119 (119)         ; 50 (50)      ; 0           ; 0            ; 0       ; 0         ; 0    ; 0            ; |top|lcd1602:U5                                                                                      ;              ;
;    |lpm_divide:Div0|                   ; 25 (0)            ; 0 (0)        ; 0           ; 0            ; 0       ; 0         ; 0    ; 0            ; |top|lpm_divide:Div0                                                                                 ;              ;
;       |lpm_divide_mhm:auto_generated|  ; 25 (0)            ; 0 (0)        ; 0           ; 0            ; 0       ; 0         ; 0    ; 0            ; |top|lpm_divide:Div0|lpm_divide_mhm:auto_generated                                                   ;              ;
;          |sign_div_unsign_ekh:divider| ; 25 (0)            ; 0 (0)        ; 0           ; 0            ; 0       ; 0         ; 0    ; 0            ; |top|lpm_divide:Div0|lpm_divide_mhm:auto_generated|sign_div_unsign_ekh:divider                       ;              ;
;             |alt_u_div_g4f:divider|    ; 25 (25)           ; 0 (0)        ; 0           ; 0            ; 0       ; 0         ; 0    ; 0            ; |top|lpm_divide:Div0|lpm_divide_mhm:auto_generated|sign_div_unsign_ekh:divider|alt_u_div_g4f:divider ;              ;
;    |lpm_divide:Div1|                   ; 43 (0)            ; 0 (0)        ; 0           ; 0            ; 0       ; 0         ; 0    ; 0            ; |top|lpm_divide:Div1                                                                                 ;              ;
;       |lpm_divide_ihm:auto_generated|  ; 43 (0)            ; 0 (0)        ; 0           ; 0            ; 0       ; 0         ; 0    ; 0            ; |top|lpm_divide:Div1|lpm_divide_ihm:auto_generated                                                   ;              ;
;          |sign_div_unsign_akh:divider| ; 43 (0)            ; 0 (0)        ; 0           ; 0            ; 0       ; 0         ; 0    ; 0            ; |top|lpm_divide:Div1|lpm_divide_ihm:auto_generated|sign_div_unsign_akh:divider                       ;              ;
;             |alt_u_div_84f:divider|    ; 43 (43)           ; 0 (0)        ; 0           ; 0            ; 0       ; 0         ; 0    ; 0            ; |top|lpm_divide:Div1|lpm_divide_ihm:auto_generated|sign_div_unsign_akh:divider|alt_u_div_84f:divider ;              ;
;    |lpm_divide:Mod0|                   ; 35 (0)            ; 0 (0)        ; 0           ; 0            ; 0       ; 0         ; 0    ; 0            ; |top|lpm_divide:Mod0                                                                                 ;              ;
;       |lpm_divide_p9m:auto_generated|  ; 35 (0)            ; 0 (0)        ; 0           ; 0            ; 0       ; 0         ; 0    ; 0            ; |top|lpm_divide:Mod0|lpm_divide_p9m:auto_generated                                                   ;              ;
;          |sign_div_unsign_ekh:divider| ; 35 (0)            ; 0 (0)        ; 0           ; 0            ; 0       ; 0         ; 0    ; 0            ; |top|lpm_divide:Mod0|lpm_divide_p9m:auto_generated|sign_div_unsign_ekh:divider                       ;              ;
;             |alt_u_div_g4f:divider|    ; 35 (35)           ; 0 (0)        ; 0           ; 0            ; 0       ; 0         ; 0    ; 0            ; |top|lpm_divide:Mod0|lpm_divide_p9m:auto_generated|sign_div_unsign_ekh:divider|alt_u_div_g4f:divider ;              ;
;    |lpm_divide:Mod1|                   ; 58 (0)            ; 0 (0)        ; 0           ; 0            ; 0       ; 0         ; 0    ; 0            ; |top|lpm_divide:Mod1                                                                                 ;              ;
;       |lpm_divide_m9m:auto_generated|  ; 58 (0)            ; 0 (0)        ; 0           ; 0            ; 0       ; 0         ; 0    ; 0            ; |top|lpm_divide:Mod1|lpm_divide_m9m:auto_generated                                                   ;              ;
;          |sign_div_unsign_bkh:divider| ; 58 (0)            ; 0 (0)        ; 0           ; 0            ; 0       ; 0         ; 0    ; 0            ; |top|lpm_divide:Mod1|lpm_divide_m9m:auto_generated|sign_div_unsign_bkh:divider                       ;              ;
;             |alt_u_div_a4f:divider|    ; 58 (58)           ; 0 (0)        ; 0           ; 0            ; 0       ; 0         ; 0    ; 0            ; |top|lpm_divide:Mod1|lpm_divide_m9m:auto_generated|sign_div_unsign_bkh:divider|alt_u_div_a4f:divider ;              ;
+----------------------------------------+-------------------+--------------+-------------+--------------+---------+-----------+------+--------------+------------------------------------------------------------------------------------------------------+--------------+
Note: For table entries with two numbers listed, the numbers in parentheses indicate the number of resources of the given type used by the specific entity alone. The numbers listed outside of parentheses indicate the total resources of the given type used by the specific entity and all of its sub-entities in the hierarchy.


Encoding Type:  One-Hot
+--------------------------------------------+
; State Machine - |top|ad:pcf8591|ack        ;
+--------+--------+--------+--------+--------+
; Name   ; ack.11 ; ack.10 ; ack.01 ; ack.00 ;
+--------+--------+--------+--------+--------+
; ack.00 ; 0      ; 0      ; 0      ; 0      ;
; ack.01 ; 0      ; 0      ; 1      ; 1      ;
; ack.10 ; 0      ; 1      ; 0      ; 1      ;
; ack.11 ; 1      ; 0      ; 0      ; 1      ;
+--------+--------+--------+--------+--------+


+--------------------------------------------------------------------------------+
; Registers Removed During Synthesis                                             ;
+---------------------------------------+----------------------------------------+
; Register name                         ; Reason for Removal                     ;
+---------------------------------------+----------------------------------------+
; lcd1602:U5|state1[7..11]              ; Stuck at GND due to stuck port data_in ;
; ad:pcf8591|sda~reg0                   ; Lost fanout                            ;
; ad:pcf8591|ack~8                      ; Lost fanout                            ;
; ad:pcf8591|ack~9                      ; Lost fanout                            ;
; Total Number of Removed Registers = 8 ;                                        ;
+---------------------------------------+----------------------------------------+


+------------------------------------------------------+
; General Register Statistics                          ;
+----------------------------------------------+-------+
; Statistic                                    ; Value ;
+----------------------------------------------+-------+
; Total registers                              ; 95    ;
; Number of registers using Synchronous Clear  ; 13    ;
; Number of registers using Synchronous Load   ; 3     ;
; Number of registers using Asynchronous Clear ; 65    ;
; Number of registers using Asynchronous Load  ; 0     ;
; Number of registers using Clock Enable       ; 39    ;
; Number of registers using Preset             ; 0     ;
+----------------------------------------------+-------+


+-------------------------------------------------------------------------------------------------------------------------------------------+
; Multiplexer Restructuring Statistics (Restructuring Performed)                                                                            ;
+--------------------+-----------+---------------+----------------------+------------------------+------------+-----------------------------+
; Multiplexer Inputs ; Bus Width ; Baseline Area ; Area if Restructured ; Saving if Restructured ; Registered ; Example Multiplexer Output  ;
+--------------------+-----------+---------------+----------------------+------------------------+------------+-----------------------------+
; 3:1                ; 8 bits    ; 16 LEs        ; 8 LEs                ; 8 LEs                  ; Yes        ; |top|ad:pcf8591|cnt[3]      ;
; 65:1               ; 3 bits    ; 129 LEs       ; 36 LEs               ; 93 LEs                 ; Yes        ; |top|lcd1602:U5|lcd_data[4] ;
; 65:1               ; 4 bits    ; 172 LEs       ; 64 LEs               ; 108 LEs                ; Yes        ; |top|lcd1602:U5|lcd_data[3] ;
; 8:1                ; 8 bits    ; 40 LEs        ; 8 LEs                ; 32 LEs                 ; Yes        ; |top|ad:pcf8591|delay[1]    ;
+--------------------+-----------+---------------+----------------------+------------------------+------------+-----------------------------+


+---------------------------------------------------------------------+
; Parameter Settings for User Entity Instance: Top-level Entity: |top ;
+----------------+------------------+---------------------------------+
; Parameter Name ; Value            ; Type                            ;
+----------------+------------------+---------------------------------+
; BPS_9600       ; 0000000101000101 ; Unsigned Binary                 ;
; BPS_115200     ; 0000000000011011 ; Unsigned Binary                 ;
+----------------+------------------+---------------------------------+
Note: In order to hide this table in the UI and the text report file, please set the "Show Parameter Settings in Synthesis Report" option in "Analysis and Synthesis Settings -> More Settings" to "Off".


+---------------------------------------------------------+
; Parameter Settings for User Entity Instance: ad:pcf8591 ;
+----------------+----------+-----------------------------+
; Parameter Name ; Value    ; Type                        ;
+----------------+----------+-----------------------------+
; fre            ; 00110010 ; Unsigned Binary             ;
+----------------+----------+-----------------------------+
Note: In order to hide this table in the UI and the text report file, please set the "Show Parameter Settings in Synthesis Report" option in "Analysis and Synthesis Settings -> More Settings" to "Off".


+---------------------------------------------------------+
; Parameter Settings for User Entity Instance: lcd1602:U5 ;
+----------------+----------+-----------------------------+
; Parameter Name ; Value    ; Type                        ;
+----------------+----------+-----------------------------+
; Mode_Set       ; 00111000 ; Unsigned Binary             ;
; Cursor_Set     ; 00001100 ; Unsigned Binary             ;
; Address_Set    ; 00000110 ; Unsigned Binary             ;
; Clear_Set      ; 00000001 ; Unsigned Binary             ;
+----------------+----------+-----------------------------+
Note: In order to hide this table in the UI and the text report file, please set the "Show Parameter Settings in Synthesis Report" option in "Analysis and Synthesis Settings -> More Settings" to "Off".


+------------------------------------------------------------------+
; Parameter Settings for Inferred Entity Instance: lpm_divide:Mod0 ;
+------------------------+----------------+------------------------+
; Parameter Name         ; Value          ; Type                   ;
+------------------------+----------------+------------------------+
; LPM_WIDTHN             ; 8              ; Untyped                ;
; LPM_WIDTHD             ; 7              ; Untyped                ;
; LPM_NREPRESENTATION    ; UNSIGNED       ; Untyped                ;
; LPM_DREPRESENTATION    ; UNSIGNED       ; Untyped                ;
; LPM_PIPELINE           ; 0              ; Untyped                ;
; LPM_REMAINDERPOSITIVE  ; TRUE           ; Untyped                ;
; MAXIMIZE_SPEED         ; 5              ; Untyped                ;
; CBXI_PARAMETER         ; lpm_divide_p9m ; Untyped                ;
; CARRY_CHAIN            ; MANUAL         ; Untyped                ;
; OPTIMIZE_FOR_SPEED     ; 5              ; Untyped                ;
; AUTO_CARRY_CHAINS      ; ON             ; AUTO_CARRY             ;
; IGNORE_CARRY_BUFFERS   ; OFF            ; IGNORE_CARRY           ;
; AUTO_CASCADE_CHAINS    ; ON             ; AUTO_CASCADE           ;
; IGNORE_CASCADE_BUFFERS ; OFF            ; IGNORE_CASCADE         ;
+------------------------+----------------+------------------------+
Note: In order to hide this table in the UI and the text report file, please set the "Show Parameter Settings in Synthesis Report" option in "Analysis and Synthesis Settings -> More Settings" to "Off".


+------------------------------------------------------------------+
; Parameter Settings for Inferred Entity Instance: lpm_divide:Div1 ;
+------------------------+----------------+------------------------+
; Parameter Name         ; Value          ; Type                   ;
+------------------------+----------------+------------------------+
; LPM_WIDTHN             ; 7              ; Untyped                ;
; LPM_WIDTHD             ; 4              ; Untyped                ;
; LPM_NREPRESENTATION    ; UNSIGNED       ; Untyped                ;
; LPM_DREPRESENTATION    ; UNSIGNED       ; Untyped                ;
; LPM_PIPELINE           ; 0              ; Untyped                ;
; LPM_REMAINDERPOSITIVE  ; TRUE           ; Untyped                ;
; MAXIMIZE_SPEED         ; 5              ; Untyped                ;
; CBXI_PARAMETER         ; lpm_divide_ihm ; Untyped                ;
; CARRY_CHAIN            ; MANUAL         ; Untyped                ;
; OPTIMIZE_FOR_SPEED     ; 5              ; Untyped                ;
; AUTO_CARRY_CHAINS      ; ON             ; AUTO_CARRY             ;
; IGNORE_CARRY_BUFFERS   ; OFF            ; IGNORE_CARRY           ;
; AUTO_CASCADE_CHAINS    ; ON             ; AUTO_CASCADE           ;
; IGNORE_CASCADE_BUFFERS ; OFF            ; IGNORE_CASCADE         ;
+------------------------+----------------+------------------------+
Note: In order to hide this table in the UI and the text report file, please set the "Show Parameter Settings in Synthesis Report" option in "Analysis and Synthesis Settings -> More Settings" to "Off".


+------------------------------------------------------------------+
; Parameter Settings for Inferred Entity Instance: lpm_divide:Div0 ;
+------------------------+----------------+------------------------+
; Parameter Name         ; Value          ; Type                   ;
+------------------------+----------------+------------------------+
; LPM_WIDTHN             ; 8              ; Untyped                ;
; LPM_WIDTHD             ; 7              ; Untyped                ;
; LPM_NREPRESENTATION    ; UNSIGNED       ; Untyped                ;
; LPM_DREPRESENTATION    ; UNSIGNED       ; Untyped                ;
; LPM_PIPELINE           ; 0              ; Untyped                ;
; LPM_REMAINDERPOSITIVE  ; TRUE           ; Untyped                ;
; MAXIMIZE_SPEED         ; 5              ; Untyped                ;
; CBXI_PARAMETER         ; lpm_divide_mhm ; Untyped                ;
; CARRY_CHAIN            ; MANUAL         ; Untyped                ;
; OPTIMIZE_FOR_SPEED     ; 5              ; Untyped                ;
; AUTO_CARRY_CHAINS      ; ON             ; AUTO_CARRY             ;
; IGNORE_CARRY_BUFFERS   ; OFF            ; IGNORE_CARRY           ;
; AUTO_CASCADE_CHAINS    ; ON             ; AUTO_CASCADE           ;
; IGNORE_CASCADE_BUFFERS ; OFF            ; IGNORE_CASCADE         ;
+------------------------+----------------+------------------------+
Note: In order to hide this table in the UI and the text report file, please set the "Show Parameter Settings in Synthesis Report" option in "Analysis and Synthesis Settings -> More Settings" to "Off".


+------------------------------------------------------------------+
; Parameter Settings for Inferred Entity Instance: lpm_divide:Mod1 ;
+------------------------+----------------+------------------------+
; Parameter Name         ; Value          ; Type                   ;
+------------------------+----------------+------------------------+
; LPM_WIDTHN             ; 8              ; Untyped                ;
; LPM_WIDTHD             ; 4              ; Untyped                ;
; LPM_NREPRESENTATION    ; UNSIGNED       ; Untyped                ;
; LPM_DREPRESENTATION    ; UNSIGNED       ; Untyped                ;
; LPM_PIPELINE           ; 0              ; Untyped                ;
; LPM_REMAINDERPOSITIVE  ; TRUE           ; Untyped                ;
; MAXIMIZE_SPEED         ; 5              ; Untyped                ;
; CBXI_PARAMETER         ; lpm_divide_m9m ; Untyped                ;
; CARRY_CHAIN            ; MANUAL         ; Untyped                ;
; OPTIMIZE_FOR_SPEED     ; 5              ; Untyped                ;
; AUTO_CARRY_CHAINS      ; ON             ; AUTO_CARRY             ;
; IGNORE_CARRY_BUFFERS   ; OFF            ; IGNORE_CARRY           ;
; AUTO_CASCADE_CHAINS    ; ON             ; AUTO_CASCADE           ;
; IGNORE_CASCADE_BUFFERS ; OFF            ; IGNORE_CASCADE         ;
+------------------------+----------------+------------------------+
Note: In order to hide this table in the UI and the text report file, please set the "Show Parameter Settings in Synthesis Report" option in "Analysis and Synthesis Settings -> More Settings" to "Off".


+----------------------------------------------------------------------------------------------------------------------------------------------------------------------------------------------------------------------+
; Port Connectivity Checks: "lcd1602:U5"                                                                                                                                                                               ;
+--------------+-------+----------+------------------------------------------------------------------------------------------------------------------------------------------------------------------------------------+
; Port         ; Type  ; Severity ; Details                                                                                                                                                                            ;
+--------------+-------+----------+------------------------------------------------------------------------------------------------------------------------------------------------------------------------------------+
; data0[5..4]  ; Input ; Info     ; Stuck at GND                                                                                                                                                                       ;
; data0[2..0]  ; Input ; Info     ; Stuck at GND                                                                                                                                                                       ;
; data0[7]     ; Input ; Info     ; Stuck at GND                                                                                                                                                                       ;
; data0[6]     ; Input ; Info     ; Stuck at VCC                                                                                                                                                                       ;
; data0[3]     ; Input ; Info     ; Stuck at VCC                                                                                                                                                                       ;
; data1[5..3]  ; Input ; Info     ; Stuck at VCC                                                                                                                                                                       ;
; data1[7..6]  ; Input ; Info     ; Stuck at GND                                                                                                                                                                       ;
; data1[2]     ; Input ; Info     ; Stuck at GND                                                                                                                                                                       ;
; data1[1]     ; Input ; Info     ; Stuck at VCC                                                                                                                                                                       ;
; data1[0]     ; Input ; Info     ; Stuck at GND                                                                                                                                                                       ;
; data2[7..6]  ; Input ; Info     ; Stuck at GND                                                                                                                                                                       ;
; data2[4..0]  ; Input ; Info     ; Stuck at GND                                                                                                                                                                       ;
; data2[5]     ; Input ; Info     ; Stuck at VCC                                                                                                                                                                       ;
; data3[7..6]  ; Input ; Info     ; Stuck at GND                                                                                                                                                                       ;
; data3[4..0]  ; Input ; Info     ; Stuck at GND                                                                                                                                                                       ;
; data3[5]     ; Input ; Info     ; Stuck at VCC                                                                                                                                                                       ;
; data4[7..6]  ; Input ; Info     ; Stuck at GND                                                                                                                                                                       ;
; data4[4..0]  ; Input ; Info     ; Stuck at GND                                                                                                                                                                       ;
; data4[5]     ; Input ; Info     ; Stuck at VCC                                                                                                                                                                       ;
; data5[7..6]  ; Input ; Info     ; Stuck at GND                                                                                                                                                                       ;
; data5[4..0]  ; Input ; Info     ; Stuck at GND                                                                                                                                                                       ;
; data5[5]     ; Input ; Info     ; Stuck at VCC                                                                                                                                                                       ;
; data6[7..6]  ; Input ; Info     ; Stuck at GND                                                                                                                                                                       ;
; data6[4..0]  ; Input ; Info     ; Stuck at GND                                                                                                                                                                       ;
; data6[5]     ; Input ; Info     ; Stuck at VCC                                                                                                                                                                       ;
; data7[7..6]  ; Input ; Info     ; Stuck at GND                                                                                                                                                                       ;
; data7[4..0]  ; Input ; Info     ; Stuck at GND                                                                                                                                                                       ;
; data7[5]     ; Input ; Info     ; Stuck at VCC                                                                                                                                                                       ;
; data8[7..6]  ; Input ; Info     ; Stuck at GND                                                                                                                                                                       ;
; data8[4..0]  ; Input ; Info     ; Stuck at GND                                                                                                                                                                       ;
; data8[5]     ; Input ; Info     ; Stuck at VCC                                                                                                                                                                       ;
; data9[7..6]  ; Input ; Info     ; Stuck at GND                                                                                                                                                                       ;
; data9[4..0]  ; Input ; Info     ; Stuck at GND                                                                                                                                                                       ;
; data9[5]     ; Input ; Info     ; Stuck at VCC                                                                                                                                                                       ;
; data10[7..6] ; Input ; Info     ; Stuck at GND                                                                                                                                                                       ;
; data10[4..0] ; Input ; Info     ; Stuck at GND                                                                                                                                                                       ;
; data10[5]    ; Input ; Info     ; Stuck at VCC                                                                                                                                                                       ;
; data11[7..6] ; Input ; Info     ; Stuck at GND                                                                                                                                                                       ;
; data11[4..0] ; Input ; Info     ; Stuck at GND                                                                                                                                                                       ;
; data11[5]    ; Input ; Info     ; Stuck at VCC                                                                                                                                                                       ;
; data12[7..6] ; Input ; Info     ; Stuck at GND                                                                                                                                                                       ;
; data12[4..0] ; Input ; Info     ; Stuck at GND                                                                                                                                                                       ;
; data12[5]    ; Input ; Info     ; Stuck at VCC                                                                                                                                                                       ;
; data13[7..6] ; Input ; Info     ; Stuck at GND                                                                                                                                                                       ;
; data13[4..0] ; Input ; Info     ; Stuck at GND                                                                                                                                                                       ;
; data13[5]    ; Input ; Info     ; Stuck at VCC                                                                                                                                                                       ;
; data14[7..6] ; Input ; Info     ; Stuck at GND                                                                                                                                                                       ;
; data14[4..0] ; Input ; Info     ; Stuck at GND                                                                                                                                                                       ;
; data14[5]    ; Input ; Info     ; Stuck at VCC                                                                                                                                                                       ;
; data15[7..6] ; Input ; Info     ; Stuck at GND                                                                                                                                                                       ;
; data15[4..0] ; Input ; Info     ; Stuck at GND                                                                                                                                                                       ;
; data15[5]    ; Input ; Info     ; Stuck at VCC                                                                                                                                                                       ;
; data16[1..0] ; Input ; Info     ; Stuck at GND                                                                                                                                                                       ;
; data16[7]    ; Input ; Info     ; Stuck at GND                                                                                                                                                                       ;
; data16[6]    ; Input ; Info     ; Stuck at VCC                                                                                                                                                                       ;
; data16[5]    ; Input ; Info     ; Stuck at GND                                                                                                                                                                       ;
; data16[4]    ; Input ; Info     ; Stuck at VCC                                                                                                                                                                       ;
; data16[3]    ; Input ; Info     ; Stuck at GND                                                                                                                                                                       ;
; data16[2]    ; Input ; Info     ; Stuck at VCC                                                                                                                                                                       ;
; data17[5..3] ; Input ; Info     ; Stuck at VCC                                                                                                                                                                       ;
; data17[7..6] ; Input ; Info     ; Stuck at GND                                                                                                                                                                       ;
; data17[2]    ; Input ; Info     ; Stuck at GND                                                                                                                                                                       ;
; data17[1]    ; Input ; Info     ; Stuck at VCC                                                                                                                                                                       ;
; data17[0]    ; Input ; Info     ; Stuck at GND                                                                                                                                                                       ;
; data18[7..6] ; Input ; Info     ; Stuck at GND                                                                                                                                                                       ;
; data18[4..0] ; Input ; Info     ; Stuck at GND                                                                                                                                                                       ;
; data18[5]    ; Input ; Info     ; Stuck at VCC                                                                                                                                                                       ;
; data19[7..6] ; Input ; Info     ; Stuck at GND                                                                                                                                                                       ;
; data19[4..0] ; Input ; Info     ; Stuck at GND                                                                                                                                                                       ;
; data19[5]    ; Input ; Info     ; Stuck at VCC                                                                                                                                                                       ;
; data20[3..1] ; Input ; Info     ; Stuck at VCC                                                                                                                                                                       ;
; data20[7..6] ; Input ; Info     ; Stuck at GND                                                                                                                                                                       ;
; data20[5]    ; Input ; Info     ; Stuck at VCC                                                                                                                                                                       ;
; data20[4]    ; Input ; Info     ; Stuck at GND                                                                                                                                                                       ;
; data20[0]    ; Input ; Info     ; Stuck at GND                                                                                                                                                                       ;
; data21[7..6] ; Input ; Info     ; Stuck at GND                                                                                                                                                                       ;
; data21[4..0] ; Input ; Info     ; Stuck at GND                                                                                                                                                                       ;
; data21[5]    ; Input ; Info     ; Stuck at VCC                                                                                                                                                                       ;
; data22[7..6] ; Input ; Info     ; Stuck at GND                                                                                                                                                                       ;
; data22[4..0] ; Input ; Info     ; Stuck at GND                                                                                                                                                                       ;
; data22[5]    ; Input ; Info     ; Stuck at VCC                                                                                                                                                                       ;
; data23[7..6] ; Input ; Info     ; Stuck at GND                                                                                                                                                                       ;
; data23[4..0] ; Input ; Info     ; Stuck at GND                                                                                                                                                                       ;
; data23[5]    ; Input ; Info     ; Stuck at VCC                                                                                                                                                                       ;
; data24[7..6] ; Input ; Info     ; Stuck at GND                                                                                                                                                                       ;
; data24[4..0] ; Input ; Info     ; Stuck at GND                                                                                                                                                                       ;
; data24[5]    ; Input ; Info     ; Stuck at VCC                                                                                                                                                                       ;
; data25[7..6] ; Input ; Info     ; Stuck at GND                                                                                                                                                                       ;
; data25[4..0] ; Input ; Info     ; Stuck at GND                                                                                                                                                                       ;
; data25[5]    ; Input ; Info     ; Stuck at VCC                                                                                                                                                                       ;
; data26       ; Input ; Warning  ; Input port expression (32 bits) is wider than the input port (8 bits) it drives.  The 24 most-significant bit(s) in the expression will be dangling if they have no other fanouts. ;
; data27       ; Input ; Warning  ; Input port expression (32 bits) is wider than the input port (8 bits) it drives.  The 24 most-significant bit(s) in the expression will be dangling if they have no other fanouts. ;
; data28       ; Input ; Warning  ; Input port expression (32 bits) is wider than the input port (8 bits) it drives.  The 24 most-significant bit(s) in the expression will be dangling if they have no other fanouts. ;
; data28[5..4] ; Input ; Info     ; Stuck at VCC                                                                                                                                                                       ;
; data28[7..6] ; Input ; Info     ; Stuck at GND                                                                                                                                                                       ;
; data29       ; Input ; Warning  ; Input port expression (4 bits) is smaller than the input port (8 bits) it drives.  Extra input bit(s) "data29[7..4]" will be connected to GND.                                     ;
; data30       ; Input ; Warning  ; Input port expression (4 bits) is smaller than the input port (8 bits) it drives.  Extra input bit(s) "data30[7..4]" will be connected to GND.                                     ;
; data31[7..6] ; Input ; Info     ; Stuck at GND                                                                                                                                                                       ;
; data31[4..0] ; Input ; Info     ; Stuck at GND                                                                                                                                                                       ;
; data31[5]    ; Input ; Info     ; Stuck at VCC                                                                                                                                                                       ;
+--------------+-------+----------+------------------------------------------------------------------------------------------------------------------------------------------------------------------------------------+


+-----------------------------------------------+
; Port Connectivity Checks: "ad:pcf8591"        ;
+-------------+-------+----------+--------------+
; Port        ; Type  ; Severity ; Details      ;
+-------------+-------+----------+--------------+
; controlword ; Input ; Info     ; Stuck at GND ;
; ren         ; Input ; Info     ; Stuck at VCC ;
+-------------+-------+----------+--------------+


+-------------------------------+
; Elapsed Time Per Partition    ;
+----------------+--------------+
; Partition Name ; Elapsed Time ;
+----------------+--------------+
; Top            ; 00:00:02     ;
+----------------+--------------+


+-------------------------------+
; Analysis & Synthesis Messages ;
+-------------------------------+
Info: *******************************************************************
Info: Running Quartus II 64-Bit Analysis & Synthesis
    Info: Version 13.0.0 Build 156 04/24/2013 SJ Web Edition
    Info: Processing started: Mon Mar 25 17:41:12 2019
Info: Command: quartus_map --read_settings_files=on --write_settings_files=off lcd1602 -c lcd1602
Warning (20028): Parallel compilation is not licensed and has been disabled
Info (12021): Found 1 design units, including 1 entities, in source file source/ad.v
    Info (12023): Found entity 1: ad
Info (12021): Found 1 design units, including 1 entities, in source file source/lcd1602.v
    Info (12023): Found entity 1: lcd1602
Warning (10238): Verilog Module Declaration warning at top.v(9): ignored anonymous port(s) indicated by duplicate or dangling comma(s) in the port list for module "top"
Info (12021): Found 1 design units, including 1 entities, in source file source/top.v
    Info (12023): Found entity 1: top
Info (12127): Elaborating entity "top" for the top level hierarchy
Info (12128): Elaborating entity "ad" for hierarchy "ad:pcf8591"
Warning (10036): Verilog HDL or VHDL warning at ad.v(47): object "temp" assigned a value but never read
Info (12128): Elaborating entity "lcd1602" for hierarchy "lcd1602:U5"
Info (278001): Inferred 4 megafunctions from design logic
    Info (278004): Inferred divider/modulo megafunction ("lpm_divide") from the following logic: "Mod0"
    Info (278004): Inferred divider/modulo megafunction ("lpm_divide") from the following logic: "Div1"
    Info (278004): Inferred divider/modulo megafunction ("lpm_divide") from the following logic: "Div0"
    Info (278004): Inferred divider/modulo megafunction ("lpm_divide") from the following logic: "Mod1"
Info (12130): Elaborated megafunction instantiation "lpm_divide:Mod0"
Info (12133): Instantiated megafunction "lpm_divide:Mod0" with the following parameter:
    Info (12134): Parameter "LPM_WIDTHN" = "8"
    Info (12134): Parameter "LPM_WIDTHD" = "7"
    Info (12134): Parameter "LPM_NREPRESENTATION" = "UNSIGNED"
    Info (12134): Parameter "LPM_DREPRESENTATION" = "UNSIGNED"
Info (12021): Found 1 design units, including 1 entities, in source file db/lpm_divide_p9m.tdf
    Info (12023): Found entity 1: lpm_divide_p9m
Info (12021): Found 1 design units, including 1 entities, in source file db/sign_div_unsign_ekh.tdf
    Info (12023): Found entity 1: sign_div_unsign_ekh
Info (12021): Found 1 design units, including 1 entities, in source file db/alt_u_div_g4f.tdf
    Info (12023): Found entity 1: alt_u_div_g4f
Info (12021): Found 1 design units, including 1 entities, in source file db/add_sub_7pc.tdf
    Info (12023): Found entity 1: add_sub_7pc
Info (12021): Found 1 design units, including 1 entities, in source file db/add_sub_8pc.tdf
    Info (12023): Found entity 1: add_sub_8pc
Info (12130): Elaborated megafunction instantiation "lpm_divide:Div1"
Info (12133): Instantiated megafunction "lpm_divide:Div1" with the following parameter:
    Info (12134): Parameter "LPM_WIDTHN" = "7"
    Info (12134): Parameter "LPM_WIDTHD" = "4"
    Info (12134): Parameter "LPM_NREPRESENTATION" = "UNSIGNED"
    Info (12134): Parameter "LPM_DREPRESENTATION" = "UNSIGNED"
Info (12021): Found 1 design units, including 1 entities, in source file db/lpm_divide_ihm.tdf
    Info (12023): Found entity 1: lpm_divide_ihm
Info (12021): Found 1 design units, including 1 entities, in source file db/sign_div_unsign_akh.tdf
    Info (12023): Found entity 1: sign_div_unsign_akh
Info (12021): Found 1 design units, including 1 entities, in source file db/alt_u_div_84f.tdf
    Info (12023): Found entity 1: alt_u_div_84f
Info (12130): Elaborated megafunction instantiation "lpm_divide:Div0"
Info (12133): Instantiated megafunction "lpm_divide:Div0" with the following parameter:
    Info (12134): Parameter "LPM_WIDTHN" = "8"
    Info (12134): Parameter "LPM_WIDTHD" = "7"
    Info (12134): Parameter "LPM_NREPRESENTATION" = "UNSIGNED"
    Info (12134): Parameter "LPM_DREPRESENTATION" = "UNSIGNED"
Info (12021): Found 1 design units, including 1 entities, in source file db/lpm_divide_mhm.tdf
    Info (12023): Found entity 1: lpm_divide_mhm
Info (12130): Elaborated megafunction instantiation "lpm_divide:Mod1"
Info (12133): Instantiated megafunction "lpm_divide:Mod1" with the following parameter:
    Info (12134): Parameter "LPM_WIDTHN" = "8"
    Info (12134): Parameter "LPM_WIDTHD" = "4"
    Info (12134): Parameter "LPM_NREPRESENTATION" = "UNSIGNED"
    Info (12134): Parameter "LPM_DREPRESENTATION" = "UNSIGNED"
Info (12021): Found 1 design units, including 1 entities, in source file db/lpm_divide_m9m.tdf
    Info (12023): Found entity 1: lpm_divide_m9m
Info (12021): Found 1 design units, including 1 entities, in source file db/sign_div_unsign_bkh.tdf
    Info (12023): Found entity 1: sign_div_unsign_bkh
Info (12021): Found 1 design units, including 1 entities, in source file db/alt_u_div_a4f.tdf
    Info (12023): Found entity 1: alt_u_div_a4f
Warning (12241): 1 hierarchies have connectivity warnings - see the Connectivity Checks report folder
Warning (13024): Output pins are stuck at VCC or GND
    Warning (13410): Pin "lcd_rw" is stuck at GND
Info (286030): Timing-Driven Synthesis is running
Info (17049): 3 registers lost all their fanouts during netlist optimizations.
Info (144001): Generated suppressed messages file C:/Users/Gonglja/Desktop/jingjian/Connect to my own server/output_files/lcd1602.map.smsg
Info (16010): Generating hard_block partition "hard_block:auto_generated_inst"
    Info (16011): Adding 0 node(s), including 0 DDIO, 0 PLL, 0 transceiver and 0 LCELL
Info (21057): Implemented 493 device resources after synthesis - the final resource count might be different
    Info (21058): Implemented 2 input pins
    Info (21059): Implemented 12 output pins
    Info (21060): Implemented 1 bidirectional pins
    Info (21061): Implemented 478 logic cells
Info: Quartus II 64-Bit Analysis & Synthesis was successful. 0 errors, 6 warnings
    Info: Peak virtual memory: 4625 megabytes
    Info: Processing ended: Mon Mar 25 17:41:18 2019
    Info: Elapsed time: 00:00:06
    Info: Total CPU time (on all processors): 00:00:05


+------------------------------------------+
; Analysis & Synthesis Suppressed Messages ;
+------------------------------------------+
The suppressed messages can be found in C:/Users/Gonglja/Desktop/jingjian/Connect to my own server/output_files/lcd1602.map.smsg.


