Analysis & Synthesis report for lcd1602
Thu May 30 15:27:11 2019
Quartus II 64-Bit Version 13.0.0 Build 156 04/24/2013 SJ Web Edition


---------------------
; Table of Contents ;
---------------------
  1. Legal Notice
  2. Analysis & Synthesis Summary
  3. Analysis & Synthesis Settings
  4. Parallel Compilation
  5. Analysis & Synthesis Source Files Read
  6. Analysis & Synthesis Resource Usage Summary
  7. Analysis & Synthesis Resource Utilization by Entity
  8. State Machine - |top|ad:pcf8591|ack
  9. State Machine - |top|dht11:DHT11|state
 10. Registers Removed During Synthesis
 11. General Register Statistics
 12. Inverted Register Statistics
 13. Multiplexer Restructuring Statistics (Restructuring Performed)
 14. Parameter Settings for User Entity Instance: Top-level Entity: |top
 15. Parameter Settings for User Entity Instance: DVF:dvf
 16. Parameter Settings for User Entity Instance: dht11:DHT11
 17. Parameter Settings for User Entity Instance: ad:pcf8591
 18. Parameter Settings for User Entity Instance: lcd1602:U5
 19. Parameter Settings for Inferred Entity Instance: lpm_divide:Mod6
 20. Parameter Settings for Inferred Entity Instance: lpm_divide:Mod2
 21. Parameter Settings for Inferred Entity Instance: lpm_divide:Mod5
 22. Parameter Settings for Inferred Entity Instance: lpm_divide:Div4
 23. Parameter Settings for Inferred Entity Instance: lpm_divide:Mod1
 24. Parameter Settings for Inferred Entity Instance: lpm_divide:Div3
 25. Parameter Settings for Inferred Entity Instance: lpm_divide:Mod3
 26. Parameter Settings for Inferred Entity Instance: lpm_divide:Div2
 27. Parameter Settings for Inferred Entity Instance: lpm_divide:Mod4
 28. Parameter Settings for Inferred Entity Instance: lpm_divide:Mod0
 29. Parameter Settings for Inferred Entity Instance: lpm_divide:Div0
 30. Parameter Settings for Inferred Entity Instance: lpm_divide:Div1
 31. Port Connectivity Checks: "lcd1602:U5"
 32. Port Connectivity Checks: "ad:pcf8591"
 33. Port Connectivity Checks: "dht11:DHT11"
 34. Port Connectivity Checks: "DVF:dvf"
 35. Port Connectivity Checks: "esp8266_decode:decode"
 36. Port Connectivity Checks: "esp8266_encode:encode"
 37. Port Connectivity Checks: "clk_set:CLK_UART"
 38. Elapsed Time Per Partition
 39. Analysis & Synthesis Messages
 40. Analysis & Synthesis Suppressed Messages



----------------
; Legal Notice ;
----------------
Copyright (C) 1991-2013 Altera Corporation
Your use of Altera Corporation's design tools, logic functions 
and other software and tools, and its AMPP partner logic 
functions, and any output files from any of the foregoing 
(including device programming or simulation files), and any 
associated documentation or information are expressly subject 
to the terms and conditions of the Altera Program License 
Subscription Agreement, Altera MegaCore Function License 
Agreement, or other applicable license agreement, including, 
without limitation, that your use is for the sole purpose of 
programming logic devices manufactured by Altera and sold by 
Altera or its authorized distributors.  Please refer to the 
applicable agreement for further details.



+---------------------------------------------------------------------------------+
; Analysis & Synthesis Summary                                                    ;
+------------------------------------+--------------------------------------------+
; Analysis & Synthesis Status        ; Successful - Thu May 30 15:27:11 2019      ;
; Quartus II 64-Bit Version          ; 13.0.0 Build 156 04/24/2013 SJ Web Edition ;
; Revision Name                      ; lcd1602                                    ;
; Top-level Entity Name              ; top                                        ;
; Family                             ; Cyclone IV E                               ;
; Total logic elements               ; 1,517                                      ;
;     Total combinational functions  ; 1,417                                      ;
;     Dedicated logic registers      ; 388                                        ;
; Total registers                    ; 388                                        ;
; Total pins                         ; 21                                         ;
; Total virtual pins                 ; 0                                          ;
; Total memory bits                  ; 0                                          ;
; Embedded Multiplier 9-bit elements ; 0                                          ;
; Total PLLs                         ; 0                                          ;
+------------------------------------+--------------------------------------------+


+----------------------------------------------------------------------------------------------------------------------+
; Analysis & Synthesis Settings                                                                                        ;
+----------------------------------------------------------------------------+--------------------+--------------------+
; Option                                                                     ; Setting            ; Default Value      ;
+----------------------------------------------------------------------------+--------------------+--------------------+
; Device                                                                     ; EP4CE6E22C8        ;                    ;
; Top-level entity name                                                      ; top                ; lcd1602            ;
; Family name                                                                ; Cyclone IV E       ; Cyclone V          ;
; Maximum processors allowed for parallel compilation                        ; All                ;                    ;
; Use smart compilation                                                      ; Off                ; Off                ;
; Enable parallel Assembler and TimeQuest Timing Analyzer during compilation ; On                 ; On                 ;
; Enable compact report table                                                ; Off                ; Off                ;
; Restructure Multiplexers                                                   ; Auto               ; Auto               ;
; Create Debugging Nodes for IP Cores                                        ; Off                ; Off                ;
; Preserve fewer node names                                                  ; On                 ; On                 ;
; Disable OpenCore Plus hardware evaluation                                  ; Off                ; Off                ;
; Verilog Version                                                            ; Verilog_2001       ; Verilog_2001       ;
; VHDL Version                                                               ; VHDL_1993          ; VHDL_1993          ;
; State Machine Processing                                                   ; Auto               ; Auto               ;
; Safe State Machine                                                         ; Off                ; Off                ;
; Extract Verilog State Machines                                             ; On                 ; On                 ;
; Extract VHDL State Machines                                                ; On                 ; On                 ;
; Ignore Verilog initial constructs                                          ; Off                ; Off                ;
; Iteration limit for constant Verilog loops                                 ; 5000               ; 5000               ;
; Iteration limit for non-constant Verilog loops                             ; 250                ; 250                ;
; Add Pass-Through Logic to Inferred RAMs                                    ; On                 ; On                 ;
; Infer RAMs from Raw Logic                                                  ; On                 ; On                 ;
; Parallel Synthesis                                                         ; On                 ; On                 ;
; DSP Block Balancing                                                        ; Auto               ; Auto               ;
; NOT Gate Push-Back                                                         ; On                 ; On                 ;
; Power-Up Don't Care                                                        ; On                 ; On                 ;
; Remove Redundant Logic Cells                                               ; Off                ; Off                ;
; Remove Duplicate Registers                                                 ; On                 ; On                 ;
; Ignore CARRY Buffers                                                       ; Off                ; Off                ;
; Ignore CASCADE Buffers                                                     ; Off                ; Off                ;
; Ignore GLOBAL Buffers                                                      ; Off                ; Off                ;
; Ignore ROW GLOBAL Buffers                                                  ; Off                ; Off                ;
; Ignore LCELL Buffers                                                       ; Off                ; Off                ;
; Ignore SOFT Buffers                                                        ; On                 ; On                 ;
; Limit AHDL Integers to 32 Bits                                             ; Off                ; Off                ;
; Optimization Technique                                                     ; Balanced           ; Balanced           ;
; Carry Chain Length                                                         ; 70                 ; 70                 ;
; Auto Carry Chains                                                          ; On                 ; On                 ;
; Auto Open-Drain Pins                                                       ; On                 ; On                 ;
; Perform WYSIWYG Primitive Resynthesis                                      ; Off                ; Off                ;
; Auto ROM Replacement                                                       ; On                 ; On                 ;
; Auto RAM Replacement                                                       ; On                 ; On                 ;
; Auto DSP Block Replacement                                                 ; On                 ; On                 ;
; Auto Shift Register Replacement                                            ; Auto               ; Auto               ;
; Allow Shift Register Merging across Hierarchies                            ; Auto               ; Auto               ;
; Auto Clock Enable Replacement                                              ; On                 ; On                 ;
; Strict RAM Replacement                                                     ; Off                ; Off                ;
; Allow Synchronous Control Signals                                          ; On                 ; On                 ;
; Force Use of Synchronous Clear Signals                                     ; Off                ; Off                ;
; Auto RAM Block Balancing                                                   ; On                 ; On                 ;
; Auto RAM to Logic Cell Conversion                                          ; Off                ; Off                ;
; Auto Resource Sharing                                                      ; Off                ; Off                ;
; Allow Any RAM Size For Recognition                                         ; Off                ; Off                ;
; Allow Any ROM Size For Recognition                                         ; Off                ; Off                ;
; Allow Any Shift Register Size For Recognition                              ; Off                ; Off                ;
; Use LogicLock Constraints during Resource Balancing                        ; On                 ; On                 ;
; Ignore translate_off and synthesis_off directives                          ; Off                ; Off                ;
; Timing-Driven Synthesis                                                    ; On                 ; On                 ;
; Report Parameter Settings                                                  ; On                 ; On                 ;
; Report Source Assignments                                                  ; On                 ; On                 ;
; Report Connectivity Checks                                                 ; On                 ; On                 ;
; Ignore Maximum Fan-Out Assignments                                         ; Off                ; Off                ;
; Synchronization Register Chain Length                                      ; 2                  ; 2                  ;
; PowerPlay Power Optimization                                               ; Normal compilation ; Normal compilation ;
; HDL message level                                                          ; Level2             ; Level2             ;
; Suppress Register Optimization Related Messages                            ; Off                ; Off                ;
; Number of Removed Registers Reported in Synthesis Report                   ; 5000               ; 5000               ;
; Number of Swept Nodes Reported in Synthesis Report                         ; 5000               ; 5000               ;
; Number of Inverted Registers Reported in Synthesis Report                  ; 100                ; 100                ;
; Clock MUX Protection                                                       ; On                 ; On                 ;
; Auto Gated Clock Conversion                                                ; Off                ; Off                ;
; Block Design Naming                                                        ; Auto               ; Auto               ;
; SDC constraint protection                                                  ; Off                ; Off                ;
; Synthesis Effort                                                           ; Auto               ; Auto               ;
; Shift Register Replacement - Allow Asynchronous Clear Signal               ; On                 ; On                 ;
; Pre-Mapping Resynthesis Optimization                                       ; Off                ; Off                ;
; Analysis & Synthesis Message Level                                         ; Medium             ; Medium             ;
; Disable Register Merging Across Hierarchies                                ; Auto               ; Auto               ;
; Resource Aware Inference For Block RAM                                     ; On                 ; On                 ;
; Synthesis Seed                                                             ; 1                  ; 1                  ;
+----------------------------------------------------------------------------+--------------------+--------------------+


+------------------------------------------+
; Parallel Compilation                     ;
+----------------------------+-------------+
; Processors                 ; Number      ;
+----------------------------+-------------+
; Number detected on machine ; 6           ;
; Maximum allowed            ; 6           ;
;                            ;             ;
; Average used               ; 1.00        ;
; Maximum used               ; 6           ;
;                            ;             ;
; Usage by Processor         ; % Time Used ;
;     Processor 1            ; 100.0%      ;
;     Processors 2-6         ; < 0.1%      ;
+----------------------------+-------------+


+---------------------------------------------------------------------------------------------------------------------------------------------------------------------------------------------+
; Analysis & Synthesis Source Files Read                                                                                                                                                      ;
+----------------------------------+-----------------+------------------------------+-----------------------------------------------------------------------------------------------+---------+
; File Name with User-Entered Path ; Used in Netlist ; File Type                    ; File Name with Absolute Path                                                                  ; Library ;
+----------------------------------+-----------------+------------------------------+-----------------------------------------------------------------------------------------------+---------+
; source/ad.v                      ; yes             ; User Verilog HDL File        ; C:/Users/Gonglja/Desktop/TempCode/Verilog/Connect to my own server/source/ad.v                ;         ;
; source/dvf.v                     ; yes             ; User Verilog HDL File        ; C:/Users/Gonglja/Desktop/TempCode/Verilog/Connect to my own server/source/dvf.v               ;         ;
; source/dht11.v                   ; yes             ; User Verilog HDL File        ; C:/Users/Gonglja/Desktop/TempCode/Verilog/Connect to my own server/source/dht11.v             ;         ;
; source/esp8266_encode.v          ; yes             ; User Verilog HDL File        ; C:/Users/Gonglja/Desktop/TempCode/Verilog/Connect to my own server/source/esp8266_encode.v    ;         ;
; source/esp8266_decode.v          ; yes             ; User Verilog HDL File        ; C:/Users/Gonglja/Desktop/TempCode/Verilog/Connect to my own server/source/esp8266_decode.v    ;         ;
; source/clk_set.v                 ; yes             ; User Verilog HDL File        ; C:/Users/Gonglja/Desktop/TempCode/Verilog/Connect to my own server/source/clk_set.v           ;         ;
; source/lcd1602.v                 ; yes             ; User Verilog HDL File        ; C:/Users/Gonglja/Desktop/TempCode/Verilog/Connect to my own server/source/lcd1602.v           ;         ;
; source/uart_tx.v                 ; yes             ; User Verilog HDL File        ; C:/Users/Gonglja/Desktop/TempCode/Verilog/Connect to my own server/source/uart_tx.v           ;         ;
; source/uart_rx.v                 ; yes             ; User Verilog HDL File        ; C:/Users/Gonglja/Desktop/TempCode/Verilog/Connect to my own server/source/uart_rx.v           ;         ;
; source/top.v                     ; yes             ; User Verilog HDL File        ; C:/Users/Gonglja/Desktop/TempCode/Verilog/Connect to my own server/source/top.v               ;         ;
; lpm_divide.tdf                   ; yes             ; Megafunction                 ; d:/1/altera/13.0/quartus/libraries/megafunctions/lpm_divide.tdf                               ;         ;
; abs_divider.inc                  ; yes             ; Megafunction                 ; d:/1/altera/13.0/quartus/libraries/megafunctions/abs_divider.inc                              ;         ;
; sign_div_unsign.inc              ; yes             ; Megafunction                 ; d:/1/altera/13.0/quartus/libraries/megafunctions/sign_div_unsign.inc                          ;         ;
; aglobal130.inc                   ; yes             ; Megafunction                 ; d:/1/altera/13.0/quartus/libraries/megafunctions/aglobal130.inc                               ;         ;
; db/lpm_divide_m9m.tdf            ; yes             ; Auto-Generated Megafunction  ; C:/Users/Gonglja/Desktop/TempCode/Verilog/Connect to my own server/db/lpm_divide_m9m.tdf      ;         ;
; db/sign_div_unsign_bkh.tdf       ; yes             ; Auto-Generated Megafunction  ; C:/Users/Gonglja/Desktop/TempCode/Verilog/Connect to my own server/db/sign_div_unsign_bkh.tdf ;         ;
; db/alt_u_div_a4f.tdf             ; yes             ; Auto-Generated Megafunction  ; C:/Users/Gonglja/Desktop/TempCode/Verilog/Connect to my own server/db/alt_u_div_a4f.tdf       ;         ;
; db/add_sub_7pc.tdf               ; yes             ; Auto-Generated Megafunction  ; C:/Users/Gonglja/Desktop/TempCode/Verilog/Connect to my own server/db/add_sub_7pc.tdf         ;         ;
; db/add_sub_8pc.tdf               ; yes             ; Auto-Generated Megafunction  ; C:/Users/Gonglja/Desktop/TempCode/Verilog/Connect to my own server/db/add_sub_8pc.tdf         ;         ;
; db/lpm_divide_5bm.tdf            ; yes             ; Auto-Generated Megafunction  ; C:/Users/Gonglja/Desktop/TempCode/Verilog/Connect to my own server/db/lpm_divide_5bm.tdf      ;         ;
; db/sign_div_unsign_qlh.tdf       ; yes             ; Auto-Generated Megafunction  ; C:/Users/Gonglja/Desktop/TempCode/Verilog/Connect to my own server/db/sign_div_unsign_qlh.tdf ;         ;
; db/alt_u_div_87f.tdf             ; yes             ; Auto-Generated Megafunction  ; C:/Users/Gonglja/Desktop/TempCode/Verilog/Connect to my own server/db/alt_u_div_87f.tdf       ;         ;
; db/lpm_divide_p9m.tdf            ; yes             ; Auto-Generated Megafunction  ; C:/Users/Gonglja/Desktop/TempCode/Verilog/Connect to my own server/db/lpm_divide_p9m.tdf      ;         ;
; db/sign_div_unsign_ekh.tdf       ; yes             ; Auto-Generated Megafunction  ; C:/Users/Gonglja/Desktop/TempCode/Verilog/Connect to my own server/db/sign_div_unsign_ekh.tdf ;         ;
; db/alt_u_div_g4f.tdf             ; yes             ; Auto-Generated Megafunction  ; C:/Users/Gonglja/Desktop/TempCode/Verilog/Connect to my own server/db/alt_u_div_g4f.tdf       ;         ;
; db/lpm_divide_ihm.tdf            ; yes             ; Auto-Generated Megafunction  ; C:/Users/Gonglja/Desktop/TempCode/Verilog/Connect to my own server/db/lpm_divide_ihm.tdf      ;         ;
; db/sign_div_unsign_akh.tdf       ; yes             ; Auto-Generated Megafunction  ; C:/Users/Gonglja/Desktop/TempCode/Verilog/Connect to my own server/db/sign_div_unsign_akh.tdf ;         ;
; db/alt_u_div_84f.tdf             ; yes             ; Auto-Generated Megafunction  ; C:/Users/Gonglja/Desktop/TempCode/Verilog/Connect to my own server/db/alt_u_div_84f.tdf       ;         ;
; db/lpm_divide_mhm.tdf            ; yes             ; Auto-Generated Megafunction  ; C:/Users/Gonglja/Desktop/TempCode/Verilog/Connect to my own server/db/lpm_divide_mhm.tdf      ;         ;
+----------------------------------+-----------------+------------------------------+-----------------------------------------------------------------------------------------------+---------+


+-----------------------------------------------------------+
; Analysis & Synthesis Resource Usage Summary               ;
+---------------------------------------------+-------------+
; Resource                                    ; Usage       ;
+---------------------------------------------+-------------+
; Estimated Total logic elements              ; 1,517       ;
;                                             ;             ;
; Total combinational functions               ; 1417        ;
; Logic element usage by number of LUT inputs ;             ;
;     -- 4 input functions                    ; 497         ;
;     -- 3 input functions                    ; 279         ;
;     -- <=2 input functions                  ; 641         ;
;                                             ;             ;
; Logic elements by mode                      ;             ;
;     -- normal mode                          ; 1020        ;
;     -- arithmetic mode                      ; 397         ;
;                                             ;             ;
; Total registers                             ; 388         ;
;     -- Dedicated logic registers            ; 388         ;
;     -- I/O registers                        ; 0           ;
;                                             ;             ;
; I/O pins                                    ; 21          ;
; Embedded Multiplier 9-bit elements          ; 0           ;
; Maximum fan-out node                        ; rst_n~input ;
; Maximum fan-out                             ; 185         ;
; Total fan-out                               ; 5323        ;
; Average fan-out                             ; 2.88        ;
+---------------------------------------------+-------------+


+--------------------------------------------------------------------------------------------------------------------------------------------------------------------------------------------------------------------------------------------------------------------------+
; Analysis & Synthesis Resource Utilization by Entity                                                                                                                                                                                                                      ;
+----------------------------------------+-------------------+--------------+-------------+--------------+---------+-----------+------+--------------+------------------------------------------------------------------------------------------------------+--------------+
; Compilation Hierarchy Node             ; LC Combinationals ; LC Registers ; Memory Bits ; DSP Elements ; DSP 9x9 ; DSP 18x18 ; Pins ; Virtual Pins ; Full Hierarchy Name                                                                                  ; Library Name ;
+----------------------------------------+-------------------+--------------+-------------+--------------+---------+-----------+------+--------------+------------------------------------------------------------------------------------------------------+--------------+
; |top                                   ; 1417 (1)          ; 388 (0)      ; 0           ; 0            ; 0       ; 0         ; 21   ; 0            ; |top                                                                                                 ;              ;
;    |ad:pcf8591|                        ; 183 (183)         ; 45 (45)      ; 0           ; 0            ; 0       ; 0         ; 0    ; 0            ; |top|ad:pcf8591                                                                                      ;              ;
;    |clk_set:CLK_UART|                  ; 27 (27)           ; 17 (17)      ; 0           ; 0            ; 0       ; 0         ; 0    ; 0            ; |top|clk_set:CLK_UART                                                                                ;              ;
;    |dht11:DHT11|                       ; 130 (130)         ; 151 (151)    ; 0           ; 0            ; 0       ; 0         ; 0    ; 0            ; |top|dht11:DHT11                                                                                     ;              ;
;    |esp8266_decode:decode|             ; 12 (12)           ; 12 (12)      ; 0           ; 0            ; 0       ; 0         ; 0    ; 0            ; |top|esp8266_decode:decode                                                                           ;              ;
;    |esp8266_encode:encode|             ; 196 (196)         ; 70 (70)      ; 0           ; 0            ; 0       ; 0         ; 0    ; 0            ; |top|esp8266_encode:encode                                                                           ;              ;
;    |lcd1602:U5|                        ; 136 (136)         ; 50 (50)      ; 0           ; 0            ; 0       ; 0         ; 0    ; 0            ; |top|lcd1602:U5                                                                                      ;              ;
;    |lpm_divide:Div0|                   ; 46 (0)            ; 0 (0)        ; 0           ; 0            ; 0       ; 0         ; 0    ; 0            ; |top|lpm_divide:Div0                                                                                 ;              ;
;       |lpm_divide_ihm:auto_generated|  ; 46 (0)            ; 0 (0)        ; 0           ; 0            ; 0       ; 0         ; 0    ; 0            ; |top|lpm_divide:Div0|lpm_divide_ihm:auto_generated                                                   ;              ;
;          |sign_div_unsign_akh:divider| ; 46 (0)            ; 0 (0)        ; 0           ; 0            ; 0       ; 0         ; 0    ; 0            ; |top|lpm_divide:Div0|lpm_divide_ihm:auto_generated|sign_div_unsign_akh:divider                       ;              ;
;             |alt_u_div_84f:divider|    ; 46 (46)           ; 0 (0)        ; 0           ; 0            ; 0       ; 0         ; 0    ; 0            ; |top|lpm_divide:Div0|lpm_divide_ihm:auto_generated|sign_div_unsign_akh:divider|alt_u_div_84f:divider ;              ;
;    |lpm_divide:Div1|                   ; 25 (0)            ; 0 (0)        ; 0           ; 0            ; 0       ; 0         ; 0    ; 0            ; |top|lpm_divide:Div1                                                                                 ;              ;
;       |lpm_divide_mhm:auto_generated|  ; 25 (0)            ; 0 (0)        ; 0           ; 0            ; 0       ; 0         ; 0    ; 0            ; |top|lpm_divide:Div1|lpm_divide_mhm:auto_generated                                                   ;              ;
;          |sign_div_unsign_ekh:divider| ; 25 (0)            ; 0 (0)        ; 0           ; 0            ; 0       ; 0         ; 0    ; 0            ; |top|lpm_divide:Div1|lpm_divide_mhm:auto_generated|sign_div_unsign_ekh:divider                       ;              ;
;             |alt_u_div_g4f:divider|    ; 25 (25)           ; 0 (0)        ; 0           ; 0            ; 0       ; 0         ; 0    ; 0            ; |top|lpm_divide:Div1|lpm_divide_mhm:auto_generated|sign_div_unsign_ekh:divider|alt_u_div_g4f:divider ;              ;
;    |lpm_divide:Div2|                   ; 46 (0)            ; 0 (0)        ; 0           ; 0            ; 0       ; 0         ; 0    ; 0            ; |top|lpm_divide:Div2                                                                                 ;              ;
;       |lpm_divide_ihm:auto_generated|  ; 46 (0)            ; 0 (0)        ; 0           ; 0            ; 0       ; 0         ; 0    ; 0            ; |top|lpm_divide:Div2|lpm_divide_ihm:auto_generated                                                   ;              ;
;          |sign_div_unsign_akh:divider| ; 46 (0)            ; 0 (0)        ; 0           ; 0            ; 0       ; 0         ; 0    ; 0            ; |top|lpm_divide:Div2|lpm_divide_ihm:auto_generated|sign_div_unsign_akh:divider                       ;              ;
;             |alt_u_div_84f:divider|    ; 46 (46)           ; 0 (0)        ; 0           ; 0            ; 0       ; 0         ; 0    ; 0            ; |top|lpm_divide:Div2|lpm_divide_ihm:auto_generated|sign_div_unsign_akh:divider|alt_u_div_84f:divider ;              ;
;    |lpm_divide:Div3|                   ; 25 (0)            ; 0 (0)        ; 0           ; 0            ; 0       ; 0         ; 0    ; 0            ; |top|lpm_divide:Div3                                                                                 ;              ;
;       |lpm_divide_mhm:auto_generated|  ; 25 (0)            ; 0 (0)        ; 0           ; 0            ; 0       ; 0         ; 0    ; 0            ; |top|lpm_divide:Div3|lpm_divide_mhm:auto_generated                                                   ;              ;
;          |sign_div_unsign_ekh:divider| ; 25 (0)            ; 0 (0)        ; 0           ; 0            ; 0       ; 0         ; 0    ; 0            ; |top|lpm_divide:Div3|lpm_divide_mhm:auto_generated|sign_div_unsign_ekh:divider                       ;              ;
;             |alt_u_div_g4f:divider|    ; 25 (25)           ; 0 (0)        ; 0           ; 0            ; 0       ; 0         ; 0    ; 0            ; |top|lpm_divide:Div3|lpm_divide_mhm:auto_generated|sign_div_unsign_ekh:divider|alt_u_div_g4f:divider ;              ;
;    |lpm_divide:Div4|                   ; 43 (0)            ; 0 (0)        ; 0           ; 0            ; 0       ; 0         ; 0    ; 0            ; |top|lpm_divide:Div4                                                                                 ;              ;
;       |lpm_divide_ihm:auto_generated|  ; 43 (0)            ; 0 (0)        ; 0           ; 0            ; 0       ; 0         ; 0    ; 0            ; |top|lpm_divide:Div4|lpm_divide_ihm:auto_generated                                                   ;              ;
;          |sign_div_unsign_akh:divider| ; 43 (0)            ; 0 (0)        ; 0           ; 0            ; 0       ; 0         ; 0    ; 0            ; |top|lpm_divide:Div4|lpm_divide_ihm:auto_generated|sign_div_unsign_akh:divider                       ;              ;
;             |alt_u_div_84f:divider|    ; 43 (43)           ; 0 (0)        ; 0           ; 0            ; 0       ; 0         ; 0    ; 0            ; |top|lpm_divide:Div4|lpm_divide_ihm:auto_generated|sign_div_unsign_akh:divider|alt_u_div_84f:divider ;              ;
;    |lpm_divide:Mod0|                   ; 40 (0)            ; 0 (0)        ; 0           ; 0            ; 0       ; 0         ; 0    ; 0            ; |top|lpm_divide:Mod0                                                                                 ;              ;
;       |lpm_divide_p9m:auto_generated|  ; 40 (0)            ; 0 (0)        ; 0           ; 0            ; 0       ; 0         ; 0    ; 0            ; |top|lpm_divide:Mod0|lpm_divide_p9m:auto_generated                                                   ;              ;
;          |sign_div_unsign_ekh:divider| ; 40 (0)            ; 0 (0)        ; 0           ; 0            ; 0       ; 0         ; 0    ; 0            ; |top|lpm_divide:Mod0|lpm_divide_p9m:auto_generated|sign_div_unsign_ekh:divider                       ;              ;
;             |alt_u_div_g4f:divider|    ; 40 (40)           ; 0 (0)        ; 0           ; 0            ; 0       ; 0         ; 0    ; 0            ; |top|lpm_divide:Mod0|lpm_divide_p9m:auto_generated|sign_div_unsign_ekh:divider|alt_u_div_g4f:divider ;              ;
;    |lpm_divide:Mod1|                   ; 59 (0)            ; 0 (0)        ; 0           ; 0            ; 0       ; 0         ; 0    ; 0            ; |top|lpm_divide:Mod1                                                                                 ;              ;
;       |lpm_divide_m9m:auto_generated|  ; 59 (0)            ; 0 (0)        ; 0           ; 0            ; 0       ; 0         ; 0    ; 0            ; |top|lpm_divide:Mod1|lpm_divide_m9m:auto_generated                                                   ;              ;
;          |sign_div_unsign_bkh:divider| ; 59 (0)            ; 0 (0)        ; 0           ; 0            ; 0       ; 0         ; 0    ; 0            ; |top|lpm_divide:Mod1|lpm_divide_m9m:auto_generated|sign_div_unsign_bkh:divider                       ;              ;
;             |alt_u_div_a4f:divider|    ; 59 (59)           ; 0 (0)        ; 0           ; 0            ; 0       ; 0         ; 0    ; 0            ; |top|lpm_divide:Mod1|lpm_divide_m9m:auto_generated|sign_div_unsign_bkh:divider|alt_u_div_a4f:divider ;              ;
;    |lpm_divide:Mod2|                   ; 162 (0)           ; 0 (0)        ; 0           ; 0            ; 0       ; 0         ; 0    ; 0            ; |top|lpm_divide:Mod2                                                                                 ;              ;
;       |lpm_divide_5bm:auto_generated|  ; 162 (0)           ; 0 (0)        ; 0           ; 0            ; 0       ; 0         ; 0    ; 0            ; |top|lpm_divide:Mod2|lpm_divide_5bm:auto_generated                                                   ;              ;
;          |sign_div_unsign_qlh:divider| ; 162 (0)           ; 0 (0)        ; 0           ; 0            ; 0       ; 0         ; 0    ; 0            ; |top|lpm_divide:Mod2|lpm_divide_5bm:auto_generated|sign_div_unsign_qlh:divider                       ;              ;
;             |alt_u_div_87f:divider|    ; 162 (162)         ; 0 (0)        ; 0           ; 0            ; 0       ; 0         ; 0    ; 0            ; |top|lpm_divide:Mod2|lpm_divide_5bm:auto_generated|sign_div_unsign_qlh:divider|alt_u_div_87f:divider ;              ;
;    |lpm_divide:Mod3|                   ; 40 (0)            ; 0 (0)        ; 0           ; 0            ; 0       ; 0         ; 0    ; 0            ; |top|lpm_divide:Mod3                                                                                 ;              ;
;       |lpm_divide_p9m:auto_generated|  ; 40 (0)            ; 0 (0)        ; 0           ; 0            ; 0       ; 0         ; 0    ; 0            ; |top|lpm_divide:Mod3|lpm_divide_p9m:auto_generated                                                   ;              ;
;          |sign_div_unsign_ekh:divider| ; 40 (0)            ; 0 (0)        ; 0           ; 0            ; 0       ; 0         ; 0    ; 0            ; |top|lpm_divide:Mod3|lpm_divide_p9m:auto_generated|sign_div_unsign_ekh:divider                       ;              ;
;             |alt_u_div_g4f:divider|    ; 40 (40)           ; 0 (0)        ; 0           ; 0            ; 0       ; 0         ; 0    ; 0            ; |top|lpm_divide:Mod3|lpm_divide_p9m:auto_generated|sign_div_unsign_ekh:divider|alt_u_div_g4f:divider ;              ;
;    |lpm_divide:Mod4|                   ; 58 (0)            ; 0 (0)        ; 0           ; 0            ; 0       ; 0         ; 0    ; 0            ; |top|lpm_divide:Mod4                                                                                 ;              ;
;       |lpm_divide_m9m:auto_generated|  ; 58 (0)            ; 0 (0)        ; 0           ; 0            ; 0       ; 0         ; 0    ; 0            ; |top|lpm_divide:Mod4|lpm_divide_m9m:auto_generated                                                   ;              ;
;          |sign_div_unsign_bkh:divider| ; 58 (0)            ; 0 (0)        ; 0           ; 0            ; 0       ; 0         ; 0    ; 0            ; |top|lpm_divide:Mod4|lpm_divide_m9m:auto_generated|sign_div_unsign_bkh:divider                       ;              ;
;             |alt_u_div_a4f:divider|    ; 58 (58)           ; 0 (0)        ; 0           ; 0            ; 0       ; 0         ; 0    ; 0            ; |top|lpm_divide:Mod4|lpm_divide_m9m:auto_generated|sign_div_unsign_bkh:divider|alt_u_div_a4f:divider ;              ;
;    |lpm_divide:Mod5|                   ; 35 (0)            ; 0 (0)        ; 0           ; 0            ; 0       ; 0         ; 0    ; 0            ; |top|lpm_divide:Mod5                                                                                 ;              ;
;       |lpm_divide_p9m:auto_generated|  ; 35 (0)            ; 0 (0)        ; 0           ; 0            ; 0       ; 0         ; 0    ; 0            ; |top|lpm_divide:Mod5|lpm_divide_p9m:auto_generated                                                   ;              ;
;          |sign_div_unsign_ekh:divider| ; 35 (0)            ; 0 (0)        ; 0           ; 0            ; 0       ; 0         ; 0    ; 0            ; |top|lpm_divide:Mod5|lpm_divide_p9m:auto_generated|sign_div_unsign_ekh:divider                       ;              ;
;             |alt_u_div_g4f:divider|    ; 35 (35)           ; 0 (0)        ; 0           ; 0            ; 0       ; 0         ; 0    ; 0            ; |top|lpm_divide:Mod5|lpm_divide_p9m:auto_generated|sign_div_unsign_ekh:divider|alt_u_div_g4f:divider ;              ;
;    |lpm_divide:Mod6|                   ; 59 (0)            ; 0 (0)        ; 0           ; 0            ; 0       ; 0         ; 0    ; 0            ; |top|lpm_divide:Mod6                                                                                 ;              ;
;       |lpm_divide_m9m:auto_generated|  ; 59 (0)            ; 0 (0)        ; 0           ; 0            ; 0       ; 0         ; 0    ; 0            ; |top|lpm_divide:Mod6|lpm_divide_m9m:auto_generated                                                   ;              ;
;          |sign_div_unsign_bkh:divider| ; 59 (0)            ; 0 (0)        ; 0           ; 0            ; 0       ; 0         ; 0    ; 0            ; |top|lpm_divide:Mod6|lpm_divide_m9m:auto_generated|sign_div_unsign_bkh:divider                       ;              ;
;             |alt_u_div_a4f:divider|    ; 59 (59)           ; 0 (0)        ; 0           ; 0            ; 0       ; 0         ; 0    ; 0            ; |top|lpm_divide:Mod6|lpm_divide_m9m:auto_generated|sign_div_unsign_bkh:divider|alt_u_div_a4f:divider ;              ;
;    |uart_rx:module_rx_esp8266|         ; 48 (48)           ; 30 (30)      ; 0           ; 0            ; 0       ; 0         ; 0    ; 0            ; |top|uart_rx:module_rx_esp8266                                                                       ;              ;
;    |uart_tx:module_tx_esp8266|         ; 46 (46)           ; 13 (13)      ; 0           ; 0            ; 0       ; 0         ; 0    ; 0            ; |top|uart_tx:module_tx_esp8266                                                                       ;              ;
+----------------------------------------+-------------------+--------------+-------------+--------------+---------+-----------+------+--------------+------------------------------------------------------------------------------------------------------+--------------+
Note: For table entries with two numbers listed, the numbers in parentheses indicate the number of resources of the given type used by the specific entity alone. The numbers listed outside of parentheses indicate the total resources of the given type used by the specific entity and all of its sub-entities in the hierarchy.


Encoding Type:  One-Hot
+--------------------------------------------+
; State Machine - |top|ad:pcf8591|ack        ;
+--------+--------+--------+--------+--------+
; Name   ; ack.11 ; ack.10 ; ack.01 ; ack.00 ;
+--------+--------+--------+--------+--------+
; ack.00 ; 0      ; 0      ; 0      ; 0      ;
; ack.01 ; 0      ; 0      ; 1      ; 1      ;
; ack.10 ; 0      ; 1      ; 0      ; 1      ;
; ack.11 ; 1      ; 0      ; 0      ; 1      ;
+--------+--------+--------+--------+--------+


Encoding Type:  One-Hot
+--------------------------------------------------------------------------------------------------------------------------------------------------------------------------------------------------------------------+
; State Machine - |top|dht11:DHT11|state                                                                                                                                                                             ;
+---------------+---------------+---------------+---------------+--------------+--------------+--------------+--------------+--------------+--------------+--------------+--------------+--------------+-------------+
; Name          ; state.state12 ; state.state11 ; state.state10 ; state.state9 ; state.state8 ; state.state7 ; state.state6 ; state.state5 ; state.state4 ; state.state3 ; state.state2 ; state.state1 ; state.00000 ;
+---------------+---------------+---------------+---------------+--------------+--------------+--------------+--------------+--------------+--------------+--------------+--------------+--------------+-------------+
; state.00000   ; 0             ; 0             ; 0             ; 0            ; 0            ; 0            ; 0            ; 0            ; 0            ; 0            ; 0            ; 0            ; 0           ;
; state.state1  ; 0             ; 0             ; 0             ; 0            ; 0            ; 0            ; 0            ; 0            ; 0            ; 0            ; 0            ; 1            ; 1           ;
; state.state2  ; 0             ; 0             ; 0             ; 0            ; 0            ; 0            ; 0            ; 0            ; 0            ; 0            ; 1            ; 0            ; 1           ;
; state.state3  ; 0             ; 0             ; 0             ; 0            ; 0            ; 0            ; 0            ; 0            ; 0            ; 1            ; 0            ; 0            ; 1           ;
; state.state4  ; 0             ; 0             ; 0             ; 0            ; 0            ; 0            ; 0            ; 0            ; 1            ; 0            ; 0            ; 0            ; 1           ;
; state.state5  ; 0             ; 0             ; 0             ; 0            ; 0            ; 0            ; 0            ; 1            ; 0            ; 0            ; 0            ; 0            ; 1           ;
; state.state6  ; 0             ; 0             ; 0             ; 0            ; 0            ; 0            ; 1            ; 0            ; 0            ; 0            ; 0            ; 0            ; 1           ;
; state.state7  ; 0             ; 0             ; 0             ; 0            ; 0            ; 1            ; 0            ; 0            ; 0            ; 0            ; 0            ; 0            ; 1           ;
; state.state8  ; 0             ; 0             ; 0             ; 0            ; 1            ; 0            ; 0            ; 0            ; 0            ; 0            ; 0            ; 0            ; 1           ;
; state.state9  ; 0             ; 0             ; 0             ; 1            ; 0            ; 0            ; 0            ; 0            ; 0            ; 0            ; 0            ; 0            ; 1           ;
; state.state10 ; 0             ; 0             ; 1             ; 0            ; 0            ; 0            ; 0            ; 0            ; 0            ; 0            ; 0            ; 0            ; 1           ;
; state.state11 ; 0             ; 1             ; 0             ; 0            ; 0            ; 0            ; 0            ; 0            ; 0            ; 0            ; 0            ; 0            ; 1           ;
; state.state12 ; 1             ; 0             ; 0             ; 0            ; 0            ; 0            ; 0            ; 0            ; 0            ; 0            ; 0            ; 0            ; 1           ;
+---------------+---------------+---------------+---------------+--------------+--------------+--------------+--------------+--------------+--------------+--------------+--------------+--------------+-------------+


+---------------------------------------------------------------------------------+
; Registers Removed During Synthesis                                              ;
+----------------------------------------+----------------------------------------+
; Register name                          ; Reason for Removal                     ;
+----------------------------------------+----------------------------------------+
; lcd1602:U5|state1[7..11]               ; Stuck at GND due to stuck port data_in ;
; esp8266_encode:encode|data_send[7]     ; Stuck at GND due to stuck port data_in ;
; ad:pcf8591|sda~reg0                    ; Lost fanout                            ;
; ad:pcf8591|ack~8                       ; Lost fanout                            ;
; ad:pcf8591|ack~9                       ; Lost fanout                            ;
; dht11:DHT11|state~17                   ; Lost fanout                            ;
; dht11:DHT11|state~18                   ; Lost fanout                            ;
; dht11:DHT11|state~19                   ; Lost fanout                            ;
; dht11:DHT11|state~20                   ; Lost fanout                            ;
; dht11:DHT11|state~21                   ; Lost fanout                            ;
; esp8266_decode:decode|count[3]         ; Stuck at GND due to stuck port data_in ;
; Total Number of Removed Registers = 15 ;                                        ;
+----------------------------------------+----------------------------------------+


+------------------------------------------------------+
; General Register Statistics                          ;
+----------------------------------------------+-------+
; Statistic                                    ; Value ;
+----------------------------------------------+-------+
; Total registers                              ; 388   ;
; Number of registers using Synchronous Clear  ; 63    ;
; Number of registers using Synchronous Load   ; 4     ;
; Number of registers using Asynchronous Clear ; 249   ;
; Number of registers using Asynchronous Load  ; 0     ;
; Number of registers using Clock Enable       ; 199   ;
; Number of registers using Preset             ; 0     ;
+----------------------------------------------+-------+


+--------------------------------------------------+
; Inverted Register Statistics                     ;
+----------------------------------------+---------+
; Inverted Register                      ; Fan out ;
+----------------------------------------+---------+
; esp8266_decode:decode|rec[5]           ; 1       ;
; esp8266_decode:decode|rec[4]           ; 1       ;
; Total number of inverted registers = 2 ;         ;
+----------------------------------------+---------+


+-----------------------------------------------------------------------------------------------------------------------------------------------------------+
; Multiplexer Restructuring Statistics (Restructuring Performed)                                                                                            ;
+--------------------+-----------+---------------+----------------------+------------------------+------------+---------------------------------------------+
; Multiplexer Inputs ; Bus Width ; Baseline Area ; Area if Restructured ; Saving if Restructured ; Registered ; Example Multiplexer Output                  ;
+--------------------+-----------+---------------+----------------------+------------------------+------------+---------------------------------------------+
; 3:1                ; 8 bits    ; 16 LEs        ; 8 LEs                ; 8 LEs                  ; Yes        ; |top|ad:pcf8591|cnt[2]                      ;
; 3:1                ; 16 bits   ; 32 LEs        ; 16 LEs               ; 16 LEs                 ; Yes        ; |top|clk_set:CLK_UART|cnt[11]               ;
; 3:1                ; 2 bits    ; 4 LEs         ; 2 LEs                ; 2 LEs                  ; Yes        ; |top|uart_rx:module_rx_esp8266|rx_int       ;
; 3:1                ; 3 bits    ; 6 LEs         ; 6 LEs                ; 0 LEs                  ; Yes        ; |top|uart_tx:module_tx_esp8266|clk_count[2] ;
; 3:1                ; 3 bits    ; 6 LEs         ; 6 LEs                ; 0 LEs                  ; Yes        ; |top|uart_rx:module_rx_esp8266|clk_count[1] ;
; 3:1                ; 4 bits    ; 8 LEs         ; 4 LEs                ; 4 LEs                  ; Yes        ; |top|esp8266_decode:decode|count[3]         ;
; 4:1                ; 24 bits   ; 48 LEs        ; 24 LEs               ; 24 LEs                 ; Yes        ; |top|esp8266_encode:encode|cnt[3]           ;
; 4:1                ; 6 bits    ; 12 LEs        ; 6 LEs                ; 6 LEs                  ; Yes        ; |top|dht11:DHT11|rec[5]                     ;
; 65:1               ; 3 bits    ; 129 LEs       ; 54 LEs               ; 75 LEs                 ; Yes        ; |top|lcd1602:U5|lcd_data[4]                 ;
; 65:1               ; 4 bits    ; 172 LEs       ; 64 LEs               ; 108 LEs                ; Yes        ; |top|lcd1602:U5|lcd_data[0]                 ;
; 9:1                ; 32 bits   ; 192 LEs       ; 32 LEs               ; 160 LEs                ; Yes        ; |top|dht11:DHT11|counter[6]                 ;
; 257:1              ; 5 bits    ; 855 LEs       ; 40 LEs               ; 815 LEs                ; Yes        ; |top|uart_tx:module_tx_esp8266|clk_count[4] ;
; 257:1              ; 5 bits    ; 855 LEs       ; 40 LEs               ; 815 LEs                ; Yes        ; |top|uart_rx:module_rx_esp8266|clk_count[5] ;
; 8:1                ; 8 bits    ; 40 LEs        ; 8 LEs                ; 32 LEs                 ; Yes        ; |top|ad:pcf8591|delay[6]                    ;
; 9:1                ; 2 bits    ; 12 LEs        ; 6 LEs                ; 6 LEs                  ; No         ; |top|dht11:DHT11|Selector34                 ;
+--------------------+-----------+---------------+----------------------+------------------------+------------+---------------------------------------------+


+---------------------------------------------------------------------+
; Parameter Settings for User Entity Instance: Top-level Entity: |top ;
+----------------+------------------+---------------------------------+
; Parameter Name ; Value            ; Type                            ;
+----------------+------------------+---------------------------------+
; BPS_9600       ; 0000000101000101 ; Unsigned Binary                 ;
; BPS_115200     ; 0000000000011011 ; Unsigned Binary                 ;
+----------------+------------------+---------------------------------+
Note: In order to hide this table in the UI and the text report file, please set the "Show Parameter Settings in Synthesis Report" option in "Analysis and Synthesis Settings -> More Settings" to "Off".


+------------------------------------------------------+
; Parameter Settings for User Entity Instance: DVF:dvf ;
+----------------+-------+-----------------------------+
; Parameter Name ; Value ; Type                        ;
+----------------+-------+-----------------------------+
; divd           ; 25    ; Signed Integer              ;
+----------------+-------+-----------------------------+
Note: In order to hide this table in the UI and the text report file, please set the "Show Parameter Settings in Synthesis Report" option in "Analysis and Synthesis Settings -> More Settings" to "Off".


+----------------------------------------------------------+
; Parameter Settings for User Entity Instance: dht11:DHT11 ;
+----------------+-------+---------------------------------+
; Parameter Name ; Value ; Type                            ;
+----------------+-------+---------------------------------+
; state0         ; 0     ; Signed Integer                  ;
; state1         ; 1     ; Signed Integer                  ;
; state2         ; 2     ; Signed Integer                  ;
; state3         ; 3     ; Signed Integer                  ;
; state4         ; 4     ; Signed Integer                  ;
; state5         ; 5     ; Signed Integer                  ;
; state6         ; 6     ; Signed Integer                  ;
; state7         ; 7     ; Signed Integer                  ;
; state8         ; 8     ; Signed Integer                  ;
; state9         ; 9     ; Signed Integer                  ;
; state10        ; 10    ; Signed Integer                  ;
; state11        ; 11    ; Signed Integer                  ;
; state12        ; 12    ; Signed Integer                  ;
; divd           ; 25    ; Signed Integer                  ;
+----------------+-------+---------------------------------+
Note: In order to hide this table in the UI and the text report file, please set the "Show Parameter Settings in Synthesis Report" option in "Analysis and Synthesis Settings -> More Settings" to "Off".


+---------------------------------------------------------+
; Parameter Settings for User Entity Instance: ad:pcf8591 ;
+----------------+----------+-----------------------------+
; Parameter Name ; Value    ; Type                        ;
+----------------+----------+-----------------------------+
; fre            ; 00110010 ; Unsigned Binary             ;
+----------------+----------+-----------------------------+
Note: In order to hide this table in the UI and the text report file, please set the "Show Parameter Settings in Synthesis Report" option in "Analysis and Synthesis Settings -> More Settings" to "Off".


+---------------------------------------------------------+
; Parameter Settings for User Entity Instance: lcd1602:U5 ;
+----------------+----------+-----------------------------+
; Parameter Name ; Value    ; Type                        ;
+----------------+----------+-----------------------------+
; Mode_Set       ; 00111000 ; Unsigned Binary             ;
; Cursor_Set     ; 00001100 ; Unsigned Binary             ;
; Address_Set    ; 00000110 ; Unsigned Binary             ;
; Clear_Set      ; 00000001 ; Unsigned Binary             ;
+----------------+----------+-----------------------------+
Note: In order to hide this table in the UI and the text report file, please set the "Show Parameter Settings in Synthesis Report" option in "Analysis and Synthesis Settings -> More Settings" to "Off".


+------------------------------------------------------------------+
; Parameter Settings for Inferred Entity Instance: lpm_divide:Mod6 ;
+------------------------+----------------+------------------------+
; Parameter Name         ; Value          ; Type                   ;
+------------------------+----------------+------------------------+
; LPM_WIDTHN             ; 8              ; Untyped                ;
; LPM_WIDTHD             ; 4              ; Untyped                ;
; LPM_NREPRESENTATION    ; UNSIGNED       ; Untyped                ;
; LPM_DREPRESENTATION    ; UNSIGNED       ; Untyped                ;
; LPM_PIPELINE           ; 0              ; Untyped                ;
; LPM_REMAINDERPOSITIVE  ; TRUE           ; Untyped                ;
; MAXIMIZE_SPEED         ; 5              ; Untyped                ;
; CBXI_PARAMETER         ; lpm_divide_m9m ; Untyped                ;
; CARRY_CHAIN            ; MANUAL         ; Untyped                ;
; OPTIMIZE_FOR_SPEED     ; 5              ; Untyped                ;
; AUTO_CARRY_CHAINS      ; ON             ; AUTO_CARRY             ;
; IGNORE_CARRY_BUFFERS   ; OFF            ; IGNORE_CARRY           ;
; AUTO_CASCADE_CHAINS    ; ON             ; AUTO_CASCADE           ;
; IGNORE_CASCADE_BUFFERS ; OFF            ; IGNORE_CASCADE         ;
+------------------------+----------------+------------------------+
Note: In order to hide this table in the UI and the text report file, please set the "Show Parameter Settings in Synthesis Report" option in "Analysis and Synthesis Settings -> More Settings" to "Off".


+------------------------------------------------------------------+
; Parameter Settings for Inferred Entity Instance: lpm_divide:Mod2 ;
+------------------------+----------------+------------------------+
; Parameter Name         ; Value          ; Type                   ;
+------------------------+----------------+------------------------+
; LPM_WIDTHN             ; 16             ; Untyped                ;
; LPM_WIDTHD             ; 4              ; Untyped                ;
; LPM_NREPRESENTATION    ; UNSIGNED       ; Untyped                ;
; LPM_DREPRESENTATION    ; UNSIGNED       ; Untyped                ;
; LPM_PIPELINE           ; 0              ; Untyped                ;
; LPM_REMAINDERPOSITIVE  ; TRUE           ; Untyped                ;
; MAXIMIZE_SPEED         ; 5              ; Untyped                ;
; CBXI_PARAMETER         ; lpm_divide_5bm ; Untyped                ;
; CARRY_CHAIN            ; MANUAL         ; Untyped                ;
; OPTIMIZE_FOR_SPEED     ; 5              ; Untyped                ;
; AUTO_CARRY_CHAINS      ; ON             ; AUTO_CARRY             ;
; IGNORE_CARRY_BUFFERS   ; OFF            ; IGNORE_CARRY           ;
; AUTO_CASCADE_CHAINS    ; ON             ; AUTO_CASCADE           ;
; IGNORE_CASCADE_BUFFERS ; OFF            ; IGNORE_CASCADE         ;
+------------------------+----------------+------------------------+
Note: In order to hide this table in the UI and the text report file, please set the "Show Parameter Settings in Synthesis Report" option in "Analysis and Synthesis Settings -> More Settings" to "Off".


+------------------------------------------------------------------+
; Parameter Settings for Inferred Entity Instance: lpm_divide:Mod5 ;
+------------------------+----------------+------------------------+
; Parameter Name         ; Value          ; Type                   ;
+------------------------+----------------+------------------------+
; LPM_WIDTHN             ; 8              ; Untyped                ;
; LPM_WIDTHD             ; 7              ; Untyped                ;
; LPM_NREPRESENTATION    ; UNSIGNED       ; Untyped                ;
; LPM_DREPRESENTATION    ; UNSIGNED       ; Untyped                ;
; LPM_PIPELINE           ; 0              ; Untyped                ;
; LPM_REMAINDERPOSITIVE  ; TRUE           ; Untyped                ;
; MAXIMIZE_SPEED         ; 5              ; Untyped                ;
; CBXI_PARAMETER         ; lpm_divide_p9m ; Untyped                ;
; CARRY_CHAIN            ; MANUAL         ; Untyped                ;
; OPTIMIZE_FOR_SPEED     ; 5              ; Untyped                ;
; AUTO_CARRY_CHAINS      ; ON             ; AUTO_CARRY             ;
; IGNORE_CARRY_BUFFERS   ; OFF            ; IGNORE_CARRY           ;
; AUTO_CASCADE_CHAINS    ; ON             ; AUTO_CASCADE           ;
; IGNORE_CASCADE_BUFFERS ; OFF            ; IGNORE_CASCADE         ;
+------------------------+----------------+------------------------+
Note: In order to hide this table in the UI and the text report file, please set the "Show Parameter Settings in Synthesis Report" option in "Analysis and Synthesis Settings -> More Settings" to "Off".


+------------------------------------------------------------------+
; Parameter Settings for Inferred Entity Instance: lpm_divide:Div4 ;
+------------------------+----------------+------------------------+
; Parameter Name         ; Value          ; Type                   ;
+------------------------+----------------+------------------------+
; LPM_WIDTHN             ; 7              ; Untyped                ;
; LPM_WIDTHD             ; 4              ; Untyped                ;
; LPM_NREPRESENTATION    ; UNSIGNED       ; Untyped                ;
; LPM_DREPRESENTATION    ; UNSIGNED       ; Untyped                ;
; LPM_PIPELINE           ; 0              ; Untyped                ;
; LPM_REMAINDERPOSITIVE  ; TRUE           ; Untyped                ;
; MAXIMIZE_SPEED         ; 5              ; Untyped                ;
; CBXI_PARAMETER         ; lpm_divide_ihm ; Untyped                ;
; CARRY_CHAIN            ; MANUAL         ; Untyped                ;
; OPTIMIZE_FOR_SPEED     ; 5              ; Untyped                ;
; AUTO_CARRY_CHAINS      ; ON             ; AUTO_CARRY             ;
; IGNORE_CARRY_BUFFERS   ; OFF            ; IGNORE_CARRY           ;
; AUTO_CASCADE_CHAINS    ; ON             ; AUTO_CASCADE           ;
; IGNORE_CASCADE_BUFFERS ; OFF            ; IGNORE_CASCADE         ;
+------------------------+----------------+------------------------+
Note: In order to hide this table in the UI and the text report file, please set the "Show Parameter Settings in Synthesis Report" option in "Analysis and Synthesis Settings -> More Settings" to "Off".


+------------------------------------------------------------------+
; Parameter Settings for Inferred Entity Instance: lpm_divide:Mod1 ;
+------------------------+----------------+------------------------+
; Parameter Name         ; Value          ; Type                   ;
+------------------------+----------------+------------------------+
; LPM_WIDTHN             ; 8              ; Untyped                ;
; LPM_WIDTHD             ; 4              ; Untyped                ;
; LPM_NREPRESENTATION    ; UNSIGNED       ; Untyped                ;
; LPM_DREPRESENTATION    ; UNSIGNED       ; Untyped                ;
; LPM_PIPELINE           ; 0              ; Untyped                ;
; LPM_REMAINDERPOSITIVE  ; TRUE           ; Untyped                ;
; MAXIMIZE_SPEED         ; 5              ; Untyped                ;
; CBXI_PARAMETER         ; lpm_divide_m9m ; Untyped                ;
; CARRY_CHAIN            ; MANUAL         ; Untyped                ;
; OPTIMIZE_FOR_SPEED     ; 5              ; Untyped                ;
; AUTO_CARRY_CHAINS      ; ON             ; AUTO_CARRY             ;
; IGNORE_CARRY_BUFFERS   ; OFF            ; IGNORE_CARRY           ;
; AUTO_CASCADE_CHAINS    ; ON             ; AUTO_CASCADE           ;
; IGNORE_CASCADE_BUFFERS ; OFF            ; IGNORE_CASCADE         ;
+------------------------+----------------+------------------------+
Note: In order to hide this table in the UI and the text report file, please set the "Show Parameter Settings in Synthesis Report" option in "Analysis and Synthesis Settings -> More Settings" to "Off".


+------------------------------------------------------------------+
; Parameter Settings for Inferred Entity Instance: lpm_divide:Div3 ;
+------------------------+----------------+------------------------+
; Parameter Name         ; Value          ; Type                   ;
+------------------------+----------------+------------------------+
; LPM_WIDTHN             ; 8              ; Untyped                ;
; LPM_WIDTHD             ; 7              ; Untyped                ;
; LPM_NREPRESENTATION    ; UNSIGNED       ; Untyped                ;
; LPM_DREPRESENTATION    ; UNSIGNED       ; Untyped                ;
; LPM_PIPELINE           ; 0              ; Untyped                ;
; LPM_REMAINDERPOSITIVE  ; TRUE           ; Untyped                ;
; MAXIMIZE_SPEED         ; 5              ; Untyped                ;
; CBXI_PARAMETER         ; lpm_divide_mhm ; Untyped                ;
; CARRY_CHAIN            ; MANUAL         ; Untyped                ;
; OPTIMIZE_FOR_SPEED     ; 5              ; Untyped                ;
; AUTO_CARRY_CHAINS      ; ON             ; AUTO_CARRY             ;
; IGNORE_CARRY_BUFFERS   ; OFF            ; IGNORE_CARRY           ;
; AUTO_CASCADE_CHAINS    ; ON             ; AUTO_CASCADE           ;
; IGNORE_CASCADE_BUFFERS ; OFF            ; IGNORE_CASCADE         ;
+------------------------+----------------+------------------------+
Note: In order to hide this table in the UI and the text report file, please set the "Show Parameter Settings in Synthesis Report" option in "Analysis and Synthesis Settings -> More Settings" to "Off".


+------------------------------------------------------------------+
; Parameter Settings for Inferred Entity Instance: lpm_divide:Mod3 ;
+------------------------+----------------+------------------------+
; Parameter Name         ; Value          ; Type                   ;
+------------------------+----------------+------------------------+
; LPM_WIDTHN             ; 8              ; Untyped                ;
; LPM_WIDTHD             ; 7              ; Untyped                ;
; LPM_NREPRESENTATION    ; UNSIGNED       ; Untyped                ;
; LPM_DREPRESENTATION    ; UNSIGNED       ; Untyped                ;
; LPM_PIPELINE           ; 0              ; Untyped                ;
; LPM_REMAINDERPOSITIVE  ; TRUE           ; Untyped                ;
; MAXIMIZE_SPEED         ; 5              ; Untyped                ;
; CBXI_PARAMETER         ; lpm_divide_p9m ; Untyped                ;
; CARRY_CHAIN            ; MANUAL         ; Untyped                ;
; OPTIMIZE_FOR_SPEED     ; 5              ; Untyped                ;
; AUTO_CARRY_CHAINS      ; ON             ; AUTO_CARRY             ;
; IGNORE_CARRY_BUFFERS   ; OFF            ; IGNORE_CARRY           ;
; AUTO_CASCADE_CHAINS    ; ON             ; AUTO_CASCADE           ;
; IGNORE_CASCADE_BUFFERS ; OFF            ; IGNORE_CASCADE         ;
+------------------------+----------------+------------------------+
Note: In order to hide this table in the UI and the text report file, please set the "Show Parameter Settings in Synthesis Report" option in "Analysis and Synthesis Settings -> More Settings" to "Off".


+------------------------------------------------------------------+
; Parameter Settings for Inferred Entity Instance: lpm_divide:Div2 ;
+------------------------+----------------+------------------------+
; Parameter Name         ; Value          ; Type                   ;
+------------------------+----------------+------------------------+
; LPM_WIDTHN             ; 7              ; Untyped                ;
; LPM_WIDTHD             ; 4              ; Untyped                ;
; LPM_NREPRESENTATION    ; UNSIGNED       ; Untyped                ;
; LPM_DREPRESENTATION    ; UNSIGNED       ; Untyped                ;
; LPM_PIPELINE           ; 0              ; Untyped                ;
; LPM_REMAINDERPOSITIVE  ; TRUE           ; Untyped                ;
; MAXIMIZE_SPEED         ; 5              ; Untyped                ;
; CBXI_PARAMETER         ; lpm_divide_ihm ; Untyped                ;
; CARRY_CHAIN            ; MANUAL         ; Untyped                ;
; OPTIMIZE_FOR_SPEED     ; 5              ; Untyped                ;
; AUTO_CARRY_CHAINS      ; ON             ; AUTO_CARRY             ;
; IGNORE_CARRY_BUFFERS   ; OFF            ; IGNORE_CARRY           ;
; AUTO_CASCADE_CHAINS    ; ON             ; AUTO_CASCADE           ;
; IGNORE_CASCADE_BUFFERS ; OFF            ; IGNORE_CASCADE         ;
+------------------------+----------------+------------------------+
Note: In order to hide this table in the UI and the text report file, please set the "Show Parameter Settings in Synthesis Report" option in "Analysis and Synthesis Settings -> More Settings" to "Off".


+------------------------------------------------------------------+
; Parameter Settings for Inferred Entity Instance: lpm_divide:Mod4 ;
+------------------------+----------------+------------------------+
; Parameter Name         ; Value          ; Type                   ;
+------------------------+----------------+------------------------+
; LPM_WIDTHN             ; 8              ; Untyped                ;
; LPM_WIDTHD             ; 4              ; Untyped                ;
; LPM_NREPRESENTATION    ; UNSIGNED       ; Untyped                ;
; LPM_DREPRESENTATION    ; UNSIGNED       ; Untyped                ;
; LPM_PIPELINE           ; 0              ; Untyped                ;
; LPM_REMAINDERPOSITIVE  ; TRUE           ; Untyped                ;
; MAXIMIZE_SPEED         ; 5              ; Untyped                ;
; CBXI_PARAMETER         ; lpm_divide_m9m ; Untyped                ;
; CARRY_CHAIN            ; MANUAL         ; Untyped                ;
; OPTIMIZE_FOR_SPEED     ; 5              ; Untyped                ;
; AUTO_CARRY_CHAINS      ; ON             ; AUTO_CARRY             ;
; IGNORE_CARRY_BUFFERS   ; OFF            ; IGNORE_CARRY           ;
; AUTO_CASCADE_CHAINS    ; ON             ; AUTO_CASCADE           ;
; IGNORE_CASCADE_BUFFERS ; OFF            ; IGNORE_CASCADE         ;
+------------------------+----------------+------------------------+
Note: In order to hide this table in the UI and the text report file, please set the "Show Parameter Settings in Synthesis Report" option in "Analysis and Synthesis Settings -> More Settings" to "Off".


+------------------------------------------------------------------+
; Parameter Settings for Inferred Entity Instance: lpm_divide:Mod0 ;
+------------------------+----------------+------------------------+
; Parameter Name         ; Value          ; Type                   ;
+------------------------+----------------+------------------------+
; LPM_WIDTHN             ; 8              ; Untyped                ;
; LPM_WIDTHD             ; 7              ; Untyped                ;
; LPM_NREPRESENTATION    ; UNSIGNED       ; Untyped                ;
; LPM_DREPRESENTATION    ; UNSIGNED       ; Untyped                ;
; LPM_PIPELINE           ; 0              ; Untyped                ;
; LPM_REMAINDERPOSITIVE  ; TRUE           ; Untyped                ;
; MAXIMIZE_SPEED         ; 5              ; Untyped                ;
; CBXI_PARAMETER         ; lpm_divide_p9m ; Untyped                ;
; CARRY_CHAIN            ; MANUAL         ; Untyped                ;
; OPTIMIZE_FOR_SPEED     ; 5              ; Untyped                ;
; AUTO_CARRY_CHAINS      ; ON             ; AUTO_CARRY             ;
; IGNORE_CARRY_BUFFERS   ; OFF            ; IGNORE_CARRY           ;
; AUTO_CASCADE_CHAINS    ; ON             ; AUTO_CASCADE           ;
; IGNORE_CASCADE_BUFFERS ; OFF            ; IGNORE_CASCADE         ;
+------------------------+----------------+------------------------+
Note: In order to hide this table in the UI and the text report file, please set the "Show Parameter Settings in Synthesis Report" option in "Analysis and Synthesis Settings -> More Settings" to "Off".


+------------------------------------------------------------------+
; Parameter Settings for Inferred Entity Instance: lpm_divide:Div0 ;
+------------------------+----------------+------------------------+
; Parameter Name         ; Value          ; Type                   ;
+------------------------+----------------+------------------------+
; LPM_WIDTHN             ; 7              ; Untyped                ;
; LPM_WIDTHD             ; 4              ; Untyped                ;
; LPM_NREPRESENTATION    ; UNSIGNED       ; Untyped                ;
; LPM_DREPRESENTATION    ; UNSIGNED       ; Untyped                ;
; LPM_PIPELINE           ; 0              ; Untyped                ;
; LPM_REMAINDERPOSITIVE  ; TRUE           ; Untyped                ;
; MAXIMIZE_SPEED         ; 5              ; Untyped                ;
; CBXI_PARAMETER         ; lpm_divide_ihm ; Untyped                ;
; CARRY_CHAIN            ; MANUAL         ; Untyped                ;
; OPTIMIZE_FOR_SPEED     ; 5              ; Untyped                ;
; AUTO_CARRY_CHAINS      ; ON             ; AUTO_CARRY             ;
; IGNORE_CARRY_BUFFERS   ; OFF            ; IGNORE_CARRY           ;
; AUTO_CASCADE_CHAINS    ; ON             ; AUTO_CASCADE           ;
; IGNORE_CASCADE_BUFFERS ; OFF            ; IGNORE_CASCADE         ;
+------------------------+----------------+------------------------+
Note: In order to hide this table in the UI and the text report file, please set the "Show Parameter Settings in Synthesis Report" option in "Analysis and Synthesis Settings -> More Settings" to "Off".


+------------------------------------------------------------------+
; Parameter Settings for Inferred Entity Instance: lpm_divide:Div1 ;
+------------------------+----------------+------------------------+
; Parameter Name         ; Value          ; Type                   ;
+------------------------+----------------+------------------------+
; LPM_WIDTHN             ; 8              ; Untyped                ;
; LPM_WIDTHD             ; 7              ; Untyped                ;
; LPM_NREPRESENTATION    ; UNSIGNED       ; Untyped                ;
; LPM_DREPRESENTATION    ; UNSIGNED       ; Untyped                ;
; LPM_PIPELINE           ; 0              ; Untyped                ;
; LPM_REMAINDERPOSITIVE  ; TRUE           ; Untyped                ;
; MAXIMIZE_SPEED         ; 5              ; Untyped                ;
; CBXI_PARAMETER         ; lpm_divide_mhm ; Untyped                ;
; CARRY_CHAIN            ; MANUAL         ; Untyped                ;
; OPTIMIZE_FOR_SPEED     ; 5              ; Untyped                ;
; AUTO_CARRY_CHAINS      ; ON             ; AUTO_CARRY             ;
; IGNORE_CARRY_BUFFERS   ; OFF            ; IGNORE_CARRY           ;
; AUTO_CASCADE_CHAINS    ; ON             ; AUTO_CASCADE           ;
; IGNORE_CASCADE_BUFFERS ; OFF            ; IGNORE_CASCADE         ;
+------------------------+----------------+------------------------+
Note: In order to hide this table in the UI and the text report file, please set the "Show Parameter Settings in Synthesis Report" option in "Analysis and Synthesis Settings -> More Settings" to "Off".


+------------------------------------------------+
; Port Connectivity Checks: "lcd1602:U5"         ;
+--------------+-------+----------+--------------+
; Port         ; Type  ; Severity ; Details      ;
+--------------+-------+----------+--------------+
; data0[1..0]  ; Input ; Info     ; Stuck at GND ;
; data0[7]     ; Input ; Info     ; Stuck at GND ;
; data0[6]     ; Input ; Info     ; Stuck at VCC ;
; data0[5]     ; Input ; Info     ; Stuck at GND ;
; data0[4]     ; Input ; Info     ; Stuck at VCC ;
; data0[3]     ; Input ; Info     ; Stuck at GND ;
; data0[2]     ; Input ; Info     ; Stuck at VCC ;
; data1[5..3]  ; Input ; Info     ; Stuck at VCC ;
; data1[7..6]  ; Input ; Info     ; Stuck at GND ;
; data1[2]     ; Input ; Info     ; Stuck at GND ;
; data1[1]     ; Input ; Info     ; Stuck at VCC ;
; data1[0]     ; Input ; Info     ; Stuck at GND ;
; data4[3..1]  ; Input ; Info     ; Stuck at VCC ;
; data4[7..6]  ; Input ; Info     ; Stuck at GND ;
; data4[5]     ; Input ; Info     ; Stuck at VCC ;
; data4[4]     ; Input ; Info     ; Stuck at GND ;
; data4[0]     ; Input ; Info     ; Stuck at GND ;
; data6[7..6]  ; Input ; Info     ; Stuck at GND ;
; data6[4..0]  ; Input ; Info     ; Stuck at GND ;
; data6[5]     ; Input ; Info     ; Stuck at VCC ;
; data7[7..6]  ; Input ; Info     ; Stuck at GND ;
; data7[4..0]  ; Input ; Info     ; Stuck at GND ;
; data7[5]     ; Input ; Info     ; Stuck at VCC ;
; data8[5..4]  ; Input ; Info     ; Stuck at GND ;
; data8[2..0]  ; Input ; Info     ; Stuck at GND ;
; data8[7]     ; Input ; Info     ; Stuck at GND ;
; data8[6]     ; Input ; Info     ; Stuck at VCC ;
; data8[3]     ; Input ; Info     ; Stuck at VCC ;
; data9[5..3]  ; Input ; Info     ; Stuck at VCC ;
; data9[7..6]  ; Input ; Info     ; Stuck at GND ;
; data9[2]     ; Input ; Info     ; Stuck at GND ;
; data9[1]     ; Input ; Info     ; Stuck at VCC ;
; data9[0]     ; Input ; Info     ; Stuck at GND ;
; data13[7..6] ; Input ; Info     ; Stuck at GND ;
; data13[4..0] ; Input ; Info     ; Stuck at GND ;
; data13[5]    ; Input ; Info     ; Stuck at VCC ;
; data14[7..6] ; Input ; Info     ; Stuck at GND ;
; data14[4..0] ; Input ; Info     ; Stuck at GND ;
; data14[5]    ; Input ; Info     ; Stuck at VCC ;
; data15[7..6] ; Input ; Info     ; Stuck at GND ;
; data15[4..0] ; Input ; Info     ; Stuck at GND ;
; data15[5]    ; Input ; Info     ; Stuck at VCC ;
; data16[1..0] ; Input ; Info     ; Stuck at VCC ;
; data16[3..2] ; Input ; Info     ; Stuck at GND ;
; data16[7]    ; Input ; Info     ; Stuck at GND ;
; data16[6]    ; Input ; Info     ; Stuck at VCC ;
; data16[5]    ; Input ; Info     ; Stuck at GND ;
; data16[4]    ; Input ; Info     ; Stuck at VCC ;
; data17[5..3] ; Input ; Info     ; Stuck at VCC ;
; data17[7..6] ; Input ; Info     ; Stuck at GND ;
; data17[2]    ; Input ; Info     ; Stuck at GND ;
; data17[1]    ; Input ; Info     ; Stuck at VCC ;
; data17[0]    ; Input ; Info     ; Stuck at GND ;
; data21[7..6] ; Input ; Info     ; Stuck at GND ;
; data21[4..0] ; Input ; Info     ; Stuck at GND ;
; data21[5]    ; Input ; Info     ; Stuck at VCC ;
; data22[7..6] ; Input ; Info     ; Stuck at GND ;
; data22[4..0] ; Input ; Info     ; Stuck at GND ;
; data22[5]    ; Input ; Info     ; Stuck at VCC ;
; data23[7..6] ; Input ; Info     ; Stuck at GND ;
; data23[4..0] ; Input ; Info     ; Stuck at GND ;
; data23[5]    ; Input ; Info     ; Stuck at VCC ;
; data24[7..6] ; Input ; Info     ; Stuck at GND ;
; data24[4..0] ; Input ; Info     ; Stuck at GND ;
; data24[5]    ; Input ; Info     ; Stuck at VCC ;
; data25[7..6] ; Input ; Info     ; Stuck at GND ;
; data25[4..0] ; Input ; Info     ; Stuck at GND ;
; data25[5]    ; Input ; Info     ; Stuck at VCC ;
; data26[7..6] ; Input ; Info     ; Stuck at GND ;
; data26[4..0] ; Input ; Info     ; Stuck at GND ;
; data26[5]    ; Input ; Info     ; Stuck at VCC ;
; data27[7..6] ; Input ; Info     ; Stuck at GND ;
; data27[4..0] ; Input ; Info     ; Stuck at GND ;
; data27[5]    ; Input ; Info     ; Stuck at VCC ;
; data28[7..6] ; Input ; Info     ; Stuck at GND ;
; data28[4..0] ; Input ; Info     ; Stuck at GND ;
; data28[5]    ; Input ; Info     ; Stuck at VCC ;
; data29[7..6] ; Input ; Info     ; Stuck at GND ;
; data29[4..0] ; Input ; Info     ; Stuck at GND ;
; data29[5]    ; Input ; Info     ; Stuck at VCC ;
; data30[7..6] ; Input ; Info     ; Stuck at GND ;
; data30[4..0] ; Input ; Info     ; Stuck at GND ;
; data30[5]    ; Input ; Info     ; Stuck at VCC ;
; data31[7..6] ; Input ; Info     ; Stuck at GND ;
; data31[4..0] ; Input ; Info     ; Stuck at GND ;
; data31[5]    ; Input ; Info     ; Stuck at VCC ;
+--------------+-------+----------+--------------+


+-----------------------------------------------+
; Port Connectivity Checks: "ad:pcf8591"        ;
+-------------+-------+----------+--------------+
; Port        ; Type  ; Severity ; Details      ;
+-------------+-------+----------+--------------+
; controlword ; Input ; Info     ; Stuck at GND ;
; ren         ; Input ; Info     ; Stuck at VCC ;
+-------------+-------+----------+--------------+


+-------------------------------------------------------------------------------------------------------------------------+
; Port Connectivity Checks: "dht11:DHT11"                                                                                 ;
+---------------+--------+----------+-------------------------------------------------------------------------------------+
; Port          ; Type   ; Severity ; Details                                                                             ;
+---------------+--------+----------+-------------------------------------------------------------------------------------+
; data1[31..24] ; Output ; Info     ; Connected to dangling logic. Logic that only feeds a dangling port will be removed. ;
+---------------+--------+----------+-------------------------------------------------------------------------------------+


+------------------------------------------------------------------------------------------------------------------+
; Port Connectivity Checks: "DVF:dvf"                                                                              ;
+--------+--------+----------+-------------------------------------------------------------------------------------+
; Port   ; Type   ; Severity ; Details                                                                             ;
+--------+--------+----------+-------------------------------------------------------------------------------------+
; clkout ; Output ; Info     ; Connected to dangling logic. Logic that only feeds a dangling port will be removed. ;
+--------+--------+----------+-------------------------------------------------------------------------------------+


+----------------------------------------------------------------------------------------------------------------+
; Port Connectivity Checks: "esp8266_decode:decode"                                                              ;
+------+--------+----------+-------------------------------------------------------------------------------------+
; Port ; Type   ; Severity ; Details                                                                             ;
+------+--------+----------+-------------------------------------------------------------------------------------+
; data ; Output ; Info     ; Connected to dangling logic. Logic that only feeds a dangling port will be removed. ;
+------+--------+----------+-------------------------------------------------------------------------------------+


+---------------------------------------------------+
; Port Connectivity Checks: "esp8266_encode:encode" ;
+-----------------+-------+----------+--------------+
; Port            ; Type  ; Severity ; Details      ;
+-----------------+-------+----------+--------------+
; iTeData[13..12] ; Input ; Info     ; Stuck at VCC ;
; iTeData[5..4]   ; Input ; Info     ; Stuck at VCC ;
; iTeData[15..14] ; Input ; Info     ; Stuck at GND ;
; iTeData[7..6]   ; Input ; Info     ; Stuck at GND ;
; iHuData[5..4]   ; Input ; Info     ; Stuck at VCC ;
; iHuData[7..6]   ; Input ; Info     ; Stuck at GND ;
; iSmData[5..4]   ; Input ; Info     ; Stuck at VCC ;
; iSmData[7..6]   ; Input ; Info     ; Stuck at GND ;
+-----------------+-------+----------+--------------+


+-----------------------------------------------+
; Port Connectivity Checks: "clk_set:CLK_UART"  ;
+-------------+-------+----------+--------------+
; Port        ; Type  ; Severity ; Details      ;
+-------------+-------+----------+--------------+
; baud[4..3]  ; Input ; Info     ; Stuck at VCC ;
; baud[1..0]  ; Input ; Info     ; Stuck at VCC ;
; baud[15..5] ; Input ; Info     ; Stuck at GND ;
; baud[2]     ; Input ; Info     ; Stuck at GND ;
+-------------+-------+----------+--------------+


+-------------------------------+
; Elapsed Time Per Partition    ;
+----------------+--------------+
; Partition Name ; Elapsed Time ;
+----------------+--------------+
; Top            ; 00:00:04     ;
+----------------+--------------+


+-------------------------------+
; Analysis & Synthesis Messages ;
+-------------------------------+
Info: *******************************************************************
Info: Running Quartus II 64-Bit Analysis & Synthesis
    Info: Version 13.0.0 Build 156 04/24/2013 SJ Web Edition
    Info: Processing started: Thu May 30 15:27:04 2019
Info: Command: quartus_map --read_settings_files=on --write_settings_files=off lcd1602 -c lcd1602
Info (20030): Parallel compilation is enabled and will use 6 of the 6 processors detected
Info (12021): Found 1 design units, including 1 entities, in source file source/tb.v
    Info (12023): Found entity 1: tb
Info (12021): Found 1 design units, including 1 entities, in source file source/ad.v
    Info (12023): Found entity 1: ad
Info (12021): Found 1 design units, including 1 entities, in source file source/dvf.v
    Info (12023): Found entity 1: DVF
Info (12021): Found 1 design units, including 1 entities, in source file source/ds18b20.v
    Info (12023): Found entity 1: ds18b20
Info (12021): Found 1 design units, including 1 entities, in source file source/dht11.v
    Info (12023): Found entity 1: dht11
Warning (10229): Verilog HDL Expression warning at esp8266_encode.v(47): truncated literal to match 20 bits
Info (12021): Found 1 design units, including 1 entities, in source file source/esp8266_encode.v
    Info (12023): Found entity 1: esp8266_encode
Info (12021): Found 1 design units, including 1 entities, in source file source/esp8266_decode.v
    Info (12023): Found entity 1: esp8266_decode
Info (12021): Found 1 design units, including 1 entities, in source file source/clk_set.v
    Info (12023): Found entity 1: clk_set
Info (12021): Found 1 design units, including 1 entities, in source file source/lcd1602.v
    Info (12023): Found entity 1: lcd1602
Info (12021): Found 1 design units, including 1 entities, in source file source/uart_tx.v
    Info (12023): Found entity 1: uart_tx
Info (12021): Found 1 design units, including 1 entities, in source file source/uart_rx.v
    Info (12023): Found entity 1: uart_rx
Warning (10238): Verilog Module Declaration warning at top.v(10): ignored anonymous port(s) indicated by duplicate or dangling comma(s) in the port list for module "top"
Info (12021): Found 1 design units, including 1 entities, in source file source/top.v
    Info (12023): Found entity 1: top
Warning (10227): Verilog HDL Port Declaration warning at dht11.v(10): data type declaration for "data1" declares packed dimensions but the port declaration declaration does not
Info (10499): HDL info at dht11.v(4): see declaration for object "data1"
Info (12127): Elaborating entity "top" for the top level hierarchy
Warning (10230): Verilog HDL assignment warning at top.v(137): truncated value with size 32 to match size of target (8)
Warning (10230): Verilog HDL assignment warning at top.v(138): truncated value with size 32 to match size of target (8)
Warning (10230): Verilog HDL assignment warning at top.v(139): truncated value with size 32 to match size of target (8)
Warning (10230): Verilog HDL assignment warning at top.v(142): truncated value with size 32 to match size of target (8)
Warning (10230): Verilog HDL assignment warning at top.v(143): truncated value with size 32 to match size of target (8)
Warning (10230): Verilog HDL assignment warning at top.v(144): truncated value with size 32 to match size of target (8)
Warning (10230): Verilog HDL assignment warning at top.v(147): truncated value with size 32 to match size of target (8)
Warning (10230): Verilog HDL assignment warning at top.v(148): truncated value with size 32 to match size of target (8)
Warning (10230): Verilog HDL assignment warning at top.v(149): truncated value with size 32 to match size of target (8)
Info (12128): Elaborating entity "clk_set" for hierarchy "clk_set:CLK_UART"
Info (12128): Elaborating entity "esp8266_encode" for hierarchy "esp8266_encode:encode"
Info (12128): Elaborating entity "uart_tx" for hierarchy "uart_tx:module_tx_esp8266"
Info (12128): Elaborating entity "uart_rx" for hierarchy "uart_rx:module_rx_esp8266"
Info (12128): Elaborating entity "esp8266_decode" for hierarchy "esp8266_decode:decode"
Warning (10230): Verilog HDL assignment warning at esp8266_decode.v(41): truncated value with size 32 to match size of target (4)
Info (12128): Elaborating entity "DVF" for hierarchy "DVF:dvf"
Info (12128): Elaborating entity "dht11" for hierarchy "dht11:DHT11"
Warning (10036): Verilog HDL or VHDL warning at dht11.v(9): object "read_begin" assigned a value but never read
Warning (10036): Verilog HDL or VHDL warning at dht11.v(11): object "read_done" assigned a value but never read
Warning (10230): Verilog HDL assignment warning at dht11.v(202): truncated value with size 32 to match size of target (6)
Info (12128): Elaborating entity "ad" for hierarchy "ad:pcf8591"
Warning (10036): Verilog HDL or VHDL warning at ad.v(47): object "temp" assigned a value but never read
Info (12128): Elaborating entity "lcd1602" for hierarchy "lcd1602:U5"
Info (278001): Inferred 12 megafunctions from design logic
    Info (278004): Inferred divider/modulo megafunction ("lpm_divide") from the following logic: "Mod6"
    Info (278004): Inferred divider/modulo megafunction ("lpm_divide") from the following logic: "Mod2"
    Info (278004): Inferred divider/modulo megafunction ("lpm_divide") from the following logic: "Mod5"
    Info (278004): Inferred divider/modulo megafunction ("lpm_divide") from the following logic: "Div4"
    Info (278004): Inferred divider/modulo megafunction ("lpm_divide") from the following logic: "Mod1"
    Info (278004): Inferred divider/modulo megafunction ("lpm_divide") from the following logic: "Div3"
    Info (278004): Inferred divider/modulo megafunction ("lpm_divide") from the following logic: "Mod3"
    Info (278004): Inferred divider/modulo megafunction ("lpm_divide") from the following logic: "Div2"
    Info (278004): Inferred divider/modulo megafunction ("lpm_divide") from the following logic: "Mod4"
    Info (278004): Inferred divider/modulo megafunction ("lpm_divide") from the following logic: "Mod0"
    Info (278004): Inferred divider/modulo megafunction ("lpm_divide") from the following logic: "Div0"
    Info (278004): Inferred divider/modulo megafunction ("lpm_divide") from the following logic: "Div1"
Info (12130): Elaborated megafunction instantiation "lpm_divide:Mod6"
Info (12133): Instantiated megafunction "lpm_divide:Mod6" with the following parameter:
    Info (12134): Parameter "LPM_WIDTHN" = "8"
    Info (12134): Parameter "LPM_WIDTHD" = "4"
    Info (12134): Parameter "LPM_NREPRESENTATION" = "UNSIGNED"
    Info (12134): Parameter "LPM_DREPRESENTATION" = "UNSIGNED"
Info (12021): Found 1 design units, including 1 entities, in source file db/lpm_divide_m9m.tdf
    Info (12023): Found entity 1: lpm_divide_m9m
Info (12021): Found 1 design units, including 1 entities, in source file db/sign_div_unsign_bkh.tdf
    Info (12023): Found entity 1: sign_div_unsign_bkh
Info (12021): Found 1 design units, including 1 entities, in source file db/alt_u_div_a4f.tdf
    Info (12023): Found entity 1: alt_u_div_a4f
Info (12021): Found 1 design units, including 1 entities, in source file db/add_sub_7pc.tdf
    Info (12023): Found entity 1: add_sub_7pc
Info (12021): Found 1 design units, including 1 entities, in source file db/add_sub_8pc.tdf
    Info (12023): Found entity 1: add_sub_8pc
Info (12130): Elaborated megafunction instantiation "lpm_divide:Mod2"
Info (12133): Instantiated megafunction "lpm_divide:Mod2" with the following parameter:
    Info (12134): Parameter "LPM_WIDTHN" = "16"
    Info (12134): Parameter "LPM_WIDTHD" = "4"
    Info (12134): Parameter "LPM_NREPRESENTATION" = "UNSIGNED"
    Info (12134): Parameter "LPM_DREPRESENTATION" = "UNSIGNED"
Info (12021): Found 1 design units, including 1 entities, in source file db/lpm_divide_5bm.tdf
    Info (12023): Found entity 1: lpm_divide_5bm
Info (12021): Found 1 design units, including 1 entities, in source file db/sign_div_unsign_qlh.tdf
    Info (12023): Found entity 1: sign_div_unsign_qlh
Info (12021): Found 1 design units, including 1 entities, in source file db/alt_u_div_87f.tdf
    Info (12023): Found entity 1: alt_u_div_87f
Info (12130): Elaborated megafunction instantiation "lpm_divide:Mod5"
Info (12133): Instantiated megafunction "lpm_divide:Mod5" with the following parameter:
    Info (12134): Parameter "LPM_WIDTHN" = "8"
    Info (12134): Parameter "LPM_WIDTHD" = "7"
    Info (12134): Parameter "LPM_NREPRESENTATION" = "UNSIGNED"
    Info (12134): Parameter "LPM_DREPRESENTATION" = "UNSIGNED"
Info (12021): Found 1 design units, including 1 entities, in source file db/lpm_divide_p9m.tdf
    Info (12023): Found entity 1: lpm_divide_p9m
Info (12021): Found 1 design units, including 1 entities, in source file db/sign_div_unsign_ekh.tdf
    Info (12023): Found entity 1: sign_div_unsign_ekh
Info (12021): Found 1 design units, including 1 entities, in source file db/alt_u_div_g4f.tdf
    Info (12023): Found entity 1: alt_u_div_g4f
Info (12130): Elaborated megafunction instantiation "lpm_divide:Div4"
Info (12133): Instantiated megafunction "lpm_divide:Div4" with the following parameter:
    Info (12134): Parameter "LPM_WIDTHN" = "7"
    Info (12134): Parameter "LPM_WIDTHD" = "4"
    Info (12134): Parameter "LPM_NREPRESENTATION" = "UNSIGNED"
    Info (12134): Parameter "LPM_DREPRESENTATION" = "UNSIGNED"
Info (12021): Found 1 design units, including 1 entities, in source file db/lpm_divide_ihm.tdf
    Info (12023): Found entity 1: lpm_divide_ihm
Info (12021): Found 1 design units, including 1 entities, in source file db/sign_div_unsign_akh.tdf
    Info (12023): Found entity 1: sign_div_unsign_akh
Info (12021): Found 1 design units, including 1 entities, in source file db/alt_u_div_84f.tdf
    Info (12023): Found entity 1: alt_u_div_84f
Info (12130): Elaborated megafunction instantiation "lpm_divide:Div3"
Info (12133): Instantiated megafunction "lpm_divide:Div3" with the following parameter:
    Info (12134): Parameter "LPM_WIDTHN" = "8"
    Info (12134): Parameter "LPM_WIDTHD" = "7"
    Info (12134): Parameter "LPM_NREPRESENTATION" = "UNSIGNED"
    Info (12134): Parameter "LPM_DREPRESENTATION" = "UNSIGNED"
Info (12021): Found 1 design units, including 1 entities, in source file db/lpm_divide_mhm.tdf
    Info (12023): Found entity 1: lpm_divide_mhm
Info (13000): Registers with preset signals will power-up high
Info (13003): DEV_CLRn pin will set, and not reset, register with preset signal due to NOT Gate Push-Back
Warning (13024): Output pins are stuck at VCC or GND
    Warning (13410): Pin "lcd_rw" is stuck at GND
Info (286030): Timing-Driven Synthesis is running
Info (17049): 8 registers lost all their fanouts during netlist optimizations.
Info (144001): Generated suppressed messages file C:/Users/Gonglja/Desktop/TempCode/Verilog/Connect to my own server/output_files/lcd1602.map.smsg
Info (16010): Generating hard_block partition "hard_block:auto_generated_inst"
    Info (16011): Adding 0 node(s), including 0 DDIO, 0 PLL, 0 transceiver and 0 LCELL
Warning (21074): Design contains 1 input pin(s) that do not drive logic
    Warning (15610): No output dependent on input pin "rx_PC"
Info (21057): Implemented 1542 device resources after synthesis - the final resource count might be different
    Info (21058): Implemented 4 input pins
    Info (21059): Implemented 15 output pins
    Info (21060): Implemented 2 bidirectional pins
    Info (21061): Implemented 1521 logic cells
Info: Quartus II 64-Bit Analysis & Synthesis was successful. 0 errors, 21 warnings
    Info: Peak virtual memory: 4662 megabytes
    Info: Processing ended: Thu May 30 15:27:11 2019
    Info: Elapsed time: 00:00:07
    Info: Total CPU time (on all processors): 00:00:07


+------------------------------------------+
; Analysis & Synthesis Suppressed Messages ;
+------------------------------------------+
The suppressed messages can be found in C:/Users/Gonglja/Desktop/TempCode/Verilog/Connect to my own server/output_files/lcd1602.map.smsg.


