Analysis & Elaboration report for lcd1602
Fri Mar 22 16:24:28 2019
Quartus II 64-Bit Version 13.0.0 Build 156 04/24/2013 SJ Web Edition


---------------------
; Table of Contents ;
---------------------
  1. Legal Notice
  2. Analysis & Elaboration Summary
  3. Parallel Compilation
  4. Parameter Settings for User Entity Instance: Top-level Entity: |top
  5. Parameter Settings for User Entity Instance: lcd1602:U5
  6. Analysis & Elaboration Settings
  7. Port Connectivity Checks: "lcd1602:U5"
  8. Port Connectivity Checks: "ReceiveMessage_control:UU"
  9. Port Connectivity Checks: "clk_set:CLK_UART"
 10. Analysis & Elaboration Messages
 11. Analysis & Elaboration Suppressed Messages



----------------
; Legal Notice ;
----------------
Copyright (C) 1991-2013 Altera Corporation
Your use of Altera Corporation's design tools, logic functions 
and other software and tools, and its AMPP partner logic 
functions, and any output files from any of the foregoing 
(including device programming or simulation files), and any 
associated documentation or information are expressly subject 
to the terms and conditions of the Altera Program License 
Subscription Agreement, Altera MegaCore Function License 
Agreement, or other applicable license agreement, including, 
without limitation, that your use is for the sole purpose of 
programming logic devices manufactured by Altera and sold by 
Altera or its authorized distributors.  Please refer to the 
applicable agreement for further details.



+---------------------------------------------------------------------------------+
; Analysis & Elaboration Summary                                                  ;
+------------------------------------+--------------------------------------------+
; Analysis & Elaboration Status      ; Successful - Fri Mar 22 16:24:28 2019      ;
; Quartus II 64-Bit Version          ; 13.0.0 Build 156 04/24/2013 SJ Web Edition ;
; Revision Name                      ; lcd1602                                    ;
; Top-level Entity Name              ; top                                        ;
; Family                             ; Cyclone IV E                               ;
; Total logic elements               ; N/A until Partition Merge                  ;
;     Total combinational functions  ; N/A until Partition Merge                  ;
;     Dedicated logic registers      ; N/A until Partition Merge                  ;
; Total registers                    ; N/A until Partition Merge                  ;
; Total pins                         ; N/A until Partition Merge                  ;
; Total virtual pins                 ; N/A until Partition Merge                  ;
; Total memory bits                  ; N/A until Partition Merge                  ;
; Embedded Multiplier 9-bit elements ; N/A until Partition Merge                  ;
; Total PLLs                         ; N/A until Partition Merge                  ;
+------------------------------------+--------------------------------------------+


+------------------------------------------+
; Parallel Compilation                     ;
+----------------------------+-------------+
; Processors                 ; Number      ;
+----------------------------+-------------+
; Number detected on machine ; 6           ;
; Maximum allowed            ; 6           ;
;                            ;             ;
; Average used               ; 1.00        ;
; Maximum used               ; 1           ;
;                            ;             ;
; Usage by Processor         ; % Time Used ;
;     Processor 1            ; 100.0%      ;
;     Processors 2-6         ;   0.0%      ;
+----------------------------+-------------+


+---------------------------------------------------------------------+
; Parameter Settings for User Entity Instance: Top-level Entity: |top ;
+----------------+------------------+---------------------------------+
; Parameter Name ; Value            ; Type                            ;
+----------------+------------------+---------------------------------+
; BPS_9600       ; 0000000101000101 ; Unsigned Binary                 ;
; BPS_115200     ; 0000000000011011 ; Unsigned Binary                 ;
+----------------+------------------+---------------------------------+
Note: In order to hide this table in the UI and the text report file, please set the "Show Parameter Settings in Synthesis Report" option in "Analysis and Synthesis Settings -> More Settings" to "Off".


+---------------------------------------------------------+
; Parameter Settings for User Entity Instance: lcd1602:U5 ;
+----------------+----------+-----------------------------+
; Parameter Name ; Value    ; Type                        ;
+----------------+----------+-----------------------------+
; Mode_Set       ; 00111000 ; Unsigned Binary             ;
; Cursor_Set     ; 00001100 ; Unsigned Binary             ;
; Address_Set    ; 00000110 ; Unsigned Binary             ;
; Clear_Set      ; 00000001 ; Unsigned Binary             ;
+----------------+----------+-----------------------------+
Note: In order to hide this table in the UI and the text report file, please set the "Show Parameter Settings in Synthesis Report" option in "Analysis and Synthesis Settings -> More Settings" to "Off".


+----------------------------------------------------------------------------------------------------------------------+
; Analysis & Elaboration Settings                                                                                      ;
+----------------------------------------------------------------------------+--------------------+--------------------+
; Option                                                                     ; Setting            ; Default Value      ;
+----------------------------------------------------------------------------+--------------------+--------------------+
; Device                                                                     ; EP4CE6E22C8        ;                    ;
; Top-level entity name                                                      ; top                ; lcd1602            ;
; Family name                                                                ; Cyclone IV E       ; Cyclone V          ;
; Maximum processors allowed for parallel compilation                        ; All                ;                    ;
; Use smart compilation                                                      ; Off                ; Off                ;
; Enable parallel Assembler and TimeQuest Timing Analyzer during compilation ; On                 ; On                 ;
; Enable compact report table                                                ; Off                ; Off                ;
; Restructure Multiplexers                                                   ; Auto               ; Auto               ;
; Create Debugging Nodes for IP Cores                                        ; Off                ; Off                ;
; Preserve fewer node names                                                  ; On                 ; On                 ;
; Disable OpenCore Plus hardware evaluation                                  ; Off                ; Off                ;
; Verilog Version                                                            ; Verilog_2001       ; Verilog_2001       ;
; VHDL Version                                                               ; VHDL_1993          ; VHDL_1993          ;
; State Machine Processing                                                   ; Auto               ; Auto               ;
; Safe State Machine                                                         ; Off                ; Off                ;
; Extract Verilog State Machines                                             ; On                 ; On                 ;
; Extract VHDL State Machines                                                ; On                 ; On                 ;
; Ignore Verilog initial constructs                                          ; Off                ; Off                ;
; Iteration limit for constant Verilog loops                                 ; 5000               ; 5000               ;
; Iteration limit for non-constant Verilog loops                             ; 250                ; 250                ;
; Add Pass-Through Logic to Inferred RAMs                                    ; On                 ; On                 ;
; Infer RAMs from Raw Logic                                                  ; On                 ; On                 ;
; Parallel Synthesis                                                         ; On                 ; On                 ;
; DSP Block Balancing                                                        ; Auto               ; Auto               ;
; NOT Gate Push-Back                                                         ; On                 ; On                 ;
; Power-Up Don't Care                                                        ; On                 ; On                 ;
; Remove Redundant Logic Cells                                               ; Off                ; Off                ;
; Remove Duplicate Registers                                                 ; On                 ; On                 ;
; Ignore CARRY Buffers                                                       ; Off                ; Off                ;
; Ignore CASCADE Buffers                                                     ; Off                ; Off                ;
; Ignore GLOBAL Buffers                                                      ; Off                ; Off                ;
; Ignore ROW GLOBAL Buffers                                                  ; Off                ; Off                ;
; Ignore LCELL Buffers                                                       ; Off                ; Off                ;
; Ignore SOFT Buffers                                                        ; On                 ; On                 ;
; Limit AHDL Integers to 32 Bits                                             ; Off                ; Off                ;
; Optimization Technique                                                     ; Balanced           ; Balanced           ;
; Carry Chain Length                                                         ; 70                 ; 70                 ;
; Auto Carry Chains                                                          ; On                 ; On                 ;
; Auto Open-Drain Pins                                                       ; On                 ; On                 ;
; Perform WYSIWYG Primitive Resynthesis                                      ; Off                ; Off                ;
; Auto ROM Replacement                                                       ; On                 ; On                 ;
; Auto RAM Replacement                                                       ; On                 ; On                 ;
; Auto DSP Block Replacement                                                 ; On                 ; On                 ;
; Auto Shift Register Replacement                                            ; Auto               ; Auto               ;
; Allow Shift Register Merging across Hierarchies                            ; Auto               ; Auto               ;
; Auto Clock Enable Replacement                                              ; On                 ; On                 ;
; Strict RAM Replacement                                                     ; Off                ; Off                ;
; Allow Synchronous Control Signals                                          ; On                 ; On                 ;
; Force Use of Synchronous Clear Signals                                     ; Off                ; Off                ;
; Auto RAM Block Balancing                                                   ; On                 ; On                 ;
; Auto RAM to Logic Cell Conversion                                          ; Off                ; Off                ;
; Auto Resource Sharing                                                      ; Off                ; Off                ;
; Allow Any RAM Size For Recognition                                         ; Off                ; Off                ;
; Allow Any ROM Size For Recognition                                         ; Off                ; Off                ;
; Allow Any Shift Register Size For Recognition                              ; Off                ; Off                ;
; Use LogicLock Constraints during Resource Balancing                        ; On                 ; On                 ;
; Ignore translate_off and synthesis_off directives                          ; Off                ; Off                ;
; Timing-Driven Synthesis                                                    ; On                 ; On                 ;
; Report Parameter Settings                                                  ; On                 ; On                 ;
; Report Source Assignments                                                  ; On                 ; On                 ;
; Report Connectivity Checks                                                 ; On                 ; On                 ;
; Ignore Maximum Fan-Out Assignments                                         ; Off                ; Off                ;
; Synchronization Register Chain Length                                      ; 2                  ; 2                  ;
; PowerPlay Power Optimization                                               ; Normal compilation ; Normal compilation ;
; HDL message level                                                          ; Level2             ; Level2             ;
; Suppress Register Optimization Related Messages                            ; Off                ; Off                ;
; Number of Removed Registers Reported in Synthesis Report                   ; 5000               ; 5000               ;
; Number of Swept Nodes Reported in Synthesis Report                         ; 5000               ; 5000               ;
; Number of Inverted Registers Reported in Synthesis Report                  ; 100                ; 100                ;
; Clock MUX Protection                                                       ; On                 ; On                 ;
; Auto Gated Clock Conversion                                                ; Off                ; Off                ;
; Block Design Naming                                                        ; Auto               ; Auto               ;
; SDC constraint protection                                                  ; Off                ; Off                ;
; Synthesis Effort                                                           ; Auto               ; Auto               ;
; Shift Register Replacement - Allow Asynchronous Clear Signal               ; On                 ; On                 ;
; Pre-Mapping Resynthesis Optimization                                       ; Off                ; Off                ;
; Analysis & Synthesis Message Level                                         ; Medium             ; Medium             ;
; Disable Register Merging Across Hierarchies                                ; Auto               ; Auto               ;
; Resource Aware Inference For Block RAM                                     ; On                 ; On                 ;
; Synthesis Seed                                                             ; 1                  ; 1                  ;
+----------------------------------------------------------------------------+--------------------+--------------------+


+------------------------------------------------+
; Port Connectivity Checks: "lcd1602:U5"         ;
+--------------+-------+----------+--------------+
; Port         ; Type  ; Severity ; Details      ;
+--------------+-------+----------+--------------+
; data0[1..0]  ; Input ; Info     ; Stuck at VCC ;
; data0[5..2]  ; Input ; Info     ; Stuck at GND ;
; data0[7]     ; Input ; Info     ; Stuck at GND ;
; data0[6]     ; Input ; Info     ; Stuck at VCC ;
; data1[5..1]  ; Input ; Info     ; Stuck at GND ;
; data1[7]     ; Input ; Info     ; Stuck at GND ;
; data1[6]     ; Input ; Info     ; Stuck at VCC ;
; data1[0]     ; Input ; Info     ; Stuck at VCC ;
; data2[5..3]  ; Input ; Info     ; Stuck at VCC ;
; data2[7..6]  ; Input ; Info     ; Stuck at GND ;
; data2[2]     ; Input ; Info     ; Stuck at GND ;
; data2[1]     ; Input ; Info     ; Stuck at VCC ;
; data2[0]     ; Input ; Info     ; Stuck at GND ;
; data3[7..6]  ; Input ; Info     ; Stuck at GND ;
; data3[4..0]  ; Input ; Info     ; Stuck at GND ;
; data3[5]     ; Input ; Info     ; Stuck at VCC ;
; data4[7..6]  ; Input ; Info     ; Stuck at GND ;
; data4[4..0]  ; Input ; Info     ; Stuck at GND ;
; data4[5]     ; Input ; Info     ; Stuck at VCC ;
; data5[7..6]  ; Input ; Info     ; Stuck at GND ;
; data5[4..0]  ; Input ; Info     ; Stuck at GND ;
; data5[5]     ; Input ; Info     ; Stuck at VCC ;
; data6[7..6]  ; Input ; Info     ; Stuck at GND ;
; data6[4..0]  ; Input ; Info     ; Stuck at GND ;
; data6[5]     ; Input ; Info     ; Stuck at VCC ;
; data7[1..0]  ; Input ; Info     ; Stuck at VCC ;
; data7[3..2]  ; Input ; Info     ; Stuck at GND ;
; data7[7]     ; Input ; Info     ; Stuck at GND ;
; data7[6]     ; Input ; Info     ; Stuck at VCC ;
; data7[5]     ; Input ; Info     ; Stuck at GND ;
; data7[4]     ; Input ; Info     ; Stuck at VCC ;
; data8[5..1]  ; Input ; Info     ; Stuck at GND ;
; data8[7]     ; Input ; Info     ; Stuck at GND ;
; data8[6]     ; Input ; Info     ; Stuck at VCC ;
; data8[0]     ; Input ; Info     ; Stuck at VCC ;
; data9[5..3]  ; Input ; Info     ; Stuck at VCC ;
; data9[7..6]  ; Input ; Info     ; Stuck at GND ;
; data9[2]     ; Input ; Info     ; Stuck at GND ;
; data9[1]     ; Input ; Info     ; Stuck at VCC ;
; data9[0]     ; Input ; Info     ; Stuck at GND ;
; data10[7..6] ; Input ; Info     ; Stuck at GND ;
; data10[4..0] ; Input ; Info     ; Stuck at GND ;
; data10[5]    ; Input ; Info     ; Stuck at VCC ;
; data11[7..6] ; Input ; Info     ; Stuck at GND ;
; data11[4..0] ; Input ; Info     ; Stuck at GND ;
; data11[5]    ; Input ; Info     ; Stuck at VCC ;
; data12[7..6] ; Input ; Info     ; Stuck at GND ;
; data12[4..0] ; Input ; Info     ; Stuck at GND ;
; data12[5]    ; Input ; Info     ; Stuck at VCC ;
; data13[7..6] ; Input ; Info     ; Stuck at GND ;
; data13[4..0] ; Input ; Info     ; Stuck at GND ;
; data13[5]    ; Input ; Info     ; Stuck at VCC ;
; data14[7..6] ; Input ; Info     ; Stuck at GND ;
; data14[4..0] ; Input ; Info     ; Stuck at GND ;
; data14[5]    ; Input ; Info     ; Stuck at VCC ;
; data15[7..6] ; Input ; Info     ; Stuck at GND ;
; data15[4..0] ; Input ; Info     ; Stuck at GND ;
; data15[5]    ; Input ; Info     ; Stuck at VCC ;
; data16[3..2] ; Input ; Info     ; Stuck at GND ;
; data16[7]    ; Input ; Info     ; Stuck at GND ;
; data16[6]    ; Input ; Info     ; Stuck at VCC ;
; data16[5]    ; Input ; Info     ; Stuck at GND ;
; data16[4]    ; Input ; Info     ; Stuck at VCC ;
; data16[1]    ; Input ; Info     ; Stuck at VCC ;
; data16[0]    ; Input ; Info     ; Stuck at GND ;
; data17[5..3] ; Input ; Info     ; Stuck at VCC ;
; data17[7..6] ; Input ; Info     ; Stuck at GND ;
; data17[2]    ; Input ; Info     ; Stuck at GND ;
; data17[1]    ; Input ; Info     ; Stuck at VCC ;
; data17[0]    ; Input ; Info     ; Stuck at GND ;
; data18[7..6] ; Input ; Info     ; Stuck at GND ;
; data18[4..0] ; Input ; Info     ; Stuck at GND ;
; data18[5]    ; Input ; Info     ; Stuck at VCC ;
; data19[7..6] ; Input ; Info     ; Stuck at GND ;
; data19[4..0] ; Input ; Info     ; Stuck at GND ;
; data19[5]    ; Input ; Info     ; Stuck at VCC ;
; data20[7..6] ; Input ; Info     ; Stuck at GND ;
; data20[4..0] ; Input ; Info     ; Stuck at GND ;
; data20[5]    ; Input ; Info     ; Stuck at VCC ;
; data21[7..6] ; Input ; Info     ; Stuck at GND ;
; data21[4..0] ; Input ; Info     ; Stuck at GND ;
; data21[5]    ; Input ; Info     ; Stuck at VCC ;
; data22[5..1] ; Input ; Info     ; Stuck at GND ;
; data22[7]    ; Input ; Info     ; Stuck at GND ;
; data22[6]    ; Input ; Info     ; Stuck at VCC ;
; data22[0]    ; Input ; Info     ; Stuck at VCC ;
; data23[5..3] ; Input ; Info     ; Stuck at VCC ;
; data23[7..6] ; Input ; Info     ; Stuck at GND ;
; data23[2]    ; Input ; Info     ; Stuck at GND ;
; data23[1]    ; Input ; Info     ; Stuck at VCC ;
; data23[0]    ; Input ; Info     ; Stuck at GND ;
; data24[7..6] ; Input ; Info     ; Stuck at GND ;
; data24[4..0] ; Input ; Info     ; Stuck at GND ;
; data24[5]    ; Input ; Info     ; Stuck at VCC ;
; data25[7..6] ; Input ; Info     ; Stuck at GND ;
; data25[4..0] ; Input ; Info     ; Stuck at GND ;
; data25[5]    ; Input ; Info     ; Stuck at VCC ;
; data26[7..6] ; Input ; Info     ; Stuck at GND ;
; data26[4..0] ; Input ; Info     ; Stuck at GND ;
; data26[5]    ; Input ; Info     ; Stuck at VCC ;
; data27[7..6] ; Input ; Info     ; Stuck at GND ;
; data27[4..0] ; Input ; Info     ; Stuck at GND ;
; data27[5]    ; Input ; Info     ; Stuck at VCC ;
; data28[7..6] ; Input ; Info     ; Stuck at GND ;
; data28[4..0] ; Input ; Info     ; Stuck at GND ;
; data28[5]    ; Input ; Info     ; Stuck at VCC ;
; data29[7..6] ; Input ; Info     ; Stuck at GND ;
; data29[4..0] ; Input ; Info     ; Stuck at GND ;
; data29[5]    ; Input ; Info     ; Stuck at VCC ;
; data30[7..6] ; Input ; Info     ; Stuck at GND ;
; data30[4..0] ; Input ; Info     ; Stuck at GND ;
; data30[5]    ; Input ; Info     ; Stuck at VCC ;
; data31[7..6] ; Input ; Info     ; Stuck at GND ;
; data31[4..0] ; Input ; Info     ; Stuck at GND ;
; data31[5]    ; Input ; Info     ; Stuck at VCC ;
+--------------+-------+----------+--------------+


+-----------------------------------------------------------------------------------------------------------------------+
; Port Connectivity Checks: "ReceiveMessage_control:UU"                                                                 ;
+-------------+--------+----------+-------------------------------------------------------------------------------------+
; Port        ; Type   ; Severity ; Details                                                                             ;
+-------------+--------+----------+-------------------------------------------------------------------------------------+
; SetAngleOut ; Output ; Info     ; Connected to dangling logic. Logic that only feeds a dangling port will be removed. ;
+-------------+--------+----------+-------------------------------------------------------------------------------------+


+-----------------------------------------------+
; Port Connectivity Checks: "clk_set:CLK_UART"  ;
+-------------+-------+----------+--------------+
; Port        ; Type  ; Severity ; Details      ;
+-------------+-------+----------+--------------+
; baud[4..3]  ; Input ; Info     ; Stuck at VCC ;
; baud[1..0]  ; Input ; Info     ; Stuck at VCC ;
; baud[15..5] ; Input ; Info     ; Stuck at GND ;
; baud[2]     ; Input ; Info     ; Stuck at GND ;
+-------------+-------+----------+--------------+


+---------------------------------+
; Analysis & Elaboration Messages ;
+---------------------------------+
Info: *******************************************************************
Info: Running Quartus II 64-Bit Analysis & Elaboration
    Info: Version 13.0.0 Build 156 04/24/2013 SJ Web Edition
    Info: Processing started: Fri Mar 22 16:24:27 2019
Info: Command: quartus_map --read_settings_files=on --write_settings_files=off lcd1602 -c lcd1602 --analysis_and_elaboration
Info (20030): Parallel compilation is enabled and will use 6 of the 6 processors detected
Info (12021): Found 1 design units, including 1 entities, in source file source/esp8266_encode.v
    Info (12023): Found entity 1: esp8266_encode
Info (12021): Found 1 design units, including 1 entities, in source file source/esp8266_decode.v
    Info (12023): Found entity 1: esp8266_decode
Info (12021): Found 1 design units, including 1 entities, in source file source/clk_set.v
    Info (12023): Found entity 1: clk_set
Info (12021): Found 1 design units, including 1 entities, in source file source/lcd1602.v
    Info (12023): Found entity 1: lcd1602
Info (12021): Found 1 design units, including 1 entities, in source file source/uart_tx.v
    Info (12023): Found entity 1: uart_tx
Info (12021): Found 1 design units, including 1 entities, in source file source/uart_rx.v
    Info (12023): Found entity 1: uart_rx
Warning (10238): Verilog Module Declaration warning at top.v(6): ignored anonymous port(s) indicated by duplicate or dangling comma(s) in the port list for module "top"
Info (12021): Found 1 design units, including 1 entities, in source file source/top.v
    Info (12023): Found entity 1: top
Info (12021): Found 1 design units, including 1 entities, in source file source/receivemessage_control.v
    Info (12023): Found entity 1: ReceiveMessage_control
Info (12127): Elaborating entity "top" for the top level hierarchy
Info (12128): Elaborating entity "clk_set" for hierarchy "clk_set:CLK_UART"
Info (12128): Elaborating entity "esp8266_encode" for hierarchy "esp8266_encode:encode"
Warning (10036): Verilog HDL or VHDL warning at esp8266_encode.v(32): object "str" assigned a value but never read
Warning (10230): Verilog HDL assignment warning at esp8266_encode.v(52): truncated value with size 32 to match size of target (16)
Warning (10230): Verilog HDL assignment warning at esp8266_encode.v(62): truncated value with size 32 to match size of target (16)
Warning (10230): Verilog HDL assignment warning at esp8266_encode.v(65): truncated value with size 32 to match size of target (16)
Warning (10240): Verilog HDL Always Construct warning at esp8266_encode.v(35): inferring latch(es) for variable "send_done", which holds its previous value in one or more paths through the always construct
Info (10041): Inferred latch for "send_done" at esp8266_encode.v(35)
Info (12128): Elaborating entity "uart_tx" for hierarchy "uart_tx:module_tx_esp8266"
Info (12128): Elaborating entity "uart_rx" for hierarchy "uart_rx:module_rx_esp8266"
Info (12128): Elaborating entity "esp8266_decode" for hierarchy "esp8266_decode:decode"
Warning (10230): Verilog HDL assignment warning at esp8266_decode.v(41): truncated value with size 32 to match size of target (4)
Info (12128): Elaborating entity "ReceiveMessage_control" for hierarchy "ReceiveMessage_control:UU"
Warning (10230): Verilog HDL assignment warning at ReceiveMessage_control.v(14): truncated value with size 32 to match size of target (13)
Info (12128): Elaborating entity "lcd1602" for hierarchy "lcd1602:U5"
Info (144001): Generated suppressed messages file D:/Data/git/Graduation project/Client/FPGA/ESP8266/Prj/output_files/lcd1602.map.smsg
Info: Quartus II 64-Bit Analysis & Elaboration was successful. 0 errors, 8 warnings
    Info: Peak virtual memory: 4588 megabytes
    Info: Processing ended: Fri Mar 22 16:24:28 2019
    Info: Elapsed time: 00:00:01
    Info: Total CPU time (on all processors): 00:00:01


+--------------------------------------------+
; Analysis & Elaboration Suppressed Messages ;
+--------------------------------------------+
The suppressed messages can be found in D:/Data/git/Graduation project/Client/FPGA/ESP8266/Prj/output_files/lcd1602.map.smsg.


